# JRE version: OpenJDK Runtime Environment Temurin-17.0.16+8 (17.0.16+8) (build 17.0.16+8)
# Java VM: OpenJDK 64-Bit Server VM Temurin-17.0.16+8 (17.0.16+8, mixed mode, sharing, tiered, compressed oops, compressed class ptrs, g1 gc, windows-amd64)
GC Precious Log:
 CPUs: 8 total, 8 available
 Memory: 5965M
 Large Page Support: Disabled
 NUMA Support: Disabled
 Compressed Oops: Enabled (32-bit)
 Heap Region Size: 1M
 Heap Min Capacity: 8M
 Heap Initial Capacity: 94M
 Heap Max Capacity: 1492M
 Pre-touch: Disabled
 Parallel Workers: 8
 Concurrent Workers: 2
 Concurrent Refinement Workers: 8
 Periodic GC: Disabled
Heap:
 garbage-first heap   total 68608K, used 37640K [0x00000000a2c00000, 0x0000000100000000)
  region size 1024K, 2 young (2048K), 2 survivors (2048K)
 Metaspace       used 44626K, committed 44864K, reserved 1114112K
  class space    used 5537K, committed 5632K, reserved 1048576K
GC Heap History (20 events):
Event: 0.952 GC heap after
{Heap after GC invocations=1 (full 0):
 garbage-first heap   total 96256K, used 6912K [0x00000000a2c00000, 0x0000000100000000)
  region size 1024K, 3 young (3072K), 3 survivors (3072K)
 Metaspace       used 6468K, committed 6656K, reserved 1114112K
  class space    used 652K, committed 768K, reserved 1048576K
}
Event: 2.308 GC heap before
{Heap before GC invocations=1 (full 0):
 garbage-first heap   total 96256K, used 39680K [0x00000000a2c00000, 0x0000000100000000)
  region size 1024K, 35 young (35840K), 3 survivors (3072K)
 Metaspace       used 13492K, committed 13760K, reserved 1114112K
  class space    used 1543K, committed 1664K, reserved 1048576K
}
Event: 2.319 GC heap after
{Heap after GC invocations=2 (full 0):
 garbage-first heap   total 96256K, used 10299K [0x00000000a2c00000, 0x0000000100000000)
  region size 1024K, 4 young (4096K), 4 survivors (4096K)
 Metaspace       used 13492K, committed 13760K, reserved 1114112K
  class space    used 1543K, committed 1664K, reserved 1048576K
}
Event: 3.831 GC heap before
{Heap before GC invocations=2 (full 0):
 garbage-first heap   total 96256K, used 42043K [0x00000000a2c00000, 0x0000000100000000)
  region size 1024K, 32 young (32768K), 4 survivors (4096K)
 Metaspace       used 21267K, committed 21504K, reserved 1114112K
  class space    used 2739K, committed 2880K, reserved 1048576K
}
Event: 3.841 GC heap after
{Heap after GC invocations=3 (full 0):
 garbage-first heap   total 96256K, used 16652K [0x00000000a2c00000, 0x0000000100000000)
  region size 1024K, 6 young (6144K), 6 survivors (6144K)
 Metaspace       used 21267K, committed 21504K, reserved 1114112K
  class space    used 2739K, committed 2880K, reserved 1048576K
}
Event: 4.891 GC heap before
{Heap before GC invocations=4 (full 0):
 garbage-first heap   total 61440K, used 49420K [0x00000000a2c00000, 0x0000000100000000)
  region size 1024K, 36 young (36864K), 6 survivors (6144K)
 Metaspace       used 25765K, committed 25920K, reserved 1114112K
  class space    used 3443K, committed 3520K, reserved 1048576K
}
Event: 4.914 GC heap after
{Heap after GC invocations=5 (full 0):
 garbage-first heap   total 61440K, used 24011K [0x00000000a2c00000, 0x0000000100000000)
  region size 1024K, 5 young (5120K), 5 survivors (5120K)
 Metaspace       used 25765K, committed 25920K, reserved 1114112K
  class space    used 3443K, committed 3520K, reserved 1048576K
}
Event: 4.941 GC heap before
{Heap before GC invocations=5 (full 0):
 garbage-first heap   total 61440K, used 24011K [0x00000000a2c00000, 0x0000000100000000)
  region size 1024K, 6 young (6144K), 5 survivors (5120K)
 Metaspace       used 25862K, committed 26176K, reserved 1114112K
  class space    used 3450K, committed 3584K, reserved 1048576K
}
Event: 4.950 GC heap after
{Heap after GC invocations=6 (full 0):
 garbage-first heap   total 61440K, used 25517K [0x00000000a2c00000, 0x0000000100000000)
  region size 1024K, 1 young (1024K), 1 survivors (1024K)
 Metaspace       used 25862K, committed 26176K, reserved 1114112K
  class space    used 3450K, committed 3584K, reserved 1048576K
}
Event: 5.810 GC heap before
{Heap before GC invocations=6 (full 0):
 garbage-first heap   total 61440K, used 45997K [0x00000000a2c00000, 0x0000000100000000)
  region size 1024K, 22 young (22528K), 1 survivors (1024K)
 Metaspace       used 29805K, committed 30016K, reserved 1114112K
  class space    used 3871K, committed 3968K, reserved 1048576K
}
Event: 5.817 GC heap after
{Heap after GC invocations=7 (full 0):
 garbage-first heap   total 61440K, used 26112K [0x00000000a2c00000, 0x0000000100000000)
  region size 1024K, 3 young (3072K), 3 survivors (3072K)
 Metaspace       used 29805K, committed 30016K, reserved 1114112K
  class space    used 3871K, committed 3968K, reserved 1048576K
}
Event: 6.484 GC heap before
{Heap before GC invocations=7 (full 0):
 garbage-first heap   total 61440K, used 45568K [0x00000000a2c00000, 0x0000000100000000)
  region size 1024K, 23 young (23552K), 3 survivors (3072K)
 Metaspace       used 33965K, committed 34240K, reserved 1114112K
  class space    used 4232K, committed 4352K, reserved 1048576K
}
Event: 6.491 GC heap after
{Heap after GC invocations=8 (full 0):
 garbage-first heap   total 61440K, used 28068K [0x00000000a2c00000, 0x0000000100000000)
  region size 1024K, 2 young (2048K), 2 survivors (2048K)
 Metaspace       used 33965K, committed 34240K, reserved 1114112K
  class space    used 4232K, committed 4352K, reserved 1048576K
}
Event: 6.848 GC heap before
{Heap before GC invocations=8 (full 0):
 garbage-first heap   total 61440K, used 33188K [0x00000000a2c00000, 0x0000000100000000)
  region size 1024K, 8 young (8192K), 2 survivors (2048K)
 Metaspace       used 35713K, committed 35904K, reserved 1114112K
  class space    used 4409K, committed 4480K, reserved 1048576K
}
Event: 6.853 GC heap after
{Heap after GC invocations=9 (full 0):
 garbage-first heap   total 61440K, used 28387K [0x00000000a2c00000, 0x0000000100000000)
  region size 1024K, 1 young (1024K), 1 survivors (1024K)
 Metaspace       used 35713K, committed 35904K, reserved 1114112K
  class space    used 4409K, committed 4480K, reserved 1048576K
}
Event: 7.943 GC heap before
{Heap before GC invocations=10 (full 0):
 garbage-first heap   total 61440K, used 41699K [0x00000000a2c00000, 0x0000000100000000)
  region size 1024K, 15 young (15360K), 1 survivors (1024K)
 Metaspace       used 38416K, committed 38656K, reserved 1114112K
  class space    used 4735K, committed 4800K, reserved 1048576K
}
Event: 7.951 GC heap after
{Heap after GC invocations=11 (full 0):
 garbage-first heap   total 61440K, used 30312K [0x00000000a2c00000, 0x0000000100000000)
  region size 1024K, 3 young (3072K), 3 survivors (3072K)
 Metaspace       used 38416K, committed 38656K, reserved 1114112K
  class space    used 4735K, committed 4800K, reserved 1048576K
}
Event: 8.984 GC heap before
{Heap before GC invocations=11 (full 0):
 garbage-first heap   total 61440K, used 48744K [0x00000000a2c00000, 0x0000000100000000)
  region size 1024K, 20 young (20480K), 3 survivors (3072K)
 Metaspace       used 41081K, committed 41280K, reserved 1114112K
  class space    used 5014K, committed 5120K, reserved 1048576K
}
Event: 8.998 GC heap after
{Heap after GC invocations=12 (full 0):
 garbage-first heap   total 61440K, used 35840K [0x00000000a2c00000, 0x0000000100000000)
  region size 1024K, 3 young (3072K), 3 survivors (3072K)
 Metaspace       used 41081K, committed 41280K, reserved 1114112K
  class space    used 5014K, committed 5120K, reserved 1048576K
}
Event: 9.635 GC heap before
{Heap before GC invocations=12 (full 0):
 garbage-first heap   total 61440K, used 49152K [0x00000000a2c00000, 0x0000000100000000)
  region size 1024K, 16 young (16384K), 3 survivors (3072K)
 Metaspace       used 44626K, committed 44864K, reserved 1114112K
  class space    used 5537K, committed 5632K, reserved 1048576K
}

