# JRE version: OpenJDK Runtime Environment Temurin-17.0.16+8 (17.0.16+8) (build 17.0.16+8)
# Java VM: OpenJDK 64-Bit Server VM Temurin-17.0.16+8 (17.0.16+8, mixed mode, sharing, tiered, compressed oops, compressed class ptrs, g1 gc, windows-amd64)
GC Precious Log:
 CPUs: 8 total, 8 available
 Memory: 5965M
 Large Page Support: Disabled
 NUMA Support: Disabled
 Compressed Oops: Enabled (32-bit)
 Heap Region Size: 1M
 Heap Min Capacity: 8M
 Heap Initial Capacity: 94M
 Heap Max Capacity: 2G
 Pre-touch: Disabled
 Parallel Workers: 8
 Concurrent Workers: 2
 Concurrent Refinement Workers: 8
 Periodic GC: Disabled
Heap:
 garbage-first heap   total 299008K, used 264802K [0x0000000080000000, 0x0000000100000000)
  region size 1024K, 10 young (10240K), 2 survivors (2048K)
 Metaspace       used 119355K, committed 120704K, reserved 557056K
  class space    used 16179K, committed 16768K, reserved 425984K
GC Heap History (20 events):
Event: 120.510 GC heap before
{Heap before GC invocations=85 (full 0):
 garbage-first heap   total 299008K, used 264637K [0x0000000080000000, 0x0000000100000000)
  region size 1024K, 14 young (14336K), 2 survivors (2048K)
 Metaspace       used 118431K, committed 119808K, reserved 557056K
  class space    used 16154K, committed 16768K, reserved 425984K
}
Event: 120.514 GC heap after
{Heap after GC invocations=86 (full 0):
 garbage-first heap   total 299008K, used 253301K [0x0000000080000000, 0x0000000100000000)
  region size 1024K, 1 young (1024K), 1 survivors (1024K)
 Metaspace       used 118431K, committed 119808K, reserved 557056K
  class space    used 16154K, committed 16768K, reserved 425984K
}
Event: 120.916 GC heap before
{Heap before GC invocations=86 (full 0):
 garbage-first heap   total 299008K, used 266613K [0x0000000080000000, 0x0000000100000000)
  region size 1024K, 14 young (14336K), 1 survivors (1024K)
 Metaspace       used 118697K, committed 120064K, reserved 557056K
  class space    used 16155K, committed 16768K, reserved 425984K
}
Event: 120.919 GC heap after
{Heap after GC invocations=87 (full 0):
 garbage-first heap   total 299008K, used 253619K [0x0000000080000000, 0x0000000100000000)
  region size 1024K, 2 young (2048K), 2 survivors (2048K)
 Metaspace       used 118697K, committed 120064K, reserved 557056K
  class space    used 16155K, committed 16768K, reserved 425984K
}
Event: 121.138 GC heap before
{Heap before GC invocations=87 (full 0):
 garbage-first heap   total 299008K, used 265907K [0x0000000080000000, 0x0000000100000000)
  region size 1024K, 14 young (14336K), 2 survivors (2048K)
 Metaspace       used 118803K, committed 120128K, reserved 557056K
  class space    used 16155K, committed 16768K, reserved 425984K
}
Event: 121.141 GC heap after
{Heap after GC invocations=88 (full 0):
 garbage-first heap   total 299008K, used 254060K [0x0000000080000000, 0x0000000100000000)
  region size 1024K, 1 young (1024K), 1 survivors (1024K)
 Metaspace       used 118803K, committed 120128K, reserved 557056K
  class space    used 16155K, committed 16768K, reserved 425984K
}
Event: 121.520 GC heap before
{Heap before GC invocations=88 (full 0):
 garbage-first heap   total 299008K, used 266348K [0x0000000080000000, 0x0000000100000000)
  region size 1024K, 14 young (14336K), 1 survivors (1024K)
 Metaspace       used 118980K, committed 120384K, reserved 557056K
  class space    used 16168K, committed 16768K, reserved 425984K
}
Event: 121.523 GC heap after
{Heap after GC invocations=89 (full 0):
 garbage-first heap   total 299008K, used 254745K [0x0000000080000000, 0x0000000100000000)
  region size 1024K, 2 young (2048K), 2 survivors (2048K)
 Metaspace       used 118980K, committed 120384K, reserved 557056K
  class space    used 16168K, committed 16768K, reserved 425984K
}
Event: 122.788 GC heap before
{Heap before GC invocations=89 (full 0):
 garbage-first heap   total 299008K, used 267033K [0x0000000080000000, 0x0000000100000000)
  region size 1024K, 14 young (14336K), 2 survivors (2048K)
 Metaspace       used 119066K, committed 120448K, reserved 557056K
  class space    used 16179K, committed 16768K, reserved 425984K
}
Event: 122.791 GC heap after
{Heap after GC invocations=90 (full 0):
 garbage-first heap   total 299008K, used 255162K [0x0000000080000000, 0x0000000100000000)
  region size 1024K, 2 young (2048K), 2 survivors (2048K)
 Metaspace       used 119066K, committed 120448K, reserved 557056K
  class space    used 16179K, committed 16768K, reserved 425984K
}
Event: 122.994 GC heap before
{Heap before GC invocations=90 (full 0):
 garbage-first heap   total 299008K, used 267450K [0x0000000080000000, 0x0000000100000000)
  region size 1024K, 14 young (14336K), 2 survivors (2048K)
 Metaspace       used 119133K, committed 120512K, reserved 557056K
  class space    used 16179K, committed 16768K, reserved 425984K
}
Event: 122.997 GC heap after
{Heap after GC invocations=91 (full 0):
 garbage-first heap   total 299008K, used 255822K [0x0000000080000000, 0x0000000100000000)
  region size 1024K, 2 young (2048K), 2 survivors (2048K)
 Metaspace       used 119133K, committed 120512K, reserved 557056K
  class space    used 16179K, committed 16768K, reserved 425984K
}
Event: 123.074 GC heap before
{Heap before GC invocations=91 (full 0):
 garbage-first heap   total 299008K, used 268110K [0x0000000080000000, 0x0000000100000000)
  region size 1024K, 14 young (14336K), 2 survivors (2048K)
 Metaspace       used 119161K, committed 120512K, reserved 557056K
  class space    used 16179K, committed 16768K, reserved 425984K
}
Event: 123.077 GC heap after
{Heap after GC invocations=92 (full 0):
 garbage-first heap   total 299008K, used 256319K [0x0000000080000000, 0x0000000100000000)
  region size 1024K, 2 young (2048K), 2 survivors (2048K)
 Metaspace       used 119161K, committed 120512K, reserved 557056K
  class space    used 16179K, committed 16768K, reserved 425984K
}
Event: 123.255 GC heap before
{Heap before GC invocations=92 (full 0):
 garbage-first heap   total 299008K, used 268607K [0x0000000080000000, 0x0000000100000000)
  region size 1024K, 14 young (14336K), 2 survivors (2048K)
 Metaspace       used 119203K, committed 120576K, reserved 557056K
  class space    used 16179K, committed 16768K, reserved 425984K
}
Event: 123.258 GC heap after
{Heap after GC invocations=93 (full 0):
 garbage-first heap   total 299008K, used 256967K [0x0000000080000000, 0x0000000100000000)
  region size 1024K, 2 young (2048K), 2 survivors (2048K)
 Metaspace       used 119203K, committed 120576K, reserved 557056K
  class space    used 16179K, committed 16768K, reserved 425984K
}
Event: 123.562 GC heap before
{Heap before GC invocations=93 (full 0):
 garbage-first heap   total 299008K, used 269255K [0x0000000080000000, 0x0000000100000000)
  region size 1024K, 14 young (14336K), 2 survivors (2048K)
 Metaspace       used 119223K, committed 120576K, reserved 557056K
  class space    used 16179K, committed 16768K, reserved 425984K
}
Event: 123.565 GC heap after
{Heap after GC invocations=94 (full 0):
 garbage-first heap   total 299008K, used 257215K [0x0000000080000000, 0x0000000100000000)
  region size 1024K, 2 young (2048K), 2 survivors (2048K)
 Metaspace       used 119223K, committed 120576K, reserved 557056K
  class space    used 16179K, committed 16768K, reserved 425984K
}
Event: 124.385 GC heap before
{Heap before GC invocations=94 (full 0):
 garbage-first heap   total 299008K, used 269503K [0x0000000080000000, 0x0000000100000000)
  region size 1024K, 14 young (14336K), 2 survivors (2048K)
 Metaspace       used 119289K, committed 120640K, reserved 557056K
  class space    used 16179K, committed 16768K, reserved 425984K
}
Event: 124.390 GC heap after
{Heap after GC invocations=95 (full 0):
 garbage-first heap   total 299008K, used 257634K [0x0000000080000000, 0x0000000100000000)
  region size 1024K, 2 young (2048K), 2 survivors (2048K)
 Metaspace       used 119289K, committed 120640K, reserved 557056K
  class space    used 16179K, committed 16768K, reserved 425984K
}

