# JRE version: OpenJDK Runtime Environment Temurin-17.0.16+8 (17.0.16+8) (build 17.0.16+8)
# Java VM: OpenJDK 64-Bit Server VM Temurin-17.0.16+8 (17.0.16+8, mixed mode, sharing, tiered, compressed oops, compressed class ptrs, g1 gc, windows-amd64)
GC Precious Log:
 CPUs: 8 total, 8 available
 Memory: 5965M
 Large Page Support: Disabled
 NUMA Support: Disabled
 Compressed Oops: Enabled (32-bit)
 Heap Region Size: 1M
 Heap Min Capacity: 8M
 Heap Initial Capacity: 94M
 Heap Max Capacity: 1492M
 Pre-touch: Disabled
 Parallel Workers: 8
 Concurrent Workers: 2
 Concurrent Refinement Workers: 8
 Periodic GC: Disabled
Heap:
 garbage-first heap   total 168960K, used 122654K [0x00000000a2c00000, 0x0000000100000000)
  region size 1024K, 29 young (29696K), 1 survivors (1024K)
 Metaspace       used 61289K, committed 61632K, reserved 1114112K
  class space    used 6903K, committed 7104K, reserved 1048576K
GC Heap History (20 events):
Event: 20.484 GC heap before
{Heap before GC invocations=17 (full 0):
 garbage-first heap   total 102400K, used 82468K [0x00000000a2c00000, 0x0000000100000000)
  region size 1024K, 23 young (23552K), 4 survivors (4096K)
 Metaspace       used 53005K, committed 53312K, reserved 1114112K
  class space    used 6262K, committed 6400K, reserved 1048576K
}
Event: 20.494 GC heap after
{Heap after GC invocations=18 (full 0):
 garbage-first heap   total 102400K, used 66517K [0x00000000a2c00000, 0x0000000100000000)
  region size 1024K, 3 young (3072K), 3 survivors (3072K)
 Metaspace       used 53005K, committed 53312K, reserved 1114112K
  class space    used 6262K, committed 6400K, reserved 1048576K
}
Event: 21.414 GC heap before
{Heap before GC invocations=19 (full 0):
 garbage-first heap   total 116736K, used 82901K [0x00000000a2c00000, 0x0000000100000000)
  region size 1024K, 19 young (19456K), 3 survivors (3072K)
 Metaspace       used 53212K, committed 53568K, reserved 1114112K
  class space    used 6280K, committed 6464K, reserved 1048576K
}
Event: 21.427 GC heap after
{Heap after GC invocations=20 (full 0):
 garbage-first heap   total 116736K, used 69967K [0x00000000a2c00000, 0x0000000100000000)
  region size 1024K, 3 young (3072K), 3 survivors (3072K)
 Metaspace       used 53212K, committed 53568K, reserved 1114112K
  class space    used 6280K, committed 6464K, reserved 1048576K
}
Event: 21.883 GC heap before
{Heap before GC invocations=20 (full 0):
 garbage-first heap   total 116736K, used 93519K [0x00000000a2c00000, 0x0000000100000000)
  region size 1024K, 26 young (26624K), 3 survivors (3072K)
 Metaspace       used 53818K, committed 54144K, reserved 1114112K
  class space    used 6342K, committed 6528K, reserved 1048576K
}
Event: 21.893 GC heap after
{Heap after GC invocations=21 (full 0):
 garbage-first heap   total 116736K, used 71130K [0x00000000a2c00000, 0x0000000100000000)
  region size 1024K, 1 young (1024K), 1 survivors (1024K)
 Metaspace       used 53818K, committed 54144K, reserved 1114112K
  class space    used 6342K, committed 6528K, reserved 1048576K
}
Event: 22.029 GC heap before
{Heap before GC invocations=22 (full 0):
 garbage-first heap   total 140288K, used 94682K [0x00000000a2c00000, 0x0000000100000000)
  region size 1024K, 24 young (24576K), 1 survivors (1024K)
 Metaspace       used 53856K, committed 54208K, reserved 1114112K
  class space    used 6345K, committed 6528K, reserved 1048576K
}
Event: 22.032 GC heap after
{Heap after GC invocations=23 (full 0):
 garbage-first heap   total 140288K, used 71623K [0x00000000a2c00000, 0x0000000100000000)
  region size 1024K, 2 young (2048K), 2 survivors (2048K)
 Metaspace       used 53856K, committed 54208K, reserved 1114112K
  class space    used 6345K, committed 6528K, reserved 1048576K
}
Event: 22.166 GC heap before
{Heap before GC invocations=23 (full 0):
 garbage-first heap   total 140288K, used 75719K [0x00000000a2c00000, 0x0000000100000000)
  region size 1024K, 6 young (6144K), 2 survivors (2048K)
 Metaspace       used 53943K, committed 54272K, reserved 1114112K
  class space    used 6346K, committed 6528K, reserved 1048576K
}
Event: 22.170 GC heap after
{Heap after GC invocations=24 (full 0):
 garbage-first heap   total 168960K, used 71786K [0x00000000a2c00000, 0x0000000100000000)
  region size 1024K, 1 young (1024K), 1 survivors (1024K)
 Metaspace       used 53943K, committed 54272K, reserved 1114112K
  class space    used 6346K, committed 6528K, reserved 1048576K
}
Event: 24.383 GC heap before
{Heap before GC invocations=24 (full 0):
 garbage-first heap   total 168960K, used 133226K [0x00000000a2c00000, 0x0000000100000000)
  region size 1024K, 60 young (61440K), 1 survivors (1024K)
 Metaspace       used 57738K, committed 58048K, reserved 1114112K
  class space    used 6683K, committed 6848K, reserved 1048576K
}
Event: 24.394 GC heap after
{Heap after GC invocations=25 (full 0):
 garbage-first heap   total 168960K, used 77708K [0x00000000a2c00000, 0x0000000100000000)
  region size 1024K, 7 young (7168K), 7 survivors (7168K)
 Metaspace       used 57738K, committed 58048K, reserved 1114112K
  class space    used 6683K, committed 6848K, reserved 1048576K
}
Event: 27.850 GC heap before
{Heap before GC invocations=25 (full 0):
 garbage-first heap   total 168960K, used 135052K [0x00000000a2c00000, 0x0000000100000000)
  region size 1024K, 61 young (62464K), 7 survivors (7168K)
 Metaspace       used 60275K, committed 60608K, reserved 1114112K
  class space    used 6880K, committed 7040K, reserved 1048576K
}
Event: 27.869 GC heap after
{Heap after GC invocations=26 (full 0):
 garbage-first heap   total 168960K, used 86759K [0x00000000a2c00000, 0x0000000100000000)
  region size 1024K, 7 young (7168K), 7 survivors (7168K)
 Metaspace       used 60275K, committed 60608K, reserved 1114112K
  class space    used 6880K, committed 7040K, reserved 1048576K
}
Event: 30.191 GC heap before
{Heap before GC invocations=26 (full 0):
 garbage-first heap   total 168960K, used 134887K [0x00000000a2c00000, 0x0000000100000000)
  region size 1024K, 54 young (55296K), 7 survivors (7168K)
 Metaspace       used 60761K, committed 61120K, reserved 1114112K
  class space    used 6898K, committed 7104K, reserved 1048576K
}
Event: 30.206 GC heap after
{Heap after GC invocations=27 (full 0):
 garbage-first heap   total 168960K, used 90868K [0x00000000a2c00000, 0x0000000100000000)
  region size 1024K, 4 young (4096K), 4 survivors (4096K)
 Metaspace       used 60761K, committed 61120K, reserved 1114112K
  class space    used 6898K, committed 7104K, reserved 1048576K
}
Event: 32.294 GC heap before
{Heap before GC invocations=28 (full 0):
 garbage-first heap   total 168960K, used 136948K [0x00000000a2c00000, 0x0000000100000000)
  region size 1024K, 49 young (50176K), 4 survivors (4096K)
 Metaspace       used 61132K, committed 61504K, reserved 1114112K
  class space    used 6901K, committed 7104K, reserved 1048576K
}
Event: 32.305 GC heap after
{Heap after GC invocations=29 (full 0):
 garbage-first heap   total 168960K, used 94624K [0x00000000a2c00000, 0x0000000100000000)
  region size 1024K, 7 young (7168K), 7 survivors (7168K)
 Metaspace       used 61132K, committed 61504K, reserved 1114112K
  class space    used 6901K, committed 7104K, reserved 1048576K
}
Event: 32.308 GC heap before
{Heap before GC invocations=29 (full 0):
 garbage-first heap   total 168960K, used 95648K [0x00000000a2c00000, 0x0000000100000000)
  region size 1024K, 8 young (8192K), 7 survivors (7168K)
 Metaspace       used 61134K, committed 61504K, reserved 1114112K
  class space    used 6901K, committed 7104K, reserved 1048576K
}
Event: 32.317 GC heap after
{Heap after GC invocations=30 (full 0):
 garbage-first heap   total 168960K, used 95006K [0x00000000a2c00000, 0x0000000100000000)
  region size 1024K, 1 young (1024K), 1 survivors (1024K)
 Metaspace       used 61134K, committed 61504K, reserved 1114112K
  class space    used 6901K, committed 7104K, reserved 1048576K
}

