# JRE version: OpenJDK Runtime Environment Temurin-17.0.16+8 (17.0.16+8) (build 17.0.16+8)
# Java VM: OpenJDK 64-Bit Server VM Temurin-17.0.16+8 (17.0.16+8, mixed mode, sharing, tiered, compressed oops, compressed class ptrs, g1 gc, windows-amd64)
GC Precious Log:
 CPUs: 8 total, 8 available
 Memory: 6989M
 Large Page Support: Disabled
 NUMA Support: Disabled
 Compressed Oops: Enabled (32-bit)
 Heap Region Size: 1M
 Heap Min Capacity: 8M
 Heap Initial Capacity: 110M
 Heap Max Capacity: 2G
 Pre-touch: Disabled
 Parallel Workers: 8
 Concurrent Workers: 2
 Concurrent Refinement Workers: 8
 Periodic GC: Disabled
Heap:
 garbage-first heap   total 86016K, used 77779K [0x0000000080000000, 0x0000000100000000)
  region size 1024K, 4 young (4096K), 4 survivors (4096K)
 Metaspace       used 32590K, committed 32960K, reserved 491520K
  class space    used 4506K, committed 4672K, reserved 425984K
GC Heap History (10 events):
Event: 4.988 GC heap before
{Heap before GC invocations=0 (full 0):
 garbage-first heap   total 112640K, used 26624K [0x0000000080000000, 0x0000000100000000)
  region size 1024K, 23 young (23552K), 0 survivors (0K)
 Metaspace       used 3080K, committed 3200K, reserved 491520K
  class space    used 393K, committed 448K, reserved 425984K
}
Event: 4.993 GC heap after
{Heap after GC invocations=1 (full 0):
 garbage-first heap   total 112640K, used 10436K [0x0000000080000000, 0x0000000100000000)
  region size 1024K, 3 young (3072K), 3 survivors (3072K)
 Metaspace       used 3080K, committed 3200K, reserved 491520K
  class space    used 393K, committed 448K, reserved 425984K
}
Event: 14.516 GC heap before
{Heap before GC invocations=1 (full 0):
 garbage-first heap   total 112640K, used 36036K [0x0000000080000000, 0x0000000100000000)
  region size 1024K, 28 young (28672K), 3 survivors (3072K)
 Metaspace       used 4001K, committed 4160K, reserved 491520K
  class space    used 490K, committed 576K, reserved 425984K
}
Event: 14.520 GC heap after
{Heap after GC invocations=2 (full 0):
 garbage-first heap   total 112640K, used 11926K [0x0000000080000000, 0x0000000100000000)
  region size 1024K, 1 young (1024K), 1 survivors (1024K)
 Metaspace       used 4001K, committed 4160K, reserved 491520K
  class space    used 490K, committed 576K, reserved 425984K
}
Event: 18.780 GC heap before
{Heap before GC invocations=2 (full 0):
 garbage-first heap   total 112640K, used 77462K [0x0000000080000000, 0x0000000100000000)
  region size 1024K, 64 young (65536K), 1 survivors (1024K)
 Metaspace       used 14336K, committed 14656K, reserved 491520K
  class space    used 2005K, committed 2176K, reserved 425984K
}
Event: 18.810 GC heap after
{Heap after GC invocations=3 (full 0):
 garbage-first heap   total 112640K, used 19874K [0x0000000080000000, 0x0000000100000000)
  region size 1024K, 8 young (8192K), 8 survivors (8192K)
 Metaspace       used 14336K, committed 14656K, reserved 491520K
  class space    used 2005K, committed 2176K, reserved 425984K
}
Event: 25.369 GC heap before
{Heap before GC invocations=3 (full 0):
 garbage-first heap   total 112640K, used 71074K [0x0000000080000000, 0x0000000100000000)
  region size 1024K, 60 young (61440K), 8 survivors (8192K)
 Metaspace       used 21145K, committed 21504K, reserved 491520K
  class space    used 3124K, committed 3328K, reserved 425984K
}
Event: 25.380 GC heap after
{Heap after GC invocations=4 (full 0):
 garbage-first heap   total 112640K, used 23209K [0x0000000080000000, 0x0000000100000000)
  region size 1024K, 4 young (4096K), 4 survivors (4096K)
 Metaspace       used 21145K, committed 21504K, reserved 491520K
  class space    used 3124K, committed 3328K, reserved 425984K
}
Event: 28.205 GC heap before
{Heap before GC invocations=5 (full 0):
 garbage-first heap   total 86016K, used 69289K [0x0000000080000000, 0x0000000100000000)
  region size 1024K, 50 young (51200K), 4 survivors (4096K)
 Metaspace       used 29615K, committed 30016K, reserved 491520K
  class space    used 4161K, committed 4352K, reserved 425984K
}
Event: 28.215 GC heap after
{Heap after GC invocations=6 (full 0):
 garbage-first heap   total 86016K, used 27004K [0x0000000080000000, 0x0000000100000000)
  region size 1024K, 7 young (7168K), 7 survivors (7168K)
 Metaspace       used 29615K, committed 30016K, reserved 491520K
  class space    used 4161K, committed 4352K, reserved 425984K
}

