# JRE version: OpenJDK Runtime Environment Temurin-17.0.16+8 (17.0.16+8) (build 17.0.16+8)
# Java VM: OpenJDK 64-Bit Server VM Temurin-17.0.16+8 (17.0.16+8, mixed mode, sharing, tiered, compressed oops, compressed class ptrs, g1 gc, windows-amd64)
GC Precious Log:
 CPUs: 8 total, 8 available
 Memory: 5965M
 Large Page Support: Disabled
 NUMA Support: Disabled
 Compressed Oops: Enabled (32-bit)
 Heap Region Size: 1M
 Heap Min Capacity: 8M
 Heap Initial Capacity: 94M
 Heap Max Capacity: 1492M
 Pre-touch: Disabled
 Parallel Workers: 8
 Concurrent Workers: 2
 Concurrent Refinement Workers: 8
 Periodic GC: Disabled
Heap:
 garbage-first heap   total 86016K, used 49030K [0x00000000a2c00000, 0x0000000100000000)
  region size 1024K, 18 young (18432K), 3 survivors (3072K)
 Metaspace       used 44765K, committed 45056K, reserved 1114112K
  class space    used 5552K, committed 5696K, reserved 1048576K
GC Heap History (20 events):
Event: 1.486 GC heap before
{Heap before GC invocations=0 (full 0):
 garbage-first heap   total 96256K, used 27648K [0x00000000a2c00000, 0x0000000100000000)
  region size 1024K, 23 young (23552K), 0 survivors (0K)
 Metaspace       used 6467K, committed 6656K, reserved 1114112K
  class space    used 652K, committed 768K, reserved 1048576K
}
Event: 1.493 GC heap after
{Heap after GC invocations=1 (full 0):
 garbage-first heap   total 96256K, used 6912K [0x00000000a2c00000, 0x0000000100000000)
  region size 1024K, 3 young (3072K), 3 survivors (3072K)
 Metaspace       used 6467K, committed 6656K, reserved 1114112K
  class space    used 652K, committed 768K, reserved 1048576K
}
Event: 4.002 GC heap before
{Heap before GC invocations=1 (full 0):
 garbage-first heap   total 96256K, used 38656K [0x00000000a2c00000, 0x0000000100000000)
  region size 1024K, 34 young (34816K), 3 survivors (3072K)
 Metaspace       used 13158K, committed 13376K, reserved 1114112K
  class space    used 1500K, committed 1600K, reserved 1048576K
}
Event: 4.016 GC heap after
{Heap after GC invocations=2 (full 0):
 garbage-first heap   total 96256K, used 10309K [0x00000000a2c00000, 0x0000000100000000)
  region size 1024K, 4 young (4096K), 4 survivors (4096K)
 Metaspace       used 13158K, committed 13376K, reserved 1114112K
  class space    used 1500K, committed 1600K, reserved 1048576K
}
Event: 5.632 GC heap before
{Heap before GC invocations=2 (full 0):
 garbage-first heap   total 96256K, used 43077K [0x00000000a2c00000, 0x0000000100000000)
  region size 1024K, 33 young (33792K), 4 survivors (4096K)
 Metaspace       used 21276K, committed 21504K, reserved 1114112K
  class space    used 2745K, committed 2880K, reserved 1048576K
}
Event: 5.642 GC heap after
{Heap after GC invocations=3 (full 0):
 garbage-first heap   total 96256K, used 16654K [0x00000000a2c00000, 0x0000000100000000)
  region size 1024K, 6 young (6144K), 6 survivors (6144K)
 Metaspace       used 21276K, committed 21504K, reserved 1114112K
  class space    used 2745K, committed 2880K, reserved 1048576K
}
Event: 7.550 GC heap before
{Heap before GC invocations=4 (full 0):
 garbage-first heap   total 61440K, used 49422K [0x00000000a2c00000, 0x0000000100000000)
  region size 1024K, 36 young (36864K), 6 survivors (6144K)
 Metaspace       used 25840K, committed 26048K, reserved 1114112K
  class space    used 3447K, committed 3584K, reserved 1048576K
}
Event: 7.573 GC heap after
{Heap after GC invocations=5 (full 0):
 garbage-first heap   total 61440K, used 24208K [0x00000000a2c00000, 0x0000000100000000)
  region size 1024K, 5 young (5120K), 5 survivors (5120K)
 Metaspace       used 25840K, committed 26048K, reserved 1114112K
  class space    used 3447K, committed 3584K, reserved 1048576K
}
Event: 7.651 GC heap before
{Heap before GC invocations=5 (full 0):
 garbage-first heap   total 61440K, used 24208K [0x00000000a2c00000, 0x0000000100000000)
  region size 1024K, 6 young (6144K), 5 survivors (5120K)
 Metaspace       used 26004K, committed 26240K, reserved 1114112K
  class space    used 3471K, committed 3584K, reserved 1048576K
}
Event: 7.662 GC heap after
{Heap after GC invocations=6 (full 0):
 garbage-first heap   total 61440K, used 25585K [0x00000000a2c00000, 0x0000000100000000)
  region size 1024K, 1 young (1024K), 1 survivors (1024K)
 Metaspace       used 26004K, committed 26240K, reserved 1114112K
  class space    used 3471K, committed 3584K, reserved 1048576K
}
Event: 10.043 GC heap before
{Heap before GC invocations=6 (full 0):
 garbage-first heap   total 61440K, used 46065K [0x00000000a2c00000, 0x0000000100000000)
  region size 1024K, 21 young (21504K), 1 survivors (1024K)
 Metaspace       used 29740K, committed 29952K, reserved 1114112K
  class space    used 3860K, committed 3968K, reserved 1048576K
}
Event: 10.049 GC heap after
{Heap after GC invocations=7 (full 0):
 garbage-first heap   total 61440K, used 25600K [0x00000000a2c00000, 0x0000000100000000)
  region size 1024K, 3 young (3072K), 3 survivors (3072K)
 Metaspace       used 29740K, committed 29952K, reserved 1114112K
  class space    used 3860K, committed 3968K, reserved 1048576K
}
Event: 11.075 GC heap before
{Heap before GC invocations=7 (full 0):
 garbage-first heap   total 61440K, used 45056K [0x00000000a2c00000, 0x0000000100000000)
  region size 1024K, 23 young (23552K), 3 survivors (3072K)
 Metaspace       used 33832K, committed 34048K, reserved 1114112K
  class space    used 4222K, committed 4288K, reserved 1048576K
}
Event: 11.081 GC heap after
{Heap after GC invocations=8 (full 0):
 garbage-first heap   total 61440K, used 27499K [0x00000000a2c00000, 0x0000000100000000)
  region size 1024K, 2 young (2048K), 2 survivors (2048K)
 Metaspace       used 33832K, committed 34048K, reserved 1114112K
  class space    used 4222K, committed 4288K, reserved 1048576K
}
Event: 11.438 GC heap before
{Heap before GC invocations=8 (full 0):
 garbage-first heap   total 61440K, used 32619K [0x00000000a2c00000, 0x0000000100000000)
  region size 1024K, 8 young (8192K), 2 survivors (2048K)
 Metaspace       used 35705K, committed 35904K, reserved 1114112K
  class space    used 4408K, committed 4480K, reserved 1048576K
}
Event: 11.442 GC heap after
{Heap after GC invocations=9 (full 0):
 garbage-first heap   total 61440K, used 28060K [0x00000000a2c00000, 0x0000000100000000)
  region size 1024K, 1 young (1024K), 1 survivors (1024K)
 Metaspace       used 35705K, committed 35904K, reserved 1114112K
  class space    used 4408K, committed 4480K, reserved 1048576K
}
Event: 12.109 GC heap before
{Heap before GC invocations=10 (full 0):
 garbage-first heap   total 61440K, used 41372K [0x00000000a2c00000, 0x0000000100000000)
  region size 1024K, 15 young (15360K), 1 survivors (1024K)
 Metaspace       used 38435K, committed 38656K, reserved 1114112K
  class space    used 4735K, committed 4800K, reserved 1048576K
}
Event: 12.117 GC heap after
{Heap after GC invocations=11 (full 0):
 garbage-first heap   total 61440K, used 30070K [0x00000000a2c00000, 0x0000000100000000)
  region size 1024K, 3 young (3072K), 3 survivors (3072K)
 Metaspace       used 38435K, committed 38656K, reserved 1114112K
  class space    used 4735K, committed 4800K, reserved 1048576K
}
Event: 12.812 GC heap before
{Heap before GC invocations=11 (full 0):
 garbage-first heap   total 61440K, used 49526K [0x00000000a2c00000, 0x0000000100000000)
  region size 1024K, 20 young (20480K), 3 survivors (3072K)
 Metaspace       used 41076K, committed 41280K, reserved 1114112K
  class space    used 5015K, committed 5120K, reserved 1048576K
}
Event: 12.825 GC heap after
{Heap after GC invocations=12 (full 0):
 garbage-first heap   total 86016K, used 35718K [0x00000000a2c00000, 0x0000000100000000)
  region size 1024K, 3 young (3072K), 3 survivors (3072K)
 Metaspace       used 41076K, committed 41280K, reserved 1114112K
  class space    used 5015K, committed 5120K, reserved 1048576K
}

