# JRE version: OpenJDK Runtime Environment Temurin-17.0.16+8 (17.0.16+8) (build 17.0.16+8)
# Java VM: OpenJDK 64-Bit Server VM Temurin-17.0.16+8 (17.0.16+8, mixed mode, sharing, tiered, compressed oops, compressed class ptrs, g1 gc, windows-amd64)
GC Precious Log:
 CPUs: 8 total, 8 available
 Memory: 6989M
 Large Page Support: Disabled
 NUMA Support: Disabled
 Compressed Oops: Enabled (32-bit)
 Heap Region Size: 1M
 Heap Min Capacity: 8M
 Heap Initial Capacity: 110M
 Heap Max Capacity: 1748M
 Pre-touch: Disabled
 Parallel Workers: 8
 Concurrent Workers: 2
 Concurrent Refinement Workers: 8
 Periodic GC: Disabled
Heap:
 garbage-first heap   total 411648K, used 95504K [0x0000000092c00000, 0x0000000100000000)
  region size 1024K, 11 young (11264K), 3 survivors (3072K)
 Metaspace       used 60400K, committed 60736K, reserved 1114112K
  class space    used 6886K, committed 7040K, reserved 1048576K
GC Heap History (20 events):
Event: 14.572 GC heap before
{Heap before GC invocations=17 (full 0):
 garbage-first heap   total 107520K, used 85504K [0x0000000092c00000, 0x0000000100000000)
  region size 1024K, 22 young (22528K), 3 survivors (3072K)
 Metaspace       used 52939K, committed 53248K, reserved 1114112K
  class space    used 6262K, committed 6400K, reserved 1048576K
}
Event: 14.585 GC heap after
{Heap after GC invocations=18 (full 0):
 garbage-first heap   total 136192K, used 69632K [0x0000000092c00000, 0x0000000100000000)
  region size 1024K, 3 young (3072K), 3 survivors (3072K)
 Metaspace       used 52939K, committed 53248K, reserved 1114112K
  class space    used 6262K, committed 6400K, reserved 1048576K
}
Event: 15.409 GC heap before
{Heap before GC invocations=19 (full 0):
 garbage-first heap   total 136192K, used 105472K [0x0000000092c00000, 0x0000000100000000)
  region size 1024K, 38 young (38912K), 3 survivors (3072K)
 Metaspace       used 53724K, committed 54080K, reserved 1114112K
  class space    used 6342K, committed 6528K, reserved 1048576K
}
Event: 15.420 GC heap after
{Heap after GC invocations=20 (full 0):
 garbage-first heap   total 136192K, used 73518K [0x0000000092c00000, 0x0000000100000000)
  region size 1024K, 4 young (4096K), 4 survivors (4096K)
 Metaspace       used 53724K, committed 54080K, reserved 1114112K
  class space    used 6342K, committed 6528K, reserved 1048576K
}
Event: 15.427 GC heap before
{Heap before GC invocations=20 (full 0):
 garbage-first heap   total 136192K, used 75566K [0x0000000092c00000, 0x0000000100000000)
  region size 1024K, 6 young (6144K), 4 survivors (4096K)
 Metaspace       used 53726K, committed 54080K, reserved 1114112K
  class space    used 6342K, committed 6528K, reserved 1048576K
}
Event: 15.431 GC heap after
{Heap after GC invocations=21 (full 0):
 garbage-first heap   total 136192K, used 72712K [0x0000000092c00000, 0x0000000100000000)
  region size 1024K, 1 young (1024K), 1 survivors (1024K)
 Metaspace       used 53726K, committed 54080K, reserved 1114112K
  class space    used 6342K, committed 6528K, reserved 1048576K
}
Event: 15.702 GC heap before
{Heap before GC invocations=21 (full 0):
 garbage-first heap   total 136192K, used 106504K [0x0000000092c00000, 0x0000000100000000)
  region size 1024K, 34 young (34816K), 1 survivors (1024K)
 Metaspace       used 53849K, committed 54208K, reserved 1114112K
  class space    used 6345K, committed 6528K, reserved 1048576K
}
Event: 15.706 GC heap after
{Heap after GC invocations=22 (full 0):
 garbage-first heap   total 136192K, used 73793K [0x0000000092c00000, 0x0000000100000000)
  region size 1024K, 2 young (2048K), 2 survivors (2048K)
 Metaspace       used 53849K, committed 54208K, reserved 1114112K
  class space    used 6345K, committed 6528K, reserved 1048576K
}
Event: 17.293 GC heap before
{Heap before GC invocations=23 (full 0):
 garbage-first heap   total 136192K, used 109633K [0x0000000092c00000, 0x0000000100000000)
  region size 1024K, 36 young (36864K), 2 survivors (2048K)
 Metaspace       used 56061K, committed 56384K, reserved 1114112K
  class space    used 6557K, committed 6720K, reserved 1048576K
}
Event: 17.301 GC heap after
{Heap after GC invocations=24 (full 0):
 garbage-first heap   total 136192K, used 77390K [0x0000000092c00000, 0x0000000100000000)
  region size 1024K, 5 young (5120K), 5 survivors (5120K)
 Metaspace       used 56061K, committed 56384K, reserved 1114112K
  class space    used 6557K, committed 6720K, reserved 1048576K
}
Event: 17.304 GC heap before
{Heap before GC invocations=24 (full 0):
 garbage-first heap   total 136192K, used 78414K [0x0000000092c00000, 0x0000000100000000)
  region size 1024K, 6 young (6144K), 5 survivors (5120K)
 Metaspace       used 56061K, committed 56384K, reserved 1114112K
  class space    used 6557K, committed 6720K, reserved 1048576K
}
Event: 17.311 GC heap after
{Heap after GC invocations=25 (full 0):
 garbage-first heap   total 136192K, used 77213K [0x0000000092c00000, 0x0000000100000000)
  region size 1024K, 1 young (1024K), 1 survivors (1024K)
 Metaspace       used 56061K, committed 56384K, reserved 1114112K
  class space    used 6557K, committed 6720K, reserved 1048576K
}
Event: 19.421 GC heap before
{Heap before GC invocations=25 (full 0):
 garbage-first heap   total 136192K, used 108957K [0x0000000092c00000, 0x0000000100000000)
  region size 1024K, 32 young (32768K), 1 survivors (1024K)
 Metaspace       used 58466K, committed 58816K, reserved 1114112K
  class space    used 6725K, committed 6912K, reserved 1048576K
}
Event: 19.431 GC heap after
{Heap after GC invocations=26 (full 0):
 garbage-first heap   total 136192K, used 80472K [0x0000000092c00000, 0x0000000100000000)
  region size 1024K, 4 young (4096K), 4 survivors (4096K)
 Metaspace       used 58466K, committed 58816K, reserved 1114112K
  class space    used 6725K, committed 6912K, reserved 1048576K
}
Event: 22.677 GC heap before
{Heap before GC invocations=27 (full 0):
 garbage-first heap   total 137216K, used 112216K [0x0000000092c00000, 0x0000000100000000)
  region size 1024K, 33 young (33792K), 4 survivors (4096K)
 Metaspace       used 59838K, committed 60224K, reserved 1114112K
  class space    used 6851K, committed 7040K, reserved 1048576K
}
Event: 22.693 GC heap after
{Heap after GC invocations=28 (full 0):
 garbage-first heap   total 137216K, used 87074K [0x0000000092c00000, 0x0000000100000000)
  region size 1024K, 5 young (5120K), 5 survivors (5120K)
 Metaspace       used 59838K, committed 60224K, reserved 1114112K
  class space    used 6851K, committed 7040K, reserved 1048576K
}
Event: 22.818 GC heap before
{Heap before GC invocations=28 (full 0):
 garbage-first heap   total 137216K, used 88098K [0x0000000092c00000, 0x0000000100000000)
  region size 1024K, 6 young (6144K), 5 survivors (5120K)
 Metaspace       used 59852K, committed 60224K, reserved 1114112K
  class space    used 6853K, committed 7040K, reserved 1048576K
}
Event: 22.825 GC heap after
{Heap after GC invocations=29 (full 0):
 garbage-first heap   total 137216K, used 87017K [0x0000000092c00000, 0x0000000100000000)
  region size 1024K, 1 young (1024K), 1 survivors (1024K)
 Metaspace       used 59852K, committed 60224K, reserved 1114112K
  class space    used 6853K, committed 7040K, reserved 1048576K
}
Event: 25.269 GC heap before
{Heap before GC invocations=29 (full 0):
 garbage-first heap   total 137216K, used 111593K [0x0000000092c00000, 0x0000000100000000)
  region size 1024K, 25 young (25600K), 1 survivors (1024K)
 Metaspace       used 60309K, committed 60608K, reserved 1114112K
  class space    used 6883K, committed 7040K, reserved 1048576K
}
Event: 25.277 GC heap after
{Heap after GC invocations=30 (full 0):
 garbage-first heap   total 411648K, used 88336K [0x0000000092c00000, 0x0000000100000000)
  region size 1024K, 3 young (3072K), 3 survivors (3072K)
 Metaspace       used 60309K, committed 60608K, reserved 1114112K
  class space    used 6883K, committed 7040K, reserved 1048576K
}

