# JRE version: OpenJDK Runtime Environment Temurin-17.0.16+8 (17.0.16+8) (build 17.0.16+8)
# Java VM: OpenJDK 64-Bit Server VM Temurin-17.0.16+8 (17.0.16+8, mixed mode, sharing, tiered, compressed oops, compressed class ptrs, g1 gc, windows-amd64)
GC Precious Log:
 CPUs: 8 total, 8 available
 Memory: 5965M
 Large Page Support: Disabled
 NUMA Support: Disabled
 Compressed Oops: Enabled (32-bit)
 Heap Region Size: 1M
 Heap Min Capacity: 8M
 Heap Initial Capacity: 94M
 Heap Max Capacity: 2G
 Pre-touch: Disabled
 Parallel Workers: 8
 Concurrent Workers: 2
 Concurrent Refinement Workers: 8
 Periodic GC: Disabled
Heap:
 garbage-first heap   total 254976K, used 150541K [0x0000000080000000, 0x0000000100000000)
  region size 1024K, 15 young (15360K), 5 survivors (5120K)
 Metaspace       used 103778K, committed 104896K, reserved 557056K
  class space    used 14409K, committed 14912K, reserved 425984K
GC Heap History (20 events):
Event: 87.189 GC heap before
{Heap before GC invocations=45 (full 0):
 garbage-first heap   total 178176K, used 155970K [0x0000000080000000, 0x0000000100000000)
  region size 1024K, 44 young (45056K), 6 survivors (6144K)
 Metaspace       used 100170K, committed 100992K, reserved 557056K
  class space    used 13934K, committed 14336K, reserved 425984K
}
Event: 87.195 GC heap after
{Heap after GC invocations=46 (full 0):
 garbage-first heap   total 178176K, used 122231K [0x0000000080000000, 0x0000000100000000)
  region size 1024K, 4 young (4096K), 4 survivors (4096K)
 Metaspace       used 100170K, committed 100992K, reserved 557056K
  class space    used 13934K, committed 14336K, reserved 425984K
}
Event: 87.276 GC heap before
{Heap before GC invocations=46 (full 0):
 garbage-first heap   total 178176K, used 151927K [0x0000000080000000, 0x0000000100000000)
  region size 1024K, 33 young (33792K), 4 survivors (4096K)
 Metaspace       used 100174K, committed 100992K, reserved 557056K
  class space    used 13934K, committed 14336K, reserved 425984K
}
Event: 87.280 GC heap after
{Heap after GC invocations=47 (full 0):
 garbage-first heap   total 178176K, used 122981K [0x0000000080000000, 0x0000000100000000)
  region size 1024K, 1 young (1024K), 1 survivors (1024K)
 Metaspace       used 100174K, committed 100992K, reserved 557056K
  class space    used 13934K, committed 14336K, reserved 425984K
}
Event: 87.425 GC heap before
{Heap before GC invocations=47 (full 0):
 garbage-first heap   total 254976K, used 152677K [0x0000000080000000, 0x0000000100000000)
  region size 1024K, 30 young (30720K), 1 survivors (1024K)
 Metaspace       used 100112K, committed 101056K, reserved 557056K
  class space    used 13916K, committed 14336K, reserved 425984K
}
Event: 87.427 GC heap after
{Heap after GC invocations=48 (full 0):
 garbage-first heap   total 254976K, used 123433K [0x0000000080000000, 0x0000000100000000)
  region size 1024K, 2 young (2048K), 2 survivors (2048K)
 Metaspace       used 100112K, committed 101056K, reserved 557056K
  class space    used 13916K, committed 14336K, reserved 425984K
}
Event: 88.095 GC heap before
{Heap before GC invocations=49 (full 0):
 garbage-first heap   total 254976K, used 213545K [0x0000000080000000, 0x0000000100000000)
  region size 1024K, 90 young (92160K), 2 survivors (2048K)
 Metaspace       used 101607K, committed 102528K, reserved 557056K
  class space    used 14153K, committed 14592K, reserved 425984K
}
Event: 88.101 GC heap after
{Heap after GC invocations=50 (full 0):
 garbage-first heap   total 254976K, used 128566K [0x0000000080000000, 0x0000000100000000)
  region size 1024K, 7 young (7168K), 7 survivors (7168K)
 Metaspace       used 101607K, committed 102528K, reserved 557056K
  class space    used 14153K, committed 14592K, reserved 425984K
}
Event: 88.108 GC heap before
{Heap before GC invocations=50 (full 0):
 garbage-first heap   total 254976K, used 132662K [0x0000000080000000, 0x0000000100000000)
  region size 1024K, 12 young (12288K), 7 survivors (7168K)
 Metaspace       used 101609K, committed 102528K, reserved 557056K
  class space    used 14153K, committed 14592K, reserved 425984K
}
Event: 88.114 GC heap after
{Heap after GC invocations=51 (full 0):
 garbage-first heap   total 254976K, used 128388K [0x0000000080000000, 0x0000000100000000)
  region size 1024K, 1 young (1024K), 1 survivors (1024K)
 Metaspace       used 101609K, committed 102528K, reserved 557056K
  class space    used 14153K, committed 14592K, reserved 425984K
}
Event: 88.653 GC heap before
{Heap before GC invocations=51 (full 0):
 garbage-first heap   total 254976K, used 212356K [0x0000000080000000, 0x0000000100000000)
  region size 1024K, 83 young (84992K), 1 survivors (1024K)
 Metaspace       used 102143K, committed 103104K, reserved 557056K
  class space    used 14209K, committed 14656K, reserved 425984K
}
Event: 88.659 GC heap after
{Heap after GC invocations=52 (full 0):
 garbage-first heap   total 254976K, used 133319K [0x0000000080000000, 0x0000000100000000)
  region size 1024K, 6 young (6144K), 6 survivors (6144K)
 Metaspace       used 102143K, committed 103104K, reserved 557056K
  class space    used 14209K, committed 14656K, reserved 425984K
}
Event: 90.687 GC heap before
{Heap before GC invocations=52 (full 0):
 garbage-first heap   total 254976K, used 211143K [0x0000000080000000, 0x0000000100000000)
  region size 1024K, 83 young (84992K), 6 survivors (6144K)
 Metaspace       used 102485K, committed 103488K, reserved 557056K
  class space    used 14231K, committed 14720K, reserved 425984K
}
Event: 90.692 GC heap after
{Heap after GC invocations=53 (full 0):
 garbage-first heap   total 254976K, used 134825K [0x0000000080000000, 0x0000000100000000)
  region size 1024K, 7 young (7168K), 7 survivors (7168K)
 Metaspace       used 102485K, committed 103488K, reserved 557056K
  class space    used 14231K, committed 14720K, reserved 425984K
}
Event: 93.537 GC heap before
{Heap before GC invocations=53 (full 0):
 garbage-first heap   total 254976K, used 214697K [0x0000000080000000, 0x0000000100000000)
  region size 1024K, 85 young (87040K), 7 survivors (7168K)
 Metaspace       used 102845K, committed 103872K, reserved 557056K
  class space    used 14277K, committed 14784K, reserved 425984K
}
Event: 93.545 GC heap after
{Heap after GC invocations=54 (full 0):
 garbage-first heap   total 254976K, used 138668K [0x0000000080000000, 0x0000000100000000)
  region size 1024K, 6 young (6144K), 6 survivors (6144K)
 Metaspace       used 102845K, committed 103872K, reserved 557056K
  class space    used 14277K, committed 14784K, reserved 425984K
}
Event: 95.010 GC heap before
{Heap before GC invocations=54 (full 0):
 garbage-first heap   total 254976K, used 215468K [0x0000000080000000, 0x0000000100000000)
  region size 1024K, 81 young (82944K), 6 survivors (6144K)
 Metaspace       used 103515K, committed 104576K, reserved 557056K
  class space    used 14381K, committed 14848K, reserved 425984K
}
Event: 95.017 GC heap after
{Heap after GC invocations=55 (full 0):
 garbage-first heap   total 254976K, used 140877K [0x0000000080000000, 0x0000000100000000)
  region size 1024K, 8 young (8192K), 8 survivors (8192K)
 Metaspace       used 103515K, committed 104576K, reserved 557056K
  class space    used 14381K, committed 14848K, reserved 425984K
}
Event: 95.439 GC heap before
{Heap before GC invocations=55 (full 0):
 garbage-first heap   total 254976K, used 215629K [0x0000000080000000, 0x0000000100000000)
  region size 1024K, 81 young (82944K), 8 survivors (8192K)
 Metaspace       used 103626K, committed 104704K, reserved 557056K
  class space    used 14397K, committed 14912K, reserved 425984K
}
Event: 96.426 GC heap after
{Heap after GC invocations=56 (full 0):
 garbage-first heap   total 254976K, used 141325K [0x0000000080000000, 0x0000000100000000)
  region size 1024K, 5 young (5120K), 5 survivors (5120K)
 Metaspace       used 103626K, committed 104704K, reserved 557056K
  class space    used 14397K, committed 14912K, reserved 425984K
}

