# JRE version: OpenJDK Runtime Environment Temurin-17.0.16+8 (17.0.16+8) (build 17.0.16+8)
# Java VM: OpenJDK 64-Bit Server VM Temurin-17.0.16+8 (17.0.16+8, mixed mode, sharing, tiered, compressed oops, compressed class ptrs, g1 gc, windows-amd64)
GC Precious Log:
 CPUs: 8 total, 8 available
 Memory: 5965M
 Large Page Support: Disabled
 NUMA Support: Disabled
 Compressed Oops: Enabled (32-bit)
 Heap Region Size: 1M
 Heap Min Capacity: 8M
 Heap Initial Capacity: 94M
 Heap Max Capacity: 2G
 Pre-touch: Disabled
 Parallel Workers: 8
 Concurrent Workers: 2
 Concurrent Refinement Workers: 8
 Periodic GC: Disabled
Heap:
 garbage-first heap   total 275456K, used 189918K [0x0000000080000000, 0x0000000100000000)
  region size 1024K, 10 young (10240K), 5 survivors (5120K)
 Metaspace       used 100984K, committed 102080K, reserved 557056K
  class space    used 14131K, committed 14656K, reserved 425984K
GC Heap History (20 events):
Event: 63.425 GC heap after
{Heap after GC invocations=56 (full 0):
 garbage-first heap   total 191488K, used 151933K [0x0000000080000000, 0x0000000100000000)
  region size 1024K, 3 young (3072K), 3 survivors (3072K)
 Metaspace       used 92086K, committed 93120K, reserved 557056K
  class space    used 12910K, committed 13376K, reserved 425984K
}
Event: 63.571 GC heap before
{Heap before GC invocations=56 (full 0):
 garbage-first heap   total 191488K, used 162173K [0x0000000080000000, 0x0000000100000000)
  region size 1024K, 14 young (14336K), 3 survivors (3072K)
 Metaspace       used 92292K, committed 93312K, reserved 557056K
  class space    used 12934K, committed 13440K, reserved 425984K
}
Event: 63.575 GC heap after
{Heap after GC invocations=57 (full 0):
 garbage-first heap   total 191488K, used 155425K [0x0000000080000000, 0x0000000100000000)
  region size 1024K, 2 young (2048K), 2 survivors (2048K)
 Metaspace       used 92292K, committed 93312K, reserved 557056K
  class space    used 12934K, committed 13440K, reserved 425984K
}
Event: 63.673 GC heap before
{Heap before GC invocations=57 (full 0):
 garbage-first heap   total 191488K, used 164641K [0x0000000080000000, 0x0000000100000000)
  region size 1024K, 11 young (11264K), 2 survivors (2048K)
 Metaspace       used 92597K, committed 93632K, reserved 557056K
  class space    used 12972K, committed 13440K, reserved 425984K
}
Event: 63.677 GC heap after
{Heap after GC invocations=58 (full 0):
 garbage-first heap   total 230400K, used 156910K [0x0000000080000000, 0x0000000100000000)
  region size 1024K, 2 young (2048K), 2 survivors (2048K)
 Metaspace       used 92597K, committed 93632K, reserved 557056K
  class space    used 12972K, committed 13440K, reserved 425984K
}
Event: 64.159 GC heap before
{Heap before GC invocations=59 (full 0):
 garbage-first heap   total 275456K, used 183534K [0x0000000080000000, 0x0000000100000000)
  region size 1024K, 28 young (28672K), 2 survivors (2048K)
 Metaspace       used 94417K, committed 95424K, reserved 557056K
  class space    used 13237K, committed 13696K, reserved 425984K
}
Event: 64.163 GC heap after
{Heap after GC invocations=60 (full 0):
 garbage-first heap   total 275456K, used 158122K [0x0000000080000000, 0x0000000100000000)
  region size 1024K, 3 young (3072K), 3 survivors (3072K)
 Metaspace       used 94417K, committed 95424K, reserved 557056K
  class space    used 13237K, committed 13696K, reserved 425984K
}
Event: 64.337 GC heap before
{Heap before GC invocations=60 (full 0):
 garbage-first heap   total 275456K, used 167338K [0x0000000080000000, 0x0000000100000000)
  region size 1024K, 13 young (13312K), 3 survivors (3072K)
 Metaspace       used 95361K, committed 96448K, reserved 557056K
  class space    used 13409K, committed 13888K, reserved 425984K
}
Event: 64.341 GC heap after
{Heap after GC invocations=61 (full 0):
 garbage-first heap   total 275456K, used 157234K [0x0000000080000000, 0x0000000100000000)
  region size 1024K, 1 young (1024K), 1 survivors (1024K)
 Metaspace       used 95361K, committed 96448K, reserved 557056K
  class space    used 13409K, committed 13888K, reserved 425984K
}
Event: 65.400 GC heap before
{Heap before GC invocations=61 (full 0):
 garbage-first heap   total 275456K, used 213554K [0x0000000080000000, 0x0000000100000000)
  region size 1024K, 56 young (57344K), 1 survivors (1024K)
 Metaspace       used 98196K, committed 99200K, reserved 557056K
  class space    used 13771K, committed 14272K, reserved 425984K
}
Event: 65.406 GC heap after
{Heap after GC invocations=62 (full 0):
 garbage-first heap   total 275456K, used 162762K [0x0000000080000000, 0x0000000100000000)
  region size 1024K, 6 young (6144K), 6 survivors (6144K)
 Metaspace       used 98196K, committed 99200K, reserved 557056K
  class space    used 13771K, committed 14272K, reserved 425984K
}
Event: 65.957 GC heap before
{Heap before GC invocations=62 (full 0):
 garbage-first heap   total 275456K, used 218058K [0x0000000080000000, 0x0000000100000000)
  region size 1024K, 60 young (61440K), 6 survivors (6144K)
 Metaspace       used 99045K, committed 100160K, reserved 557056K
  class space    used 13848K, committed 14400K, reserved 425984K
}
Event: 65.967 GC heap after
{Heap after GC invocations=63 (full 0):
 garbage-first heap   total 275456K, used 168442K [0x0000000080000000, 0x0000000100000000)
  region size 1024K, 6 young (6144K), 6 survivors (6144K)
 Metaspace       used 99045K, committed 100160K, reserved 557056K
  class space    used 13848K, committed 14400K, reserved 425984K
}
Event: 66.477 GC heap before
{Heap before GC invocations=63 (full 0):
 garbage-first heap   total 275456K, used 221690K [0x0000000080000000, 0x0000000100000000)
  region size 1024K, 58 young (59392K), 6 survivors (6144K)
 Metaspace       used 100270K, committed 101504K, reserved 557056K
  class space    used 14074K, committed 14656K, reserved 425984K
}
Event: 66.484 GC heap after
{Heap after GC invocations=64 (full 0):
 garbage-first heap   total 275456K, used 174311K [0x0000000080000000, 0x0000000100000000)
  region size 1024K, 6 young (6144K), 6 survivors (6144K)
 Metaspace       used 100270K, committed 101504K, reserved 557056K
  class space    used 14074K, committed 14656K, reserved 425984K
}
Event: 67.285 GC heap before
{Heap before GC invocations=64 (full 0):
 garbage-first heap   total 275456K, used 224487K [0x0000000080000000, 0x0000000100000000)
  region size 1024K, 56 young (57344K), 6 survivors (6144K)
 Metaspace       used 100843K, committed 101952K, reserved 557056K
  class space    used 14131K, committed 14656K, reserved 425984K
}
Event: 67.296 GC heap after
{Heap after GC invocations=65 (full 0):
 garbage-first heap   total 275456K, used 178443K [0x0000000080000000, 0x0000000100000000)
  region size 1024K, 5 young (5120K), 5 survivors (5120K)
 Metaspace       used 100843K, committed 101952K, reserved 557056K
  class space    used 14131K, committed 14656K, reserved 425984K
}
Event: 67.683 GC heap before
{Heap before GC invocations=65 (full 0):
 garbage-first heap   total 275456K, used 226571K [0x0000000080000000, 0x0000000100000000)
  region size 1024K, 53 young (54272K), 5 survivors (5120K)
 Metaspace       used 100978K, committed 102080K, reserved 557056K
  class space    used 14131K, committed 14656K, reserved 425984K
}
Event: 67.689 GC heap after
{Heap after GC invocations=66 (full 0):
 garbage-first heap   total 275456K, used 183540K [0x0000000080000000, 0x0000000100000000)
  region size 1024K, 6 young (6144K), 6 survivors (6144K)
 Metaspace       used 100978K, committed 102080K, reserved 557056K
  class space    used 14131K, committed 14656K, reserved 425984K
}
Event: 67.993 GC heap before
{Heap before GC invocations=66 (full 0):
 garbage-first heap   total 275456K, used 228596K [0x0000000080000000, 0x0000000100000000)
  region size 1024K, 51 young (52224K), 6 survivors (6144K)
 Metaspace       used 100983K, committed 102080K, reserved 557056K
  class space    used 14131K, committed 14656K, reserved 425984K
}

