# JRE version: OpenJDK Runtime Environment Temurin-17.0.16+8 (17.0.16+8) (build 17.0.16+8)
# Java VM: OpenJDK 64-Bit Server VM Temurin-17.0.16+8 (17.0.16+8, mixed mode, sharing, tiered, compressed oops, compressed class ptrs, g1 gc, windows-amd64)
GC Precious Log:
 CPUs: 8 total, 8 available
 Memory: 6989M
 Large Page Support: Disabled
 NUMA Support: Disabled
 Compressed Oops: Enabled (32-bit)
 Heap Region Size: 1M
 Heap Min Capacity: 8M
 Heap Initial Capacity: 110M
 Heap Max Capacity: 2G
 Pre-touch: Disabled
 Parallel Workers: 8
 Concurrent Workers: 2
 Concurrent Refinement Workers: 8
 Periodic GC: Disabled
Heap:
 garbage-first heap   total 391168K, used 348416K [0x0000000080000000, 0x0000000100000000)
  region size 1024K, 6 young (6144K), 3 survivors (3072K)
 Metaspace       used 122974K, committed 125248K, reserved 557056K
  class space    used 16645K, committed 17600K, reserved 425984K
GC Heap History (20 events):
Event: 206.498 GC heap before
{Heap before GC invocations=79 (full 0):
 garbage-first heap   total 391168K, used 342337K [0x0000000080000000, 0x0000000100000000)
  region size 1024K, 27 young (27648K), 2 survivors (2048K)
 Metaspace       used 122736K, committed 124544K, reserved 557056K
  class space    used 16655K, committed 17472K, reserved 425984K
}
Event: 206.502 GC heap after
{Heap after GC invocations=80 (full 0):
 garbage-first heap   total 391168K, used 318021K [0x0000000080000000, 0x0000000100000000)
  region size 1024K, 4 young (4096K), 4 survivors (4096K)
 Metaspace       used 122736K, committed 124544K, reserved 557056K
  class space    used 16655K, committed 17472K, reserved 425984K
}
Event: 207.133 GC heap before
{Heap before GC invocations=80 (full 0):
 garbage-first heap   total 391168K, used 342597K [0x0000000080000000, 0x0000000100000000)
  region size 1024K, 28 young (28672K), 4 survivors (4096K)
 Metaspace       used 122828K, committed 124608K, reserved 557056K
  class space    used 16655K, committed 17472K, reserved 425984K
}
Event: 207.138 GC heap after
{Heap after GC invocations=81 (full 0):
 garbage-first heap   total 391168K, used 318678K [0x0000000080000000, 0x0000000100000000)
  region size 1024K, 3 young (3072K), 3 survivors (3072K)
 Metaspace       used 122828K, committed 124608K, reserved 557056K
  class space    used 16655K, committed 17472K, reserved 425984K
}
Event: 208.483 GC heap before
{Heap before GC invocations=81 (full 0):
 garbage-first heap   total 391168K, used 343254K [0x0000000080000000, 0x0000000100000000)
  region size 1024K, 27 young (27648K), 3 survivors (3072K)
 Metaspace       used 122998K, committed 124864K, reserved 557056K
  class space    used 16658K, committed 17472K, reserved 425984K
}
Event: 208.488 GC heap after
{Heap after GC invocations=82 (full 0):
 garbage-first heap   total 391168K, used 319857K [0x0000000080000000, 0x0000000100000000)
  region size 1024K, 3 young (3072K), 3 survivors (3072K)
 Metaspace       used 122998K, committed 124864K, reserved 557056K
  class space    used 16658K, committed 17472K, reserved 425984K
}
Event: 209.757 GC heap before
{Heap before GC invocations=82 (full 0):
 garbage-first heap   total 391168K, used 343409K [0x0000000080000000, 0x0000000100000000)
  region size 1024K, 26 young (26624K), 3 survivors (3072K)
 Metaspace       used 123078K, committed 124928K, reserved 557056K
  class space    used 16663K, committed 17472K, reserved 425984K
}
Event: 209.762 GC heap after
{Heap after GC invocations=83 (full 0):
 garbage-first heap   total 391168K, used 321195K [0x0000000080000000, 0x0000000100000000)
  region size 1024K, 4 young (4096K), 4 survivors (4096K)
 Metaspace       used 123078K, committed 124928K, reserved 557056K
  class space    used 16663K, committed 17472K, reserved 425984K
}
Event: 210.566 GC heap before
{Heap before GC invocations=83 (full 0):
 garbage-first heap   total 391168K, used 346795K [0x0000000080000000, 0x0000000100000000)
  region size 1024K, 26 young (26624K), 4 survivors (4096K)
 Metaspace       used 123125K, committed 124928K, reserved 557056K
  class space    used 16664K, committed 17472K, reserved 425984K
}
Event: 210.573 GC heap after
{Heap after GC invocations=84 (full 0):
 garbage-first heap   total 391168K, used 327603K [0x0000000080000000, 0x0000000100000000)
  region size 1024K, 4 young (4096K), 4 survivors (4096K)
 Metaspace       used 123125K, committed 124928K, reserved 557056K
  class space    used 16664K, committed 17472K, reserved 425984K
}
Event: 210.917 GC heap before
{Heap before GC invocations=84 (full 0):
 garbage-first heap   total 391168K, used 345011K [0x0000000080000000, 0x0000000100000000)
  region size 1024K, 20 young (20480K), 4 survivors (4096K)
 Metaspace       used 123364K, committed 125248K, reserved 557056K
  class space    used 16684K, committed 17536K, reserved 425984K
}
Event: 210.922 GC heap after
{Heap after GC invocations=85 (full 0):
 garbage-first heap   total 391168K, used 334260K [0x0000000080000000, 0x0000000100000000)
  region size 1024K, 3 young (3072K), 3 survivors (3072K)
 Metaspace       used 123364K, committed 125248K, reserved 557056K
  class space    used 16684K, committed 17536K, reserved 425984K
}
Event: 211.341 GC heap before
{Heap before GC invocations=85 (full 0):
 garbage-first heap   total 391168K, used 350644K [0x0000000080000000, 0x0000000100000000)
  region size 1024K, 19 young (19456K), 3 survivors (3072K)
 Metaspace       used 123418K, committed 125312K, reserved 557056K
  class space    used 16684K, committed 17536K, reserved 425984K
}
Event: 211.350 GC heap after
{Heap after GC invocations=86 (full 0):
 garbage-first heap   total 391168K, used 337920K [0x0000000080000000, 0x0000000100000000)
  region size 1024K, 3 young (3072K), 3 survivors (3072K)
 Metaspace       used 123418K, committed 125312K, reserved 557056K
  class space    used 16684K, committed 17536K, reserved 425984K
}
Event: 212.174 GC heap before
{Heap before GC invocations=86 (full 0):
 garbage-first heap   total 391168K, used 353280K [0x0000000080000000, 0x0000000100000000)
  region size 1024K, 19 young (19456K), 3 survivors (3072K)
 Metaspace       used 123458K, committed 125312K, reserved 557056K
  class space    used 16685K, committed 17536K, reserved 425984K
}
Event: 212.191 GC heap after
{Heap after GC invocations=87 (full 0):
 garbage-first heap   total 391168K, used 339250K [0x0000000080000000, 0x0000000100000000)
  region size 1024K, 3 young (3072K), 3 survivors (3072K)
 Metaspace       used 123458K, committed 125312K, reserved 557056K
  class space    used 16685K, committed 17536K, reserved 425984K
}
Event: 213.217 GC heap before
{Heap before GC invocations=87 (full 0):
 garbage-first heap   total 391168K, used 360754K [0x0000000080000000, 0x0000000100000000)
  region size 1024K, 19 young (19456K), 3 survivors (3072K)
 Metaspace       used 123771K, committed 125696K, reserved 557056K
  class space    used 16712K, committed 17600K, reserved 425984K
}
Event: 213.222 GC heap after
{Heap after GC invocations=88 (full 0):
 garbage-first heap   total 391168K, used 347136K [0x0000000080000000, 0x0000000100000000)
  region size 1024K, 3 young (3072K), 3 survivors (3072K)
 Metaspace       used 123771K, committed 125696K, reserved 557056K
  class space    used 16712K, committed 17600K, reserved 425984K
}
Event: 213.994 GC heap before
{Heap before GC invocations=88 (full 0):
 garbage-first heap   total 391168K, used 362496K [0x0000000080000000, 0x0000000100000000)
  region size 1024K, 19 young (19456K), 3 survivors (3072K)
 Metaspace       used 123822K, committed 125696K, reserved 557056K
  class space    used 16712K, committed 17600K, reserved 425984K
}
Event: 214.001 GC heap after
{Heap after GC invocations=89 (full 0):
 garbage-first heap   total 391168K, used 351488K [0x0000000080000000, 0x0000000100000000)
  region size 1024K, 3 young (3072K), 3 survivors (3072K)
 Metaspace       used 123822K, committed 125696K, reserved 557056K
  class space    used 16712K, committed 17600K, reserved 425984K
}

