# JRE version: OpenJDK Runtime Environment Temurin-17.0.16+8 (17.0.16+8) (build 17.0.16+8)
# Java VM: OpenJDK 64-Bit Server VM Temurin-17.0.16+8 (17.0.16+8, mixed mode, sharing, tiered, compressed oops, compressed class ptrs, g1 gc, windows-amd64)
GC Precious Log:
 CPUs: 8 total, 8 available
 Memory: 5965M
 Large Page Support: Disabled
 NUMA Support: Disabled
 Compressed Oops: Enabled (32-bit)
 Heap Region Size: 1M
 Heap Min Capacity: 8M
 Heap Initial Capacity: 94M
 Heap Max Capacity: 2G
 Pre-touch: Disabled
 Parallel Workers: 8
 Concurrent Workers: 2
 Concurrent Refinement Workers: 8
 Periodic GC: Disabled
Heap:
 garbage-first heap   total 121856K, used 86385K [0x0000000080000000, 0x0000000100000000)
  region size 1024K, 20 young (20480K), 4 survivors (4096K)
 Metaspace       used 64469K, committed 65152K, reserved 491520K
  class space    used 9153K, committed 9472K, reserved 425984K
GC Heap History (20 events):
Event: 99.620 GC heap before
{Heap before GC invocations=18 (full 0):
 garbage-first heap   total 91136K, used 74287K [0x0000000080000000, 0x0000000100000000)
  region size 1024K, 25 young (25600K), 3 survivors (3072K)
 Metaspace       used 49289K, committed 49920K, reserved 491520K
  class space    used 6920K, committed 7232K, reserved 425984K
}
Event: 99.623 GC heap after
{Heap after GC invocations=19 (full 0):
 garbage-first heap   total 91136K, used 53898K [0x0000000080000000, 0x0000000100000000)
  region size 1024K, 4 young (4096K), 4 survivors (4096K)
 Metaspace       used 49289K, committed 49920K, reserved 491520K
  class space    used 6920K, committed 7232K, reserved 425984K
}
Event: 100.085 GC heap before
{Heap before GC invocations=19 (full 0):
 garbage-first heap   total 91136K, used 73354K [0x0000000080000000, 0x0000000100000000)
  region size 1024K, 23 young (23552K), 4 survivors (4096K)
 Metaspace       used 51114K, committed 51840K, reserved 491520K
  class space    used 7223K, committed 7552K, reserved 425984K
}
Event: 100.088 GC heap after
{Heap after GC invocations=20 (full 0):
 garbage-first heap   total 91136K, used 54734K [0x0000000080000000, 0x0000000100000000)
  region size 1024K, 1 young (1024K), 1 survivors (1024K)
 Metaspace       used 51114K, committed 51840K, reserved 491520K
  class space    used 7223K, committed 7552K, reserved 425984K
}
Event: 100.377 GC heap before
{Heap before GC invocations=21 (full 0):
 garbage-first heap   total 97280K, used 63950K [0x0000000080000000, 0x0000000100000000)
  region size 1024K, 11 young (11264K), 1 survivors (1024K)
 Metaspace       used 51984K, committed 52672K, reserved 491520K
  class space    used 7372K, committed 7680K, reserved 425984K
}
Event: 100.380 GC heap after
{Heap after GC invocations=22 (full 0):
 garbage-first heap   total 97280K, used 55124K [0x0000000080000000, 0x0000000100000000)
  region size 1024K, 2 young (2048K), 2 survivors (2048K)
 Metaspace       used 51984K, committed 52672K, reserved 491520K
  class space    used 7372K, committed 7680K, reserved 425984K
}
Event: 100.917 GC heap before
{Heap before GC invocations=23 (full 0):
 garbage-first heap   total 106496K, used 80724K [0x0000000080000000, 0x0000000100000000)
  region size 1024K, 24 young (24576K), 2 survivors (2048K)
 Metaspace       used 53625K, committed 54336K, reserved 491520K
  class space    used 7578K, committed 7936K, reserved 425984K
}
Event: 100.919 GC heap after
{Heap after GC invocations=24 (full 0):
 garbage-first heap   total 106496K, used 60203K [0x0000000080000000, 0x0000000100000000)
  region size 1024K, 3 young (3072K), 3 survivors (3072K)
 Metaspace       used 53625K, committed 54336K, reserved 491520K
  class space    used 7578K, committed 7936K, reserved 425984K
}
Event: 101.445 GC heap before
{Heap before GC invocations=24 (full 0):
 garbage-first heap   total 106496K, used 84779K [0x0000000080000000, 0x0000000100000000)
  region size 1024K, 27 young (27648K), 3 survivors (3072K)
 Metaspace       used 55672K, committed 56320K, reserved 491520K
  class space    used 7876K, committed 8192K, reserved 425984K
}
Event: 101.449 GC heap after
{Heap after GC invocations=25 (full 0):
 garbage-first heap   total 106496K, used 61243K [0x0000000080000000, 0x0000000100000000)
  region size 1024K, 3 young (3072K), 3 survivors (3072K)
 Metaspace       used 55672K, committed 56320K, reserved 491520K
  class space    used 7876K, committed 8192K, reserved 425984K
}
Event: 101.978 GC heap before
{Heap before GC invocations=26 (full 0):
 garbage-first heap   total 109568K, used 85819K [0x0000000080000000, 0x0000000100000000)
  region size 1024K, 27 young (27648K), 3 survivors (3072K)
 Metaspace       used 58488K, committed 59200K, reserved 491520K
  class space    used 8237K, committed 8576K, reserved 425984K
}
Event: 101.981 GC heap after
{Heap after GC invocations=27 (full 0):
 garbage-first heap   total 109568K, used 62494K [0x0000000080000000, 0x0000000100000000)
  region size 1024K, 3 young (3072K), 3 survivors (3072K)
 Metaspace       used 58488K, committed 59200K, reserved 491520K
  class space    used 8237K, committed 8576K, reserved 425984K
}
Event: 102.822 GC heap before
{Heap before GC invocations=27 (full 0):
 garbage-first heap   total 109568K, used 88094K [0x0000000080000000, 0x0000000100000000)
  region size 1024K, 29 young (29696K), 3 survivors (3072K)
 Metaspace       used 60004K, committed 60736K, reserved 491520K
  class space    used 8461K, committed 8768K, reserved 425984K
}
Event: 102.828 GC heap after
{Heap after GC invocations=28 (full 0):
 garbage-first heap   total 109568K, used 65875K [0x0000000080000000, 0x0000000100000000)
  region size 1024K, 4 young (4096K), 4 survivors (4096K)
 Metaspace       used 60004K, committed 60736K, reserved 491520K
  class space    used 8461K, committed 8768K, reserved 425984K
}
Event: 103.289 GC heap before
{Heap before GC invocations=29 (full 0):
 garbage-first heap   total 119808K, used 89427K [0x0000000080000000, 0x0000000100000000)
  region size 1024K, 27 young (27648K), 4 survivors (4096K)
 Metaspace       used 61136K, committed 61824K, reserved 491520K
  class space    used 8634K, committed 8960K, reserved 425984K
}
Event: 103.294 GC heap after
{Heap after GC invocations=30 (full 0):
 garbage-first heap   total 119808K, used 67588K [0x0000000080000000, 0x0000000100000000)
  region size 1024K, 2 young (2048K), 2 survivors (2048K)
 Metaspace       used 61136K, committed 61824K, reserved 491520K
  class space    used 8634K, committed 8960K, reserved 425984K
}
Event: 103.338 GC heap before
{Heap before GC invocations=30 (full 0):
 garbage-first heap   total 119808K, used 70660K [0x0000000080000000, 0x0000000100000000)
  region size 1024K, 5 young (5120K), 2 survivors (2048K)
 Metaspace       used 61414K, committed 62144K, reserved 491520K
  class space    used 8680K, committed 9024K, reserved 425984K
}
Event: 103.340 GC heap after
{Heap after GC invocations=31 (full 0):
 garbage-first heap   total 119808K, used 67636K [0x0000000080000000, 0x0000000100000000)
  region size 1024K, 1 young (1024K), 1 survivors (1024K)
 Metaspace       used 61414K, committed 62144K, reserved 491520K
  class space    used 8680K, committed 9024K, reserved 425984K
}
Event: 104.551 GC heap before
{Heap before GC invocations=31 (full 0):
 garbage-first heap   total 119808K, used 97332K [0x0000000080000000, 0x0000000100000000)
  region size 1024K, 30 young (30720K), 1 survivors (1024K)
 Metaspace       used 63196K, committed 63872K, reserved 491520K
  class space    used 8941K, committed 9280K, reserved 425984K
}
Event: 104.556 GC heap after
{Heap after GC invocations=32 (full 0):
 garbage-first heap   total 119808K, used 71025K [0x0000000080000000, 0x0000000100000000)
  region size 1024K, 4 young (4096K), 4 survivors (4096K)
 Metaspace       used 63196K, committed 63872K, reserved 491520K
  class space    used 8941K, committed 9280K, reserved 425984K
}

