# JRE version: OpenJDK Runtime Environment Temurin-17.0.16+8 (17.0.16+8) (build 17.0.16+8)
# Java VM: OpenJDK 64-Bit Server VM Temurin-17.0.16+8 (17.0.16+8, mixed mode, sharing, tiered, compressed oops, compressed class ptrs, g1 gc, windows-amd64)
GC Precious Log:
 CPUs: 8 total, 8 available
 Memory: 6989M
 Large Page Support: Disabled
 NUMA Support: Disabled
 Compressed Oops: Enabled (32-bit)
 Heap Region Size: 1M
 Heap Min Capacity: 8M
 Heap Initial Capacity: 110M
 Heap Max Capacity: 1748M
 Pre-touch: Disabled
 Parallel Workers: 8
 Concurrent Workers: 2
 Concurrent Refinement Workers: 8
 Periodic GC: Disabled
Heap:
 garbage-first heap   total 169984K, used 134918K [0x0000000092c00000, 0x0000000100000000)
  region size 1024K, 57 young (58368K), 1 survivors (1024K)
 Metaspace       used 60019K, committed 60352K, reserved 1114112K
  class space    used 6864K, committed 7040K, reserved 1048576K
GC Heap History (20 events):
Event: 14.753 GC heap before
{Heap before GC invocations=12 (full 0):
 garbage-first heap   total 91136K, used 68477K [0x0000000092c00000, 0x0000000100000000)
  region size 1024K, 29 young (29696K), 5 survivors (5120K)
 Metaspace       used 51482K, committed 51776K, reserved 1114112K
  class space    used 6109K, committed 6272K, reserved 1048576K
}
Event: 14.774 GC heap after
{Heap after GC invocations=13 (full 0):
 garbage-first heap   total 109568K, used 49518K [0x0000000092c00000, 0x0000000100000000)
  region size 1024K, 4 young (4096K), 4 survivors (4096K)
 Metaspace       used 51482K, committed 51776K, reserved 1114112K
  class space    used 6109K, committed 6272K, reserved 1048576K
}
Event: 16.079 GC heap before
{Heap before GC invocations=13 (full 0):
 garbage-first heap   total 109568K, used 83310K [0x0000000092c00000, 0x0000000100000000)
  region size 1024K, 37 young (37888K), 4 survivors (4096K)
 Metaspace       used 51789K, committed 52032K, reserved 1114112K
  class space    used 6116K, committed 6272K, reserved 1048576K
}
Event: 16.103 GC heap after
{Heap after GC invocations=14 (full 0):
 garbage-first heap   total 109568K, used 56180K [0x0000000092c00000, 0x0000000100000000)
  region size 1024K, 5 young (5120K), 5 survivors (5120K)
 Metaspace       used 51789K, committed 52032K, reserved 1114112K
  class space    used 6116K, committed 6272K, reserved 1048576K
}
Event: 17.494 GC heap before
{Heap before GC invocations=14 (full 0):
 garbage-first heap   total 109568K, used 84852K [0x0000000092c00000, 0x0000000100000000)
  region size 1024K, 33 young (33792K), 5 survivors (5120K)
 Metaspace       used 52893K, committed 53184K, reserved 1114112K
  class space    used 6256K, committed 6400K, reserved 1048576K
}
Event: 17.525 GC heap after
{Heap after GC invocations=15 (full 0):
 garbage-first heap   total 109568K, used 61386K [0x0000000092c00000, 0x0000000100000000)
  region size 1024K, 5 young (5120K), 5 survivors (5120K)
 Metaspace       used 52893K, committed 53184K, reserved 1114112K
  class space    used 6256K, committed 6400K, reserved 1048576K
}
Event: 18.037 GC heap before
{Heap before GC invocations=16 (full 0):
 garbage-first heap   total 109568K, used 85962K [0x0000000092c00000, 0x0000000100000000)
  region size 1024K, 29 young (29696K), 5 survivors (5120K)
 Metaspace       used 52914K, committed 53184K, reserved 1114112K
  class space    used 6262K, committed 6400K, reserved 1048576K
}
Event: 18.059 GC heap after
{Heap after GC invocations=17 (full 0):
 garbage-first heap   total 109568K, used 66038K [0x0000000092c00000, 0x0000000100000000)
  region size 1024K, 4 young (4096K), 4 survivors (4096K)
 Metaspace       used 52914K, committed 53184K, reserved 1114112K
  class space    used 6262K, committed 6400K, reserved 1048576K
}
Event: 18.694 GC heap before
{Heap before GC invocations=17 (full 0):
 garbage-first heap   total 109568K, used 87542K [0x0000000092c00000, 0x0000000100000000)
  region size 1024K, 25 young (25600K), 4 survivors (4096K)
 Metaspace       used 52982K, committed 53312K, reserved 1114112K
  class space    used 6266K, committed 6464K, reserved 1048576K
}
Event: 18.713 GC heap after
{Heap after GC invocations=18 (full 0):
 garbage-first heap   total 109568K, used 70130K [0x0000000092c00000, 0x0000000100000000)
  region size 1024K, 4 young (4096K), 4 survivors (4096K)
 Metaspace       used 52982K, committed 53312K, reserved 1114112K
  class space    used 6266K, committed 6464K, reserved 1048576K
}
Event: 19.150 GC heap before
{Heap before GC invocations=19 (full 0):
 garbage-first heap   total 121856K, used 87538K [0x0000000092c00000, 0x0000000100000000)
  region size 1024K, 21 young (21504K), 4 survivors (4096K)
 Metaspace       used 53631K, committed 53952K, reserved 1114112K
  class space    used 6338K, committed 6528K, reserved 1048576K
}
Event: 19.163 GC heap after
{Heap after GC invocations=20 (full 0):
 garbage-first heap   total 121856K, used 71403K [0x0000000092c00000, 0x0000000100000000)
  region size 1024K, 2 young (2048K), 2 survivors (2048K)
 Metaspace       used 53631K, committed 53952K, reserved 1114112K
  class space    used 6338K, committed 6528K, reserved 1048576K
}
Event: 19.275 GC heap before
{Heap before GC invocations=20 (full 0):
 garbage-first heap   total 121856K, used 74475K [0x0000000092c00000, 0x0000000100000000)
  region size 1024K, 5 young (5120K), 2 survivors (2048K)
 Metaspace       used 53722K, committed 54080K, reserved 1114112K
  class space    used 6342K, committed 6528K, reserved 1048576K
}
Event: 19.282 GC heap after
{Heap after GC invocations=21 (full 0):
 garbage-first heap   total 121856K, used 70731K [0x0000000092c00000, 0x0000000100000000)
  region size 1024K, 1 young (1024K), 1 survivors (1024K)
 Metaspace       used 53722K, committed 54080K, reserved 1114112K
  class space    used 6342K, committed 6528K, reserved 1048576K
}
Event: 19.403 GC heap before
{Heap before GC invocations=21 (full 0):
 garbage-first heap   total 121856K, used 97355K [0x0000000092c00000, 0x0000000100000000)
  region size 1024K, 27 young (27648K), 1 survivors (1024K)
 Metaspace       used 53743K, committed 54080K, reserved 1114112K
  class space    used 6344K, committed 6528K, reserved 1048576K
}
Event: 19.406 GC heap after
{Heap after GC invocations=22 (full 0):
 garbage-first heap   total 169984K, used 70871K [0x0000000092c00000, 0x0000000100000000)
  region size 1024K, 1 young (1024K), 1 survivors (1024K)
 Metaspace       used 53743K, committed 54080K, reserved 1114112K
  class space    used 6344K, committed 6528K, reserved 1048576K
}
Event: 22.317 GC heap before
{Heap before GC invocations=23 (full 0):
 garbage-first heap   total 169984K, used 130263K [0x0000000092c00000, 0x0000000100000000)
  region size 1024K, 58 young (59392K), 1 survivors (1024K)
 Metaspace       used 57233K, committed 57600K, reserved 1114112K
  class space    used 6648K, committed 6848K, reserved 1048576K
}
Event: 22.339 GC heap after
{Heap after GC invocations=24 (full 0):
 garbage-first heap   total 169984K, used 76179K [0x0000000092c00000, 0x0000000100000000)
  region size 1024K, 6 young (6144K), 6 survivors (6144K)
 Metaspace       used 57233K, committed 57600K, reserved 1114112K
  class space    used 6648K, committed 6848K, reserved 1048576K
}
Event: 22.400 GC heap before
{Heap before GC invocations=24 (full 0):
 garbage-first heap   total 169984K, used 77203K [0x0000000092c00000, 0x0000000100000000)
  region size 1024K, 8 young (8192K), 6 survivors (6144K)
 Metaspace       used 57266K, committed 57664K, reserved 1114112K
  class space    used 6648K, committed 6848K, reserved 1048576K
}
Event: 22.414 GC heap after
{Heap after GC invocations=25 (full 0):
 garbage-first heap   total 169984K, used 76550K [0x0000000092c00000, 0x0000000100000000)
  region size 1024K, 1 young (1024K), 1 survivors (1024K)
 Metaspace       used 57266K, committed 57664K, reserved 1114112K
  class space    used 6648K, committed 6848K, reserved 1048576K
}

