# JRE version: OpenJDK Runtime Environment Temurin-17.0.16+8 (17.0.16+8) (build 17.0.16+8)
# Java VM: OpenJDK 64-Bit Server VM Temurin-17.0.16+8 (17.0.16+8, mixed mode, sharing, tiered, compressed oops, compressed class ptrs, g1 gc, windows-amd64)
GC Precious Log:
 CPUs: 8 total, 8 available
 Memory: 6989M
 Large Page Support: Disabled
 NUMA Support: Disabled
 Compressed Oops: Enabled (32-bit)
 Heap Region Size: 1M
 Heap Min Capacity: 8M
 Heap Initial Capacity: 110M
 Heap Max Capacity: 1748M
 Pre-touch: Disabled
 Parallel Workers: 8
 Concurrent Workers: 2
 Concurrent Refinement Workers: 8
 Periodic GC: Disabled
Heap:
 garbage-first heap   total 119808K, used 51155K [0x0000000092c00000, 0x0000000100000000)
  region size 1024K, 1 young (1024K), 1 survivors (1024K)
 Metaspace       used 51610K, committed 51904K, reserved 1114112K
  class space    used 6113K, committed 6272K, reserved 1048576K
GC Heap History (20 events):
Event: 2.040 GC heap after
{Heap after GC invocations=5 (full 0):
 garbage-first heap   total 61440K, used 23964K [0x0000000092c00000, 0x0000000100000000)
  region size 1024K, 5 young (5120K), 5 survivors (5120K)
 Metaspace       used 25725K, committed 25920K, reserved 1114112K
  class space    used 3443K, committed 3520K, reserved 1048576K
}
Event: 2.057 GC heap before
{Heap before GC invocations=5 (full 0):
 garbage-first heap   total 61440K, used 24988K [0x0000000092c00000, 0x0000000100000000)
  region size 1024K, 6 young (6144K), 5 survivors (5120K)
 Metaspace       used 25817K, committed 26048K, reserved 1114112K
  class space    used 3448K, committed 3584K, reserved 1048576K
}
Event: 2.064 GC heap after
{Heap after GC invocations=6 (full 0):
 garbage-first heap   total 61440K, used 25404K [0x0000000092c00000, 0x0000000100000000)
  region size 1024K, 1 young (1024K), 1 survivors (1024K)
 Metaspace       used 25817K, committed 26048K, reserved 1114112K
  class space    used 3448K, committed 3584K, reserved 1048576K
}
Event: 2.327 GC heap before
{Heap before GC invocations=6 (full 0):
 garbage-first heap   total 61440K, used 46908K [0x0000000092c00000, 0x0000000100000000)
  region size 1024K, 22 young (22528K), 1 survivors (1024K)
 Metaspace       used 29765K, committed 29952K, reserved 1114112K
  class space    used 3871K, committed 3968K, reserved 1048576K
}
Event: 2.332 GC heap after
{Heap after GC invocations=7 (full 0):
 garbage-first heap   total 116736K, used 25600K [0x0000000092c00000, 0x0000000100000000)
  region size 1024K, 3 young (3072K), 3 survivors (3072K)
 Metaspace       used 29765K, committed 29952K, reserved 1114112K
  class space    used 3871K, committed 3968K, reserved 1048576K
}
Event: 2.775 GC heap before
{Heap before GC invocations=7 (full 0):
 garbage-first heap   total 116736K, used 52224K [0x0000000092c00000, 0x0000000100000000)
  region size 1024K, 30 young (30720K), 3 survivors (3072K)
 Metaspace       used 35832K, committed 35968K, reserved 1114112K
  class space    used 4410K, committed 4480K, reserved 1048576K
}
Event: 2.782 GC heap after
{Heap after GC invocations=8 (full 0):
 garbage-first heap   total 116736K, used 28397K [0x0000000092c00000, 0x0000000100000000)
  region size 1024K, 6 young (6144K), 6 survivors (6144K)
 Metaspace       used 35832K, committed 35968K, reserved 1114112K
  class space    used 4410K, committed 4480K, reserved 1048576K
}
Event: 4.186 GC heap before
{Heap before GC invocations=9 (full 0):
 garbage-first heap   total 99328K, used 83693K [0x0000000092c00000, 0x0000000100000000)
  region size 1024K, 58 young (59392K), 6 survivors (6144K)
 Metaspace       used 46019K, committed 46272K, reserved 1114112K
  class space    used 5695K, committed 5824K, reserved 1048576K
}
Event: 4.205 GC heap after
{Heap after GC invocations=10 (full 0):
 garbage-first heap   total 99328K, used 38611K [0x0000000092c00000, 0x0000000100000000)
  region size 1024K, 8 young (8192K), 8 survivors (8192K)
 Metaspace       used 46019K, committed 46272K, reserved 1114112K
  class space    used 5695K, committed 5824K, reserved 1048576K
}
Event: 4.463 GC heap before
{Heap before GC invocations=10 (full 0):
 garbage-first heap   total 99328K, used 74451K [0x0000000092c00000, 0x0000000100000000)
  region size 1024K, 42 young (43008K), 8 survivors (8192K)
 Metaspace       used 46418K, committed 46656K, reserved 1114112K
  class space    used 5713K, committed 5824K, reserved 1048576K
}
Event: 4.475 GC heap after
{Heap after GC invocations=11 (full 0):
 garbage-first heap   total 99328K, used 41984K [0x0000000092c00000, 0x0000000100000000)
  region size 1024K, 3 young (3072K), 3 survivors (3072K)
 Metaspace       used 46418K, committed 46656K, reserved 1114112K
  class space    used 5713K, committed 5824K, reserved 1048576K
}
Event: 5.979 GC heap before
{Heap before GC invocations=11 (full 0):
 garbage-first heap   total 99328K, used 75776K [0x0000000092c00000, 0x0000000100000000)
  region size 1024K, 36 young (36864K), 3 survivors (3072K)
 Metaspace       used 51030K, committed 51328K, reserved 1114112K
  class space    used 6081K, committed 6272K, reserved 1048576K
}
Event: 7.000 GC heap after
{Heap after GC invocations=12 (full 0):
 garbage-first heap   total 119808K, used 48128K [0x0000000092c00000, 0x0000000100000000)
  region size 1024K, 5 young (5120K), 5 survivors (5120K)
 Metaspace       used 51030K, committed 51328K, reserved 1114112K
  class space    used 6081K, committed 6272K, reserved 1048576K
}
Event: 7.054 GC heap before
{Heap before GC invocations=12 (full 0):
 garbage-first heap   total 119808K, used 49152K [0x0000000092c00000, 0x0000000100000000)
  region size 1024K, 6 young (6144K), 5 survivors (5120K)
 Metaspace       used 51074K, committed 51392K, reserved 1114112K
  class space    used 6084K, committed 6272K, reserved 1048576K
}
Event: 7.061 GC heap after
{Heap after GC invocations=13 (full 0):
 garbage-first heap   total 119808K, used 49488K [0x0000000092c00000, 0x0000000100000000)
  region size 1024K, 1 young (1024K), 1 survivors (1024K)
 Metaspace       used 51074K, committed 51392K, reserved 1114112K
  class space    used 6084K, committed 6272K, reserved 1048576K
}
Event: 7.159 GC heap before
{Heap before GC invocations=13 (full 0):
 garbage-first heap   total 119808K, used 53584K [0x0000000092c00000, 0x0000000100000000)
  region size 1024K, 5 young (5120K), 1 survivors (1024K)
 Metaspace       used 51426K, committed 51712K, reserved 1114112K
  class space    used 6111K, committed 6272K, reserved 1048576K
}
Event: 7.163 GC heap after
{Heap after GC invocations=14 (full 0):
 garbage-first heap   total 119808K, used 49584K [0x0000000092c00000, 0x0000000100000000)
  region size 1024K, 1 young (1024K), 1 survivors (1024K)
 Metaspace       used 51426K, committed 51712K, reserved 1114112K
  class space    used 6111K, committed 6272K, reserved 1048576K
}
Event: 7.267 GC heap before
{Heap before GC invocations=14 (full 0):
 garbage-first heap   total 119808K, used 53680K [0x0000000092c00000, 0x0000000100000000)
  region size 1024K, 5 young (5120K), 1 survivors (1024K)
 Metaspace       used 51565K, committed 51840K, reserved 1114112K
  class space    used 6113K, committed 6272K, reserved 1048576K
}
Event: 7.271 GC heap after
{Heap after GC invocations=15 (full 0):
 garbage-first heap   total 119808K, used 50388K [0x0000000092c00000, 0x0000000100000000)
  region size 1024K, 1 young (1024K), 1 survivors (1024K)
 Metaspace       used 51565K, committed 51840K, reserved 1114112K
  class space    used 6113K, committed 6272K, reserved 1048576K
}
Event: 7.348 GC heap before
{Heap before GC invocations=15 (full 0):
 garbage-first heap   total 119808K, used 54484K [0x0000000092c00000, 0x0000000100000000)
  region size 1024K, 5 young (5120K), 1 survivors (1024K)
 Metaspace       used 51610K, committed 51904K, reserved 1114112K
  class space    used 6113K, committed 6272K, reserved 1048576K
}

