# JRE version: OpenJDK Runtime Environment Temurin-17.0.16+8 (17.0.16+8) (build 17.0.16+8)
# Java VM: OpenJDK 64-Bit Server VM Temurin-17.0.16+8 (17.0.16+8, mixed mode, sharing, tiered, compressed oops, compressed class ptrs, g1 gc, windows-amd64)
GC Precious Log:
 CPUs: 8 total, 8 available
 Memory: 5965M
 Large Page Support: Disabled
 NUMA Support: Disabled
 Compressed Oops: Enabled (32-bit)
 Heap Region Size: 1M
 Heap Min Capacity: 8M
 Heap Initial Capacity: 94M
 Heap Max Capacity: 2G
 Pre-touch: Disabled
 Parallel Workers: 8
 Concurrent Workers: 2
 Concurrent Refinement Workers: 8
 Periodic GC: Disabled
Heap:
 garbage-first heap   total 411648K, used 310313K [0x0000000080000000, 0x0000000100000000)
  region size 1024K, 33 young (33792K), 8 survivors (8192K)
 Metaspace       used 135670K, committed 137088K, reserved 557056K
  class space    used 17884K, committed 18560K, reserved 425984K
GC Heap History (20 events):
Event: 132.273 GC heap before
{Heap before GC invocations=81 (full 0):
 garbage-first heap   total 331776K, used 245321K [0x0000000080000000, 0x0000000100000000)
  region size 1024K, 25 young (25600K), 9 survivors (9216K)
 Metaspace       used 111479K, committed 112704K, reserved 557056K
  class space    used 15280K, committed 15872K, reserved 425984K
}
Event: 132.284 GC heap after
{Heap after GC invocations=82 (full 0):
 garbage-first heap   total 331776K, used 233384K [0x0000000080000000, 0x0000000100000000)
  region size 1024K, 6 young (6144K), 6 survivors (6144K)
 Metaspace       used 111479K, committed 112704K, reserved 557056K
  class space    used 15280K, committed 15872K, reserved 425984K
}
Event: 133.097 GC heap before
{Heap before GC invocations=83 (full 0):
 garbage-first heap   total 411648K, used 286632K [0x0000000080000000, 0x0000000100000000)
  region size 1024K, 49 young (50176K), 6 survivors (6144K)
 Metaspace       used 112963K, committed 114240K, reserved 557056K
  class space    used 15391K, committed 15936K, reserved 425984K
}
Event: 133.104 GC heap after
{Heap after GC invocations=84 (full 0):
 garbage-first heap   total 411648K, used 232843K [0x0000000080000000, 0x0000000100000000)
  region size 1024K, 7 young (7168K), 7 survivors (7168K)
 Metaspace       used 112963K, committed 114240K, reserved 557056K
  class space    used 15391K, committed 15936K, reserved 425984K
}
Event: 133.495 GC heap before
{Heap before GC invocations=84 (full 0):
 garbage-first heap   total 411648K, used 245131K [0x0000000080000000, 0x0000000100000000)
  region size 1024K, 20 young (20480K), 7 survivors (7168K)
 Metaspace       used 113682K, committed 114944K, reserved 557056K
  class space    used 15440K, committed 16000K, reserved 425984K
}
Event: 133.506 GC heap after
{Heap after GC invocations=85 (full 0):
 garbage-first heap   total 411648K, used 232759K [0x0000000080000000, 0x0000000100000000)
  region size 1024K, 2 young (2048K), 2 survivors (2048K)
 Metaspace       used 113682K, committed 114944K, reserved 557056K
  class space    used 15440K, committed 16000K, reserved 425984K
}
Event: 134.427 GC heap before
{Heap before GC invocations=85 (full 0):
 garbage-first heap   total 411648K, used 320823K [0x0000000080000000, 0x0000000100000000)
  region size 1024K, 89 young (91136K), 2 survivors (2048K)
 Metaspace       used 115904K, committed 117120K, reserved 557056K
  class space    used 15635K, committed 16192K, reserved 425984K
}
Event: 134.437 GC heap after
{Heap after GC invocations=86 (full 0):
 garbage-first heap   total 411648K, used 240318K [0x0000000080000000, 0x0000000100000000)
  region size 1024K, 10 young (10240K), 10 survivors (10240K)
 Metaspace       used 115904K, committed 117120K, reserved 557056K
  class space    used 15635K, committed 16192K, reserved 425984K
}
Event: 136.751 GC heap before
{Heap before GC invocations=86 (full 0):
 garbage-first heap   total 411648K, used 338622K [0x0000000080000000, 0x0000000100000000)
  region size 1024K, 99 young (101376K), 10 survivors (10240K)
 Metaspace       used 118054K, committed 119360K, reserved 557056K
  class space    used 15902K, committed 16512K, reserved 425984K
}
Event: 136.758 GC heap after
{Heap after GC invocations=87 (full 0):
 garbage-first heap   total 411648K, used 239199K [0x0000000080000000, 0x0000000100000000)
  region size 1024K, 4 young (4096K), 4 survivors (4096K)
 Metaspace       used 118054K, committed 119360K, reserved 557056K
  class space    used 15902K, committed 16512K, reserved 425984K
}
Event: 138.621 GC heap before
{Heap before GC invocations=87 (full 0):
 garbage-first heap   total 411648K, used 346719K [0x0000000080000000, 0x0000000100000000)
  region size 1024K, 102 young (104448K), 4 survivors (4096K)
 Metaspace       used 119750K, committed 121088K, reserved 557056K
  class space    used 16082K, committed 16704K, reserved 425984K
}
Event: 138.631 GC heap after
{Heap after GC invocations=88 (full 0):
 garbage-first heap   total 411648K, used 246091K [0x0000000080000000, 0x0000000100000000)
  region size 1024K, 11 young (11264K), 11 survivors (11264K)
 Metaspace       used 119750K, committed 121088K, reserved 557056K
  class space    used 16082K, committed 16704K, reserved 425984K
}
Event: 141.885 GC heap before
{Heap before GC invocations=88 (full 0):
 garbage-first heap   total 411648K, used 343371K [0x0000000080000000, 0x0000000100000000)
  region size 1024K, 101 young (103424K), 11 survivors (11264K)
 Metaspace       used 129886K, committed 131264K, reserved 557056K
  class space    used 17284K, committed 17920K, reserved 425984K
}
Event: 141.906 GC heap after
{Heap after GC invocations=89 (full 0):
 garbage-first heap   total 411648K, used 257940K [0x0000000080000000, 0x0000000100000000)
  region size 1024K, 10 young (10240K), 10 survivors (10240K)
 Metaspace       used 129886K, committed 131264K, reserved 557056K
  class space    used 17284K, committed 17920K, reserved 425984K
}
Event: 143.003 GC heap before
{Heap before GC invocations=89 (full 0):
 garbage-first heap   total 411648K, used 348052K [0x0000000080000000, 0x0000000100000000)
  region size 1024K, 93 young (95232K), 10 survivors (10240K)
 Metaspace       used 130811K, committed 132160K, reserved 557056K
  class space    used 17365K, committed 17984K, reserved 425984K
}
Event: 143.017 GC heap after
{Heap after GC invocations=90 (full 0):
 garbage-first heap   total 411648K, used 267005K [0x0000000080000000, 0x0000000100000000)
  region size 1024K, 11 young (11264K), 11 survivors (11264K)
 Metaspace       used 130811K, committed 132160K, reserved 557056K
  class space    used 17365K, committed 17984K, reserved 425984K
}
Event: 144.864 GC heap before
{Heap before GC invocations=90 (full 0):
 garbage-first heap   total 411648K, used 341757K [0x0000000080000000, 0x0000000100000000)
  region size 1024K, 84 young (86016K), 11 survivors (11264K)
 Metaspace       used 131626K, committed 132992K, reserved 557056K
  class space    used 17381K, committed 17984K, reserved 425984K
}
Event: 144.879 GC heap after
{Heap after GC invocations=91 (full 0):
 garbage-first heap   total 411648K, used 278136K [0x0000000080000000, 0x0000000100000000)
  region size 1024K, 11 young (11264K), 11 survivors (11264K)
 Metaspace       used 131626K, committed 132992K, reserved 557056K
  class space    used 17381K, committed 17984K, reserved 425984K
}
Event: 146.660 GC heap before
{Heap before GC invocations=91 (full 0):
 garbage-first heap   total 411648K, used 341624K [0x0000000080000000, 0x0000000100000000)
  region size 1024K, 74 young (75776K), 11 survivors (11264K)
 Metaspace       used 134571K, committed 136000K, reserved 557056K
  class space    used 17724K, committed 18368K, reserved 425984K
}
Event: 146.675 GC heap after
{Heap after GC invocations=92 (full 0):
 garbage-first heap   total 411648K, used 282665K [0x0000000080000000, 0x0000000100000000)
  region size 1024K, 8 young (8192K), 8 survivors (8192K)
 Metaspace       used 134571K, committed 136000K, reserved 557056K
  class space    used 17724K, committed 18368K, reserved 425984K
}

