# JRE version: OpenJDK Runtime Environment Temurin-17.0.16+8 (17.0.16+8) (build 17.0.16+8)
# Java VM: OpenJDK 64-Bit Server VM Temurin-17.0.16+8 (17.0.16+8, mixed mode, sharing, tiered, compressed oops, compressed class ptrs, g1 gc, windows-amd64)
GC Precious Log:
 CPUs: 8 total, 8 available
 Memory: 5965M
 Large Page Support: Disabled
 NUMA Support: Disabled
 Compressed Oops: Enabled (32-bit)
 Heap Region Size: 1M
 Heap Min Capacity: 8M
 Heap Initial Capacity: 94M
 Heap Max Capacity: 2G
 Pre-touch: Disabled
 Parallel Workers: 8
 Concurrent Workers: 2
 Concurrent Refinement Workers: 8
 Periodic GC: Disabled
Heap:
 garbage-first heap   total 81920K, used 55605K [0x0000000080000000, 0x0000000100000000)
  region size 1024K, 24 young (24576K), 2 survivors (2048K)
 Metaspace       used 38009K, committed 38464K, reserved 491520K
  class space    used 5262K, committed 5440K, reserved 425984K
GC Heap History (18 events):
Event: 0.906 GC heap before
{Heap before GC invocations=0 (full 0):
 garbage-first heap   total 96256K, used 26624K [0x0000000080000000, 0x0000000100000000)
  region size 1024K, 23 young (23552K), 0 survivors (0K)
 Metaspace       used 3026K, committed 3200K, reserved 491520K
  class space    used 387K, committed 448K, reserved 425984K
}
Event: 0.913 GC heap after
{Heap after GC invocations=1 (full 0):
 garbage-first heap   total 96256K, used 10688K [0x0000000080000000, 0x0000000100000000)
  region size 1024K, 3 young (3072K), 3 survivors (3072K)
 Metaspace       used 3026K, committed 3200K, reserved 491520K
  class space    used 387K, committed 448K, reserved 425984K
}
Event: 1.783 GC heap before
{Heap before GC invocations=1 (full 0):
 garbage-first heap   total 96256K, used 38336K [0x0000000080000000, 0x0000000100000000)
  region size 1024K, 30 young (30720K), 3 survivors (3072K)
 Metaspace       used 4007K, committed 4160K, reserved 491520K
  class space    used 490K, committed 576K, reserved 425984K
}
Event: 1.789 GC heap after
{Heap after GC invocations=2 (full 0):
 garbage-first heap   total 96256K, used 12199K [0x0000000080000000, 0x0000000100000000)
  region size 1024K, 2 young (2048K), 2 survivors (2048K)
 Metaspace       used 4007K, committed 4160K, reserved 491520K
  class space    used 490K, committed 576K, reserved 425984K
}
Event: 4.803 GC heap before
{Heap before GC invocations=2 (full 0):
 garbage-first heap   total 96256K, used 65447K [0x0000000080000000, 0x0000000100000000)
  region size 1024K, 53 young (54272K), 2 survivors (2048K)
 Metaspace       used 12651K, committed 12864K, reserved 491520K
  class space    used 1767K, committed 1856K, reserved 425984K
}
Event: 4.809 GC heap after
{Heap after GC invocations=3 (full 0):
 garbage-first heap   total 96256K, used 19266K [0x0000000080000000, 0x0000000100000000)
  region size 1024K, 7 young (7168K), 7 survivors (7168K)
 Metaspace       used 12651K, committed 12864K, reserved 491520K
  class space    used 1767K, committed 1856K, reserved 425984K
}
Event: 6.627 GC heap before
{Heap before GC invocations=3 (full 0):
 garbage-first heap   total 96256K, used 63298K [0x0000000080000000, 0x0000000100000000)
  region size 1024K, 50 young (51200K), 7 survivors (7168K)
 Metaspace       used 18706K, committed 19008K, reserved 491520K
  class space    used 2740K, committed 2880K, reserved 425984K
}
Event: 6.635 GC heap after
{Heap after GC invocations=4 (full 0):
 garbage-first heap   total 96256K, used 22346K [0x0000000080000000, 0x0000000100000000)
  region size 1024K, 3 young (3072K), 3 survivors (3072K)
 Metaspace       used 18706K, committed 19008K, reserved 491520K
  class space    used 2740K, committed 2880K, reserved 425984K
}
Event: 28.246 GC heap before
{Heap before GC invocations=4 (full 0):
 garbage-first heap   total 96256K, used 41802K [0x0000000080000000, 0x0000000100000000)
  region size 1024K, 23 young (23552K), 3 survivors (3072K)
 Metaspace       used 21212K, committed 21504K, reserved 491520K
  class space    used 3133K, committed 3264K, reserved 425984K
}
Event: 28.251 GC heap after
{Heap after GC invocations=5 (full 0):
 garbage-first heap   total 96256K, used 22912K [0x0000000080000000, 0x0000000100000000)
  region size 1024K, 4 young (4096K), 4 survivors (4096K)
 Metaspace       used 21212K, committed 21504K, reserved 491520K
  class space    used 3133K, committed 3264K, reserved 425984K
}
Event: 29.357 GC heap before
{Heap before GC invocations=6 (full 0):
 garbage-first heap   total 81920K, used 66944K [0x0000000080000000, 0x0000000100000000)
  region size 1024K, 48 young (49152K), 4 survivors (4096K)
 Metaspace       used 29433K, committed 29760K, reserved 491520K
  class space    used 4146K, committed 4288K, reserved 425984K
}
Event: 29.363 GC heap after
{Heap after GC invocations=7 (full 0):
 garbage-first heap   total 81920K, used 27424K [0x0000000080000000, 0x0000000100000000)
  region size 1024K, 6 young (6144K), 6 survivors (6144K)
 Metaspace       used 29433K, committed 29760K, reserved 491520K
  class space    used 4146K, committed 4288K, reserved 425984K
}
Event: 29.935 GC heap before
{Heap before GC invocations=7 (full 0):
 garbage-first heap   total 81920K, used 65312K [0x0000000080000000, 0x0000000100000000)
  region size 1024K, 39 young (39936K), 6 survivors (6144K)
 Metaspace       used 32148K, committed 32512K, reserved 491520K
  class space    used 4440K, committed 4608K, reserved 425984K
}
Event: 29.940 GC heap after
{Heap after GC invocations=8 (full 0):
 garbage-first heap   total 81920K, used 29617K [0x0000000080000000, 0x0000000100000000)
  region size 1024K, 3 young (3072K), 3 survivors (3072K)
 Metaspace       used 32148K, committed 32512K, reserved 491520K
  class space    used 4440K, committed 4608K, reserved 425984K
}
Event: 64.185 GC heap before
{Heap before GC invocations=8 (full 0):
 garbage-first heap   total 81920K, used 61361K [0x0000000080000000, 0x0000000100000000)
  region size 1024K, 34 young (34816K), 3 survivors (3072K)
 Metaspace       used 33611K, committed 34048K, reserved 491520K
  class space    used 4635K, committed 4800K, reserved 425984K
}
Event: 64.211 GC heap after
{Heap after GC invocations=9 (full 0):
 garbage-first heap   total 81920K, used 32860K [0x0000000080000000, 0x0000000100000000)
  region size 1024K, 4 young (4096K), 4 survivors (4096K)
 Metaspace       used 33611K, committed 34048K, reserved 491520K
  class space    used 4635K, committed 4800K, reserved 425984K
}
Event: 65.878 GC heap before
{Heap before GC invocations=9 (full 0):
 garbage-first heap   total 81920K, used 61532K [0x0000000080000000, 0x0000000100000000)
  region size 1024K, 32 young (32768K), 4 survivors (4096K)
 Metaspace       used 35672K, committed 36096K, reserved 491520K
  class space    used 4859K, committed 5056K, reserved 425984K
}
Event: 65.892 GC heap after
{Heap after GC invocations=10 (full 0):
 garbage-first heap   total 81920K, used 35125K [0x0000000080000000, 0x0000000100000000)
  region size 1024K, 2 young (2048K), 2 survivors (2048K)
 Metaspace       used 35672K, committed 36096K, reserved 491520K
  class space    used 4859K, committed 5056K, reserved 425984K
}

