# JRE version: OpenJDK Runtime Environment Temurin-17.0.16+8 (17.0.16+8) (build 17.0.16+8)
# Java VM: OpenJDK 64-Bit Server VM Temurin-17.0.16+8 (17.0.16+8, mixed mode, sharing, tiered, compressed oops, compressed class ptrs, g1 gc, windows-amd64)
GC Precious Log:
 CPUs: 8 total, 8 available
 Memory: 5965M
 Large Page Support: Disabled
 NUMA Support: Disabled
 Compressed Oops: Enabled (32-bit)
 Heap Region Size: 1M
 Heap Min Capacity: 8M
 Heap Initial Capacity: 94M
 Heap Max Capacity: 1492M
 Pre-touch: Disabled
 Parallel Workers: 8
 Concurrent Workers: 2
 Concurrent Refinement Workers: 8
 Periodic GC: Disabled
Heap:
 garbage-first heap   total 126976K, used 95118K [0x00000000a2c00000, 0x0000000100000000)
  region size 1024K, 24 young (24576K), 1 survivors (1024K)
 Metaspace       used 75435K, committed 75776K, reserved 1179648K
  class space    used 8529K, committed 8704K, reserved 1048576K
GC Heap History (20 events):
Event: 13.996 GC heap before
{Heap before GC invocations=12 (full 0):
 garbage-first heap   total 112640K, used 82679K [0x00000000a2c00000, 0x0000000100000000)
  region size 1024K, 53 young (54272K), 7 survivors (7168K)
 Metaspace       used 51287K, committed 51584K, reserved 1114112K
  class space    used 6245K, committed 6400K, reserved 1048576K
}
Event: 14.022 GC heap after
{Heap after GC invocations=13 (full 0):
 garbage-first heap   total 112640K, used 42532K [0x00000000a2c00000, 0x0000000100000000)
  region size 1024K, 7 young (7168K), 7 survivors (7168K)
 Metaspace       used 51287K, committed 51584K, reserved 1114112K
  class space    used 6245K, committed 6400K, reserved 1048576K
}
Event: 16.789 GC heap before
{Heap before GC invocations=13 (full 0):
 garbage-first heap   total 112640K, used 84516K [0x00000000a2c00000, 0x0000000100000000)
  region size 1024K, 48 young (49152K), 7 survivors (7168K)
 Metaspace       used 52019K, committed 52352K, reserved 1114112K
  class space    used 6299K, committed 6464K, reserved 1048576K
}
Event: 16.819 GC heap after
{Heap after GC invocations=14 (full 0):
 garbage-first heap   total 112640K, used 48944K [0x00000000a2c00000, 0x0000000100000000)
  region size 1024K, 6 young (6144K), 6 survivors (6144K)
 Metaspace       used 52019K, committed 52352K, reserved 1114112K
  class space    used 6299K, committed 6464K, reserved 1048576K
}
Event: 26.138 GC heap before
{Heap before GC invocations=14 (full 0):
 garbage-first heap   total 112640K, used 85808K [0x00000000a2c00000, 0x0000000100000000)
  region size 1024K, 42 young (43008K), 6 survivors (6144K)
 Metaspace       used 55548K, committed 55872K, reserved 1114112K
  class space    used 6673K, committed 6848K, reserved 1048576K
}
Event: 26.159 GC heap after
{Heap after GC invocations=15 (full 0):
 garbage-first heap   total 112640K, used 53760K [0x00000000a2c00000, 0x0000000100000000)
  region size 1024K, 4 young (4096K), 4 survivors (4096K)
 Metaspace       used 55548K, committed 55872K, reserved 1114112K
  class space    used 6673K, committed 6848K, reserved 1048576K
}
Event: 29.235 GC heap before
{Heap before GC invocations=15 (full 0):
 garbage-first heap   total 112640K, used 85504K [0x00000000a2c00000, 0x0000000100000000)
  region size 1024K, 36 young (36864K), 4 survivors (4096K)
 Metaspace       used 57774K, committed 58048K, reserved 1114112K
  class space    used 6759K, committed 6912K, reserved 1048576K
}
Event: 29.252 GC heap after
{Heap after GC invocations=16 (full 0):
 garbage-first heap   total 112640K, used 58230K [0x00000000a2c00000, 0x0000000100000000)
  region size 1024K, 4 young (4096K), 4 survivors (4096K)
 Metaspace       used 57774K, committed 58048K, reserved 1114112K
  class space    used 6759K, committed 6912K, reserved 1048576K
}
Event: 30.697 GC heap before
{Heap before GC invocations=17 (full 0):
 garbage-first heap   total 114688K, used 89974K [0x00000000a2c00000, 0x0000000100000000)
  region size 1024K, 34 young (34816K), 4 survivors (4096K)
 Metaspace       used 59767K, committed 60096K, reserved 1114112K
  class space    used 6959K, committed 7104K, reserved 1048576K
}
Event: 30.711 GC heap after
{Heap after GC invocations=18 (full 0):
 garbage-first heap   total 114688K, used 60638K [0x00000000a2c00000, 0x0000000100000000)
  region size 1024K, 3 young (3072K), 3 survivors (3072K)
 Metaspace       used 59767K, committed 60096K, reserved 1114112K
  class space    used 6959K, committed 7104K, reserved 1048576K
}
Event: 31.927 GC heap before
{Heap before GC invocations=18 (full 0):
 garbage-first heap   total 114688K, used 91358K [0x00000000a2c00000, 0x0000000100000000)
  region size 1024K, 33 young (33792K), 3 survivors (3072K)
 Metaspace       used 64782K, committed 65152K, reserved 1114112K
  class space    used 7442K, committed 7616K, reserved 1048576K
}
Event: 31.943 GC heap after
{Heap after GC invocations=19 (full 0):
 garbage-first heap   total 114688K, used 64202K [0x00000000a2c00000, 0x0000000100000000)
  region size 1024K, 5 young (5120K), 5 survivors (5120K)
 Metaspace       used 64782K, committed 65152K, reserved 1114112K
  class space    used 7442K, committed 7616K, reserved 1048576K
}
Event: 32.923 GC heap before
{Heap before GC invocations=20 (full 0):
 garbage-first heap   total 114688K, used 91850K [0x00000000a2c00000, 0x0000000100000000)
  region size 1024K, 32 young (32768K), 5 survivors (5120K)
 Metaspace       used 68906K, committed 69312K, reserved 1114112K
  class space    used 7863K, committed 8064K, reserved 1048576K
}
Event: 32.941 GC heap after
{Heap after GC invocations=21 (full 0):
 garbage-first heap   total 114688K, used 68245K [0x00000000a2c00000, 0x0000000100000000)
  region size 1024K, 4 young (4096K), 4 survivors (4096K)
 Metaspace       used 68906K, committed 69312K, reserved 1114112K
  class space    used 7863K, committed 8064K, reserved 1048576K
}
Event: 33.632 GC heap before
{Heap before GC invocations=21 (full 0):
 garbage-first heap   total 114688K, used 91797K [0x00000000a2c00000, 0x0000000100000000)
  region size 1024K, 28 young (28672K), 4 survivors (4096K)
 Metaspace       used 73486K, committed 73856K, reserved 1114112K
  class space    used 8397K, committed 8576K, reserved 1048576K
}
Event: 33.643 GC heap after
{Heap after GC invocations=22 (full 0):
 garbage-first heap   total 114688K, used 70890K [0x00000000a2c00000, 0x0000000100000000)
  region size 1024K, 3 young (3072K), 3 survivors (3072K)
 Metaspace       used 73486K, committed 73856K, reserved 1114112K
  class space    used 8397K, committed 8576K, reserved 1048576K
}
Event: 34.090 GC heap before
{Heap before GC invocations=23 (full 0):
 garbage-first heap   total 126976K, used 92394K [0x00000000a2c00000, 0x0000000100000000)
  region size 1024K, 24 young (24576K), 3 survivors (3072K)
 Metaspace       used 74110K, committed 74432K, reserved 1179648K
  class space    used 8414K, committed 8576K, reserved 1048576K
}
Event: 34.100 GC heap after
{Heap after GC invocations=24 (full 0):
 garbage-first heap   total 126976K, used 72948K [0x00000000a2c00000, 0x0000000100000000)
  region size 1024K, 3 young (3072K), 3 survivors (3072K)
 Metaspace       used 74110K, committed 74432K, reserved 1179648K
  class space    used 8414K, committed 8576K, reserved 1048576K
}
Event: 34.132 GC heap before
{Heap before GC invocations=24 (full 0):
 garbage-first heap   total 126976K, used 76020K [0x00000000a2c00000, 0x0000000100000000)
  region size 1024K, 6 young (6144K), 3 survivors (3072K)
 Metaspace       used 74164K, committed 74496K, reserved 1179648K
  class space    used 8423K, committed 8576K, reserved 1048576K
}
Event: 34.138 GC heap after
{Heap after GC invocations=25 (full 0):
 garbage-first heap   total 126976K, used 72590K [0x00000000a2c00000, 0x0000000100000000)
  region size 1024K, 1 young (1024K), 1 survivors (1024K)
 Metaspace       used 74164K, committed 74496K, reserved 1179648K
  class space    used 8423K, committed 8576K, reserved 1048576K
}

