# JRE version: OpenJDK Runtime Environment Temurin-17.0.16+8 (17.0.16+8) (build 17.0.16+8)
# Java VM: OpenJDK 64-Bit Server VM Temurin-17.0.16+8 (17.0.16+8, mixed mode, sharing, tiered, compressed oops, compressed class ptrs, g1 gc, windows-amd64)
GC Precious Log:
 CPUs: 8 total, 8 available
 Memory: 5965M
 Large Page Support: Disabled
 NUMA Support: Disabled
 Compressed Oops: Enabled (32-bit)
 Heap Region Size: 1M
 Heap Min Capacity: 8M
 Heap Initial Capacity: 94M
 Heap Max Capacity: 2G
 Pre-touch: Disabled
 Parallel Workers: 8
 Concurrent Workers: 2
 Concurrent Refinement Workers: 8
 Periodic GC: Disabled
Heap:
 garbage-first heap   total 390144K, used 329740K [0x0000000080000000, 0x0000000100000000)
  region size 1024K, 13 young (13312K), 3 survivors (3072K)
 Metaspace       used 136888K, committed 138880K, reserved 557056K
  class space    used 18006K, committed 18816K, reserved 425984K
GC Heap History (20 events):
Event: 128.192 GC heap before
{Heap before GC invocations=83 (full 0):
 garbage-first heap   total 390144K, used 342116K [0x0000000080000000, 0x0000000100000000)
  region size 1024K, 19 young (19456K), 2 survivors (2048K)
 Metaspace       used 137110K, committed 138624K, reserved 557056K
  class space    used 18023K, committed 18688K, reserved 425984K
}
Event: 128.196 GC heap after
{Heap after GC invocations=84 (full 0):
 garbage-first heap   total 390144K, used 325507K [0x0000000080000000, 0x0000000100000000)
  region size 1024K, 3 young (3072K), 3 survivors (3072K)
 Metaspace       used 137110K, committed 138624K, reserved 557056K
  class space    used 18023K, committed 18688K, reserved 425984K
}
Event: 128.508 GC heap before
{Heap before GC invocations=84 (full 0):
 garbage-first heap   total 390144K, used 342915K [0x0000000080000000, 0x0000000100000000)
  region size 1024K, 20 young (20480K), 3 survivors (3072K)
 Metaspace       used 137148K, committed 138624K, reserved 557056K
  class space    used 18023K, committed 18688K, reserved 425984K
}
Event: 128.513 GC heap after
{Heap after GC invocations=85 (full 0):
 garbage-first heap   total 390144K, used 326305K [0x0000000080000000, 0x0000000100000000)
  region size 1024K, 3 young (3072K), 3 survivors (3072K)
 Metaspace       used 137148K, committed 138624K, reserved 557056K
  class space    used 18023K, committed 18688K, reserved 425984K
}
Event: 128.639 GC heap before
{Heap before GC invocations=85 (full 0):
 garbage-first heap   total 390144K, used 343713K [0x0000000080000000, 0x0000000100000000)
  region size 1024K, 20 young (20480K), 3 survivors (3072K)
 Metaspace       used 137161K, committed 138624K, reserved 557056K
  class space    used 18023K, committed 18688K, reserved 425984K
}
Event: 128.643 GC heap after
{Heap after GC invocations=86 (full 0):
 garbage-first heap   total 390144K, used 327422K [0x0000000080000000, 0x0000000100000000)
  region size 1024K, 2 young (2048K), 2 survivors (2048K)
 Metaspace       used 137161K, committed 138624K, reserved 557056K
  class space    used 18023K, committed 18688K, reserved 425984K
}
Event: 129.151 GC heap before
{Heap before GC invocations=86 (full 0):
 garbage-first heap   total 390144K, used 344830K [0x0000000080000000, 0x0000000100000000)
  region size 1024K, 19 young (19456K), 2 survivors (2048K)
 Metaspace       used 137210K, committed 138688K, reserved 557056K
  class space    used 18023K, committed 18688K, reserved 425984K
}
Event: 129.155 GC heap after
{Heap after GC invocations=87 (full 0):
 garbage-first heap   total 390144K, used 327762K [0x0000000080000000, 0x0000000100000000)
  region size 1024K, 2 young (2048K), 2 survivors (2048K)
 Metaspace       used 137210K, committed 138688K, reserved 557056K
  class space    used 18023K, committed 18688K, reserved 425984K
}
Event: 133.738 GC heap before
{Heap before GC invocations=87 (full 0):
 garbage-first heap   total 390144K, used 345170K [0x0000000080000000, 0x0000000100000000)
  region size 1024K, 19 young (19456K), 2 survivors (2048K)
 Metaspace       used 137304K, committed 138816K, reserved 557056K
  class space    used 18027K, committed 18752K, reserved 425984K
}
Event: 133.744 GC heap after
{Heap after GC invocations=88 (full 0):
 garbage-first heap   total 390144K, used 328612K [0x0000000080000000, 0x0000000100000000)
  region size 1024K, 2 young (2048K), 2 survivors (2048K)
 Metaspace       used 137304K, committed 138816K, reserved 557056K
  class space    used 18027K, committed 18752K, reserved 425984K
}
Event: 135.473 GC heap before
{Heap before GC invocations=88 (full 0):
 garbage-first heap   total 390144K, used 346020K [0x0000000080000000, 0x0000000100000000)
  region size 1024K, 19 young (19456K), 2 survivors (2048K)
 Metaspace       used 137375K, committed 138880K, reserved 557056K
  class space    used 18028K, committed 18752K, reserved 425984K
}
Event: 135.479 GC heap after
{Heap after GC invocations=89 (full 0):
 garbage-first heap   total 390144K, used 329210K [0x0000000080000000, 0x0000000100000000)
  region size 1024K, 2 young (2048K), 2 survivors (2048K)
 Metaspace       used 137375K, committed 138880K, reserved 557056K
  class space    used 18028K, committed 18752K, reserved 425984K
}
Event: 135.959 GC heap before
{Heap before GC invocations=89 (full 0):
 garbage-first heap   total 390144K, used 345594K [0x0000000080000000, 0x0000000100000000)
  region size 1024K, 19 young (19456K), 2 survivors (2048K)
 Metaspace       used 137419K, committed 138944K, reserved 557056K
  class space    used 18028K, committed 18752K, reserved 425984K
}
Event: 135.963 GC heap after
{Heap after GC invocations=90 (full 0):
 garbage-first heap   total 390144K, used 329183K [0x0000000080000000, 0x0000000100000000)
  region size 1024K, 3 young (3072K), 3 survivors (3072K)
 Metaspace       used 137419K, committed 138944K, reserved 557056K
  class space    used 18028K, committed 18752K, reserved 425984K
}
Event: 136.300 GC heap before
{Heap before GC invocations=90 (full 0):
 garbage-first heap   total 390144K, used 348639K [0x0000000080000000, 0x0000000100000000)
  region size 1024K, 19 young (19456K), 3 survivors (3072K)
 Metaspace       used 137457K, committed 139008K, reserved 557056K
  class space    used 18032K, committed 18752K, reserved 425984K
}
Event: 136.305 GC heap after
{Heap after GC invocations=91 (full 0):
 garbage-first heap   total 390144K, used 333156K [0x0000000080000000, 0x0000000100000000)
  region size 1024K, 3 young (3072K), 3 survivors (3072K)
 Metaspace       used 137457K, committed 139008K, reserved 557056K
  class space    used 18032K, committed 18752K, reserved 425984K
}
Event: 136.583 GC heap before
{Heap before GC invocations=91 (full 0):
 garbage-first heap   total 390144K, used 351588K [0x0000000080000000, 0x0000000100000000)
  region size 1024K, 19 young (19456K), 3 survivors (3072K)
 Metaspace       used 137706K, committed 139200K, reserved 557056K
  class space    used 18054K, committed 18752K, reserved 425984K
}
Event: 136.588 GC heap after
{Heap after GC invocations=92 (full 0):
 garbage-first heap   total 390144K, used 340335K [0x0000000080000000, 0x0000000100000000)
  region size 1024K, 3 young (3072K), 3 survivors (3072K)
 Metaspace       used 137706K, committed 139200K, reserved 557056K
  class space    used 18054K, committed 18752K, reserved 425984K
}
Event: 137.028 GC heap before
{Heap before GC invocations=92 (full 0):
 garbage-first heap   total 390144K, used 356719K [0x0000000080000000, 0x0000000100000000)
  region size 1024K, 19 young (19456K), 3 survivors (3072K)
 Metaspace       used 137940K, committed 139456K, reserved 557056K
  class space    used 18083K, committed 18752K, reserved 425984K
}
Event: 137.047 GC heap after
{Heap after GC invocations=93 (full 0):
 garbage-first heap   total 390144K, used 341004K [0x0000000080000000, 0x0000000100000000)
  region size 1024K, 3 young (3072K), 3 survivors (3072K)
 Metaspace       used 137940K, committed 139456K, reserved 557056K
  class space    used 18083K, committed 18752K, reserved 425984K
}

