# JRE version: OpenJDK Runtime Environment Temurin-17.0.16+8 (17.0.16+8) (build 17.0.16+8)
# Java VM: OpenJDK 64-Bit Server VM Temurin-17.0.16+8 (17.0.16+8, mixed mode, sharing, tiered, compressed oops, compressed class ptrs, g1 gc, windows-amd64)
GC Precious Log:
 CPUs: 8 total, 8 available
 Memory: 5965M
 Large Page Support: Disabled
 NUMA Support: Disabled
 Compressed Oops: Enabled (32-bit)
 Heap Region Size: 1M
 Heap Min Capacity: 8M
 Heap Initial Capacity: 94M
 Heap Max Capacity: 2G
 Pre-touch: Disabled
 Parallel Workers: 8
 Concurrent Workers: 2
 Concurrent Refinement Workers: 8
 Periodic GC: Disabled
Heap:
 garbage-first heap   total 337920K, used 269071K [0x0000000080000000, 0x0000000100000000)
  region size 1024K, 10 young (10240K), 4 survivors (4096K)
 Metaspace       used 131517K, committed 132992K, reserved 557056K
  class space    used 17606K, committed 18304K, reserved 425984K
GC Heap History (20 events):
Event: 80.910 GC heap before
{Heap before GC invocations=64 (full 0):
 garbage-first heap   total 337920K, used 284408K [0x0000000080000000, 0x0000000100000000)
  region size 1024K, 66 young (67584K), 8 survivors (8192K)
 Metaspace       used 128055K, committed 129472K, reserved 557056K
  class space    used 17466K, committed 18176K, reserved 425984K
}
Event: 80.935 GC heap after
{Heap after GC invocations=65 (full 0):
 garbage-first heap   total 337920K, used 230281K [0x0000000080000000, 0x0000000100000000)
  region size 1024K, 9 young (9216K), 9 survivors (9216K)
 Metaspace       used 128055K, committed 129472K, reserved 557056K
  class space    used 17466K, committed 18176K, reserved 425984K
}
Event: 83.090 GC heap before
{Heap before GC invocations=65 (full 0):
 garbage-first heap   total 337920K, used 287625K [0x0000000080000000, 0x0000000100000000)
  region size 1024K, 58 young (59392K), 9 survivors (9216K)
 Metaspace       used 128729K, committed 130176K, reserved 557056K
  class space    used 17485K, committed 18176K, reserved 425984K
}
Event: 83.101 GC heap after
{Heap after GC invocations=66 (full 0):
 garbage-first heap   total 337920K, used 228803K [0x0000000080000000, 0x0000000100000000)
  region size 1024K, 5 young (5120K), 5 survivors (5120K)
 Metaspace       used 128729K, committed 130176K, reserved 557056K
  class space    used 17485K, committed 18176K, reserved 425984K
}
Event: 84.079 GC heap before
{Heap before GC invocations=66 (full 0):
 garbage-first heap   total 337920K, used 282051K [0x0000000080000000, 0x0000000100000000)
  region size 1024K, 56 young (57344K), 5 survivors (5120K)
 Metaspace       used 129208K, committed 130688K, reserved 557056K
  class space    used 17512K, committed 18240K, reserved 425984K
}
Event: 84.093 GC heap after
{Heap after GC invocations=67 (full 0):
 garbage-first heap   total 337920K, used 243579K [0x0000000080000000, 0x0000000100000000)
  region size 1024K, 7 young (7168K), 7 survivors (7168K)
 Metaspace       used 129208K, committed 130688K, reserved 557056K
  class space    used 17512K, committed 18240K, reserved 425984K
}
Event: 84.888 GC heap before
{Heap before GC invocations=67 (full 0):
 garbage-first heap   total 337920K, used 282491K [0x0000000080000000, 0x0000000100000000)
  region size 1024K, 45 young (46080K), 7 survivors (7168K)
 Metaspace       used 129824K, committed 131264K, reserved 557056K
  class space    used 17528K, committed 18240K, reserved 425984K
}
Event: 84.901 GC heap after
{Heap after GC invocations=68 (full 0):
 garbage-first heap   total 337920K, used 248968K [0x0000000080000000, 0x0000000100000000)
  region size 1024K, 5 young (5120K), 5 survivors (5120K)
 Metaspace       used 129824K, committed 131264K, reserved 557056K
  class space    used 17528K, committed 18240K, reserved 425984K
}
Event: 85.594 GC heap before
{Heap before GC invocations=68 (full 0):
 garbage-first heap   total 337920K, used 284808K [0x0000000080000000, 0x0000000100000000)
  region size 1024K, 40 young (40960K), 5 survivors (5120K)
 Metaspace       used 130283K, committed 131712K, reserved 557056K
  class space    used 17530K, committed 18240K, reserved 425984K
}
Event: 85.600 GC heap after
{Heap after GC invocations=69 (full 0):
 garbage-first heap   total 337920K, used 250316K [0x0000000080000000, 0x0000000100000000)
  region size 1024K, 2 young (2048K), 2 survivors (2048K)
 Metaspace       used 130283K, committed 131712K, reserved 557056K
  class space    used 17530K, committed 18240K, reserved 425984K
}
Event: 86.748 GC heap before
{Heap before GC invocations=69 (full 0):
 garbage-first heap   total 337920K, used 288204K [0x0000000080000000, 0x0000000100000000)
  region size 1024K, 39 young (39936K), 2 survivors (2048K)
 Metaspace       used 130430K, committed 131840K, reserved 557056K
  class space    used 17536K, committed 18240K, reserved 425984K
}
Event: 86.754 GC heap after
{Heap after GC invocations=70 (full 0):
 garbage-first heap   total 337920K, used 251513K [0x0000000080000000, 0x0000000100000000)
  region size 1024K, 3 young (3072K), 3 survivors (3072K)
 Metaspace       used 130430K, committed 131840K, reserved 557056K
  class space    used 17536K, committed 18240K, reserved 425984K
}
Event: 87.993 GC heap before
{Heap before GC invocations=70 (full 0):
 garbage-first heap   total 337920K, used 290425K [0x0000000080000000, 0x0000000100000000)
  region size 1024K, 41 young (41984K), 3 survivors (3072K)
 Metaspace       used 130560K, committed 131968K, reserved 557056K
  class space    used 17536K, committed 18240K, reserved 425984K
}
Event: 87.998 GC heap after
{Heap after GC invocations=71 (full 0):
 garbage-first heap   total 337920K, used 252837K [0x0000000080000000, 0x0000000100000000)
  region size 1024K, 5 young (5120K), 5 survivors (5120K)
 Metaspace       used 130560K, committed 131968K, reserved 557056K
  class space    used 17536K, committed 18240K, reserved 425984K
}
Event: 91.389 GC heap before
{Heap before GC invocations=71 (full 0):
 garbage-first heap   total 337920K, used 291749K [0x0000000080000000, 0x0000000100000000)
  region size 1024K, 43 young (44032K), 5 survivors (5120K)
 Metaspace       used 130737K, committed 132160K, reserved 557056K
  class space    used 17540K, committed 18240K, reserved 425984K
}
Event: 91.394 GC heap after
{Heap after GC invocations=72 (full 0):
 garbage-first heap   total 337920K, used 252576K [0x0000000080000000, 0x0000000100000000)
  region size 1024K, 5 young (5120K), 5 survivors (5120K)
 Metaspace       used 130737K, committed 132160K, reserved 557056K
  class space    used 17540K, committed 18240K, reserved 425984K
}
Event: 96.650 GC heap before
{Heap before GC invocations=72 (full 0):
 garbage-first heap   total 337920K, used 296608K [0x0000000080000000, 0x0000000100000000)
  region size 1024K, 45 young (46080K), 5 survivors (5120K)
 Metaspace       used 131030K, committed 132544K, reserved 557056K
  class space    used 17557K, committed 18304K, reserved 425984K
}
Event: 96.659 GC heap after
{Heap after GC invocations=73 (full 0):
 garbage-first heap   total 337920K, used 259670K [0x0000000080000000, 0x0000000100000000)
  region size 1024K, 6 young (6144K), 6 survivors (6144K)
 Metaspace       used 131030K, committed 132544K, reserved 557056K
  class space    used 17557K, committed 18304K, reserved 425984K
}
Event: 97.559 GC heap before
{Heap before GC invocations=73 (full 0):
 garbage-first heap   total 337920K, used 294486K [0x0000000080000000, 0x0000000100000000)
  region size 1024K, 39 young (39936K), 6 survivors (6144K)
 Metaspace       used 131447K, committed 132928K, reserved 557056K
  class space    used 17601K, committed 18304K, reserved 425984K
}
Event: 97.566 GC heap after
{Heap after GC invocations=74 (full 0):
 garbage-first heap   total 337920K, used 261903K [0x0000000080000000, 0x0000000100000000)
  region size 1024K, 4 young (4096K), 4 survivors (4096K)
 Metaspace       used 131447K, committed 132928K, reserved 557056K
  class space    used 17601K, committed 18304K, reserved 425984K
}

