# JRE version: OpenJDK Runtime Environment Temurin-17.0.16+8 (17.0.16+8) (build 17.0.16+8)
# Java VM: OpenJDK 64-Bit Server VM Temurin-17.0.16+8 (17.0.16+8, mixed mode, sharing, tiered, compressed oops, compressed class ptrs, g1 gc, windows-amd64)
GC Precious Log:
 CPUs: 8 total, 8 available
 Memory: 5965M
 Large Page Support: Disabled
 NUMA Support: Disabled
 Compressed Oops: Enabled (32-bit)
 Heap Region Size: 1M
 Heap Min Capacity: 8M
 Heap Initial Capacity: 94M
 Heap Max Capacity: 2G
 Pre-touch: Disabled
 Parallel Workers: 8
 Concurrent Workers: 2
 Concurrent Refinement Workers: 8
 Periodic GC: Disabled
Heap:
 garbage-first heap   total 260096K, used 211082K [0x0000000080000000, 0x0000000100000000)
  region size 1024K, 26 young (26624K), 5 survivors (5120K)
 Metaspace       used 94665K, committed 95872K, reserved 557056K
  class space    used 13228K, committed 13760K, reserved 425984K
GC Heap History (20 events):
Event: 55.473 GC heap before
{Heap before GC invocations=44 (full 0):
 garbage-first heap   total 183296K, used 152983K [0x0000000080000000, 0x0000000100000000)
  region size 1024K, 41 young (41984K), 7 survivors (7168K)
 Metaspace       used 89885K, committed 90816K, reserved 557056K
  class space    used 12656K, committed 13056K, reserved 425984K
}
Event: 55.480 GC heap after
{Heap after GC invocations=45 (full 0):
 garbage-first heap   total 183296K, used 125545K [0x0000000080000000, 0x0000000100000000)
  region size 1024K, 6 young (6144K), 6 survivors (6144K)
 Metaspace       used 89885K, committed 90816K, reserved 557056K
  class space    used 12656K, committed 13056K, reserved 425984K
}
Event: 56.104 GC heap before
{Heap before GC invocations=45 (full 0):
 garbage-first heap   total 183296K, used 156265K [0x0000000080000000, 0x0000000100000000)
  region size 1024K, 32 young (32768K), 6 survivors (6144K)
 Metaspace       used 90176K, committed 91136K, reserved 557056K
  class space    used 12685K, committed 13120K, reserved 425984K
}
Event: 56.110 GC heap after
{Heap after GC invocations=46 (full 0):
 garbage-first heap   total 183296K, used 138065K [0x0000000080000000, 0x0000000100000000)
  region size 1024K, 4 young (4096K), 4 survivors (4096K)
 Metaspace       used 90176K, committed 91136K, reserved 557056K
  class space    used 12685K, committed 13120K, reserved 425984K
}
Event: 56.392 GC heap before
{Heap before GC invocations=46 (full 0):
 garbage-first heap   total 183296K, used 160593K [0x0000000080000000, 0x0000000100000000)
  region size 1024K, 22 young (22528K), 4 survivors (4096K)
 Metaspace       used 90367K, committed 91392K, reserved 557056K
  class space    used 12713K, committed 13184K, reserved 425984K
}
Event: 56.397 GC heap after
{Heap after GC invocations=47 (full 0):
 garbage-first heap   total 183296K, used 149615K [0x0000000080000000, 0x0000000100000000)
  region size 1024K, 3 young (3072K), 3 survivors (3072K)
 Metaspace       used 90367K, committed 91392K, reserved 557056K
  class space    used 12713K, committed 13184K, reserved 425984K
}
Event: 56.564 GC heap before
{Heap before GC invocations=47 (full 0):
 garbage-first heap   total 183296K, used 157807K [0x0000000080000000, 0x0000000100000000)
  region size 1024K, 11 young (11264K), 3 survivors (3072K)
 Metaspace       used 90561K, committed 91584K, reserved 557056K
  class space    used 12736K, committed 13184K, reserved 425984K
}
Event: 56.568 GC heap after
{Heap after GC invocations=48 (full 0):
 garbage-first heap   total 183296K, used 151701K [0x0000000080000000, 0x0000000100000000)
  region size 1024K, 2 young (2048K), 2 survivors (2048K)
 Metaspace       used 90561K, committed 91584K, reserved 557056K
  class space    used 12736K, committed 13184K, reserved 425984K
}
Event: 56.711 GC heap before
{Heap before GC invocations=49 (full 0):
 garbage-first heap   total 260096K, used 157845K [0x0000000080000000, 0x0000000100000000)
  region size 1024K, 9 young (9216K), 2 survivors (2048K)
 Metaspace       used 90614K, committed 91648K, reserved 557056K
  class space    used 12737K, committed 13184K, reserved 425984K
}
Event: 56.713 GC heap after
{Heap after GC invocations=50 (full 0):
 garbage-first heap   total 260096K, used 152502K [0x0000000080000000, 0x0000000100000000)
  region size 1024K, 1 young (1024K), 1 survivors (1024K)
 Metaspace       used 90614K, committed 91648K, reserved 557056K
  class space    used 12737K, committed 13184K, reserved 425984K
}
Event: 56.877 GC heap before
{Heap before GC invocations=50 (full 0):
 garbage-first heap   total 260096K, used 163766K [0x0000000080000000, 0x0000000100000000)
  region size 1024K, 12 young (12288K), 1 survivors (1024K)
 Metaspace       used 90668K, committed 91776K, reserved 557056K
  class space    used 12743K, committed 13248K, reserved 425984K
}
Event: 56.883 GC heap after
{Heap after GC invocations=51 (full 0):
 garbage-first heap   total 260096K, used 155463K [0x0000000080000000, 0x0000000100000000)
  region size 1024K, 2 young (2048K), 2 survivors (2048K)
 Metaspace       used 90668K, committed 91776K, reserved 557056K
  class space    used 12743K, committed 13248K, reserved 425984K
}
Event: 57.796 GC heap before
{Heap before GC invocations=51 (full 0):
 garbage-first heap   total 260096K, used 207687K [0x0000000080000000, 0x0000000100000000)
  region size 1024K, 53 young (54272K), 2 survivors (2048K)
 Metaspace       used 92671K, committed 93760K, reserved 557056K
  class space    used 13001K, committed 13504K, reserved 425984K
}
Event: 57.804 GC heap after
{Heap after GC invocations=52 (full 0):
 garbage-first heap   total 260096K, used 163252K [0x0000000080000000, 0x0000000100000000)
  region size 1024K, 7 young (7168K), 7 survivors (7168K)
 Metaspace       used 92671K, committed 93760K, reserved 557056K
  class space    used 13001K, committed 13504K, reserved 425984K
}
Event: 58.828 GC heap before
{Heap before GC invocations=52 (full 0):
 garbage-first heap   total 260096K, used 213428K [0x0000000080000000, 0x0000000100000000)
  region size 1024K, 53 young (54272K), 7 survivors (7168K)
 Metaspace       used 93048K, committed 94208K, reserved 557056K
  class space    used 13048K, committed 13568K, reserved 425984K
}
Event: 58.837 GC heap after
{Heap after GC invocations=53 (full 0):
 garbage-first heap   total 260096K, used 179173K [0x0000000080000000, 0x0000000100000000)
  region size 1024K, 7 young (7168K), 7 survivors (7168K)
 Metaspace       used 93048K, committed 94208K, reserved 557056K
  class space    used 13048K, committed 13568K, reserved 425984K
}
Event: 157.058 GC heap before
{Heap before GC invocations=53 (full 0):
 garbage-first heap   total 260096K, used 212965K [0x0000000080000000, 0x0000000100000000)
  region size 1024K, 40 young (40960K), 7 survivors (7168K)
 Metaspace       used 94238K, committed 95488K, reserved 557056K
  class space    used 13203K, committed 13760K, reserved 425984K
}
Event: 157.119 GC heap after
{Heap after GC invocations=54 (full 0):
 garbage-first heap   total 260096K, used 185446K [0x0000000080000000, 0x0000000100000000)
  region size 1024K, 5 young (5120K), 5 survivors (5120K)
 Metaspace       used 94238K, committed 95488K, reserved 557056K
  class space    used 13203K, committed 13760K, reserved 425984K
}
Event: 164.081 GC heap before
{Heap before GC invocations=54 (full 0):
 garbage-first heap   total 260096K, used 214118K [0x0000000080000000, 0x0000000100000000)
  region size 1024K, 34 young (34816K), 5 survivors (5120K)
 Metaspace       used 94534K, committed 95744K, reserved 557056K
  class space    used 13224K, committed 13760K, reserved 425984K
}
Event: 164.092 GC heap after
{Heap after GC invocations=55 (full 0):
 garbage-first heap   total 260096K, used 190602K [0x0000000080000000, 0x0000000100000000)
  region size 1024K, 5 young (5120K), 5 survivors (5120K)
 Metaspace       used 94534K, committed 95744K, reserved 557056K
  class space    used 13224K, committed 13760K, reserved 425984K
}

