# JRE version: OpenJDK Runtime Environment Temurin-17.0.16+8 (17.0.16+8) (build 17.0.16+8)
# Java VM: OpenJDK 64-Bit Server VM Temurin-17.0.16+8 (17.0.16+8, mixed mode, sharing, tiered, compressed oops, compressed class ptrs, g1 gc, windows-amd64)
GC Precious Log:
 CPUs: 8 total, 8 available
 Memory: 5965M
 Large Page Support: Disabled
 NUMA Support: Disabled
 Compressed Oops: Enabled (32-bit)
 Heap Region Size: 1M
 Heap Min Capacity: 8M
 Heap Initial Capacity: 94M
 Heap Max Capacity: 1492M
 Pre-touch: Disabled
 Parallel Workers: 8
 Concurrent Workers: 2
 Concurrent Refinement Workers: 8
 Periodic GC: Disabled
Heap:
 garbage-first heap   total 61440K, used 42559K [0x00000000a2c00000, 0x0000000100000000)
  region size 1024K, 22 young (22528K), 3 survivors (3072K)
 Metaspace       used 34427K, committed 34688K, reserved 1114112K
  class space    used 4322K, committed 4416K, reserved 1048576K
GC Heap History (12 events):
Event: 0.581 GC heap before
{Heap before GC invocations=0 (full 0):
 garbage-first heap   total 96256K, used 27648K [0x00000000a2c00000, 0x0000000100000000)
  region size 1024K, 23 young (23552K), 0 survivors (0K)
 Metaspace       used 6470K, committed 6656K, reserved 1114112K
  class space    used 653K, committed 768K, reserved 1048576K
}
Event: 0.585 GC heap after
{Heap after GC invocations=1 (full 0):
 garbage-first heap   total 96256K, used 6912K [0x00000000a2c00000, 0x0000000100000000)
  region size 1024K, 3 young (3072K), 3 survivors (3072K)
 Metaspace       used 6470K, committed 6656K, reserved 1114112K
  class space    used 653K, committed 768K, reserved 1048576K
}
Event: 2.604 GC heap before
{Heap before GC invocations=1 (full 0):
 garbage-first heap   total 96256K, used 39680K [0x00000000a2c00000, 0x0000000100000000)
  region size 1024K, 35 young (35840K), 3 survivors (3072K)
 Metaspace       used 13902K, committed 14144K, reserved 1114112K
  class space    used 1579K, committed 1728K, reserved 1048576K
}
Event: 2.618 GC heap after
{Heap after GC invocations=2 (full 0):
 garbage-first heap   total 96256K, used 10462K [0x00000000a2c00000, 0x0000000100000000)
  region size 1024K, 4 young (4096K), 4 survivors (4096K)
 Metaspace       used 13902K, committed 14144K, reserved 1114112K
  class space    used 1579K, committed 1728K, reserved 1048576K
}
Event: 3.361 GC heap before
{Heap before GC invocations=2 (full 0):
 garbage-first heap   total 96256K, used 41182K [0x00000000a2c00000, 0x0000000100000000)
  region size 1024K, 31 young (31744K), 4 survivors (4096K)
 Metaspace       used 21261K, committed 21504K, reserved 1114112K
  class space    used 2744K, committed 2880K, reserved 1048576K
}
Event: 3.369 GC heap after
{Heap after GC invocations=3 (full 0):
 garbage-first heap   total 96256K, used 16601K [0x00000000a2c00000, 0x0000000100000000)
  region size 1024K, 6 young (6144K), 6 survivors (6144K)
 Metaspace       used 21261K, committed 21504K, reserved 1114112K
  class space    used 2744K, committed 2880K, reserved 1048576K
}
Event: 4.503 GC heap before
{Heap before GC invocations=4 (full 0):
 garbage-first heap   total 61440K, used 49369K [0x00000000a2c00000, 0x0000000100000000)
  region size 1024K, 36 young (36864K), 6 survivors (6144K)
 Metaspace       used 26228K, committed 26496K, reserved 1114112K
  class space    used 3531K, committed 3648K, reserved 1048576K
}
Event: 4.521 GC heap after
{Heap after GC invocations=5 (full 0):
 garbage-first heap   total 61440K, used 23689K [0x00000000a2c00000, 0x0000000100000000)
  region size 1024K, 5 young (5120K), 5 survivors (5120K)
 Metaspace       used 26228K, committed 26496K, reserved 1114112K
  class space    used 3531K, committed 3648K, reserved 1048576K
}
Event: 4.537 GC heap before
{Heap before GC invocations=5 (full 0):
 garbage-first heap   total 61440K, used 24713K [0x00000000a2c00000, 0x0000000100000000)
  region size 1024K, 6 young (6144K), 5 survivors (5120K)
 Metaspace       used 26371K, committed 26624K, reserved 1114112K
  class space    used 3547K, committed 3648K, reserved 1048576K
}
Event: 4.545 GC heap after
{Heap after GC invocations=6 (full 0):
 garbage-first heap   total 61440K, used 25140K [0x00000000a2c00000, 0x0000000100000000)
  region size 1024K, 1 young (1024K), 1 survivors (1024K)
 Metaspace       used 26371K, committed 26624K, reserved 1114112K
  class space    used 3547K, committed 3648K, reserved 1048576K
}
Event: 6.436 GC heap before
{Heap before GC invocations=6 (full 0):
 garbage-first heap   total 61440K, used 45620K [0x00000000a2c00000, 0x0000000100000000)
  region size 1024K, 22 young (22528K), 1 survivors (1024K)
 Metaspace       used 30171K, committed 30400K, reserved 1114112K
  class space    used 3928K, committed 4032K, reserved 1048576K
}
Event: 6.442 GC heap after
{Heap after GC invocations=7 (full 0):
 garbage-first heap   total 61440K, used 25151K [0x00000000a2c00000, 0x0000000100000000)
  region size 1024K, 3 young (3072K), 3 survivors (3072K)
 Metaspace       used 30171K, committed 30400K, reserved 1114112K
  class space    used 3928K, committed 4032K, reserved 1048576K
}

