# JRE version: OpenJDK Runtime Environment Temurin-17.0.16+8 (17.0.16+8) (build 17.0.16+8)
# Java VM: OpenJDK 64-Bit Server VM Temurin-17.0.16+8 (17.0.16+8, mixed mode, sharing, tiered, compressed oops, compressed class ptrs, g1 gc, windows-amd64)
GC Precious Log:
 CPUs: 8 total, 8 available
 Memory: 5965M
 Large Page Support: Disabled
 NUMA Support: Disabled
 Compressed Oops: Enabled (32-bit)
 Heap Region Size: 1M
 Heap Min Capacity: 8M
 Heap Initial Capacity: 94M
 Heap Max Capacity: 2G
 Pre-touch: Disabled
 Parallel Workers: 8
 Concurrent Workers: 2
 Concurrent Refinement Workers: 8
 Periodic GC: Disabled
Heap:
 garbage-first heap   total 402432K, used 249299K [0x0000000080000000, 0x0000000100000000)
  region size 1024K, 48 young (49152K), 14 survivors (14336K)
 Metaspace       used 116226K, committed 117632K, reserved 557056K
  class space    used 16072K, committed 16704K, reserved 425984K
GC Heap History (20 events):
Event: 241.540 GC heap before
{Heap before GC invocations=45 (full 0):
 garbage-first heap   total 237568K, used 199052K [0x0000000080000000, 0x0000000100000000)
  region size 1024K, 47 young (48128K), 2 survivors (2048K)
 Metaspace       used 106525K, committed 107712K, reserved 557056K
  class space    used 14788K, committed 15296K, reserved 425984K
}
Event: 241.550 GC heap after
{Heap after GC invocations=46 (full 0):
 garbage-first heap   total 237568K, used 165888K [0x0000000080000000, 0x0000000100000000)
  region size 1024K, 6 young (6144K), 6 survivors (6144K)
 Metaspace       used 106525K, committed 107712K, reserved 557056K
  class space    used 14788K, committed 15296K, reserved 425984K
}
Event: 241.980 GC heap before
{Heap before GC invocations=46 (full 0):
 garbage-first heap   total 237568K, used 195584K [0x0000000080000000, 0x0000000100000000)
  region size 1024K, 35 young (35840K), 6 survivors (6144K)
 Metaspace       used 106809K, committed 107968K, reserved 557056K
  class space    used 14831K, committed 15360K, reserved 425984K
}
Event: 241.991 GC heap after
{Heap after GC invocations=47 (full 0):
 garbage-first heap   total 237568K, used 174432K [0x0000000080000000, 0x0000000100000000)
  region size 1024K, 5 young (5120K), 5 survivors (5120K)
 Metaspace       used 106809K, committed 107968K, reserved 557056K
  class space    used 14831K, committed 15360K, reserved 425984K
}
Event: 242.366 GC heap before
{Heap before GC invocations=47 (full 0):
 garbage-first heap   total 237568K, used 196960K [0x0000000080000000, 0x0000000100000000)
  region size 1024K, 27 young (27648K), 5 survivors (5120K)
 Metaspace       used 108310K, committed 109504K, reserved 557056K
  class space    used 15006K, committed 15552K, reserved 425984K
}
Event: 242.370 GC heap after
{Heap after GC invocations=48 (full 0):
 garbage-first heap   total 237568K, used 176241K [0x0000000080000000, 0x0000000100000000)
  region size 1024K, 2 young (2048K), 2 survivors (2048K)
 Metaspace       used 108310K, committed 109504K, reserved 557056K
  class space    used 15006K, committed 15552K, reserved 425984K
}
Event: 242.839 GC heap before
{Heap before GC invocations=48 (full 0):
 garbage-first heap   total 237568K, used 198769K [0x0000000080000000, 0x0000000100000000)
  region size 1024K, 24 young (24576K), 2 survivors (2048K)
 Metaspace       used 108707K, committed 109888K, reserved 557056K
  class space    used 15049K, committed 15552K, reserved 425984K
}
Event: 242.843 GC heap after
{Heap after GC invocations=49 (full 0):
 garbage-first heap   total 237568K, used 179966K [0x0000000080000000, 0x0000000100000000)
  region size 1024K, 3 young (3072K), 3 survivors (3072K)
 Metaspace       used 108707K, committed 109888K, reserved 557056K
  class space    used 15049K, committed 15552K, reserved 425984K
}
Event: 243.183 GC heap before
{Heap before GC invocations=49 (full 0):
 garbage-first heap   total 237568K, used 202494K [0x0000000080000000, 0x0000000100000000)
  region size 1024K, 23 young (23552K), 3 survivors (3072K)
 Metaspace       used 109008K, committed 110208K, reserved 557056K
  class space    used 15095K, committed 15616K, reserved 425984K
}
Event: 243.190 GC heap after
{Heap after GC invocations=50 (full 0):
 garbage-first heap   total 237568K, used 189324K [0x0000000080000000, 0x0000000100000000)
  region size 1024K, 3 young (3072K), 3 survivors (3072K)
 Metaspace       used 109008K, committed 110208K, reserved 557056K
  class space    used 15095K, committed 15616K, reserved 425984K
}
Event: 243.585 GC heap before
{Heap before GC invocations=50 (full 0):
 garbage-first heap   total 237568K, used 201612K [0x0000000080000000, 0x0000000100000000)
  region size 1024K, 16 young (16384K), 3 survivors (3072K)
 Metaspace       used 109049K, committed 110336K, reserved 557056K
  class space    used 15101K, committed 15680K, reserved 425984K
}
Event: 243.590 GC heap after
{Heap after GC invocations=51 (full 0):
 garbage-first heap   total 237568K, used 192077K [0x0000000080000000, 0x0000000100000000)
  region size 1024K, 2 young (2048K), 2 survivors (2048K)
 Metaspace       used 109049K, committed 110336K, reserved 557056K
  class space    used 15101K, committed 15680K, reserved 425984K
}
Event: 243.858 GC heap before
{Heap before GC invocations=52 (full 0):
 garbage-first heap   total 334848K, used 205389K [0x0000000080000000, 0x0000000100000000)
  region size 1024K, 14 young (14336K), 2 survivors (2048K)
 Metaspace       used 109191K, committed 110464K, reserved 557056K
  class space    used 15124K, committed 15680K, reserved 425984K
}
Event: 243.864 GC heap after
{Heap after GC invocations=53 (full 0):
 garbage-first heap   total 334848K, used 198291K [0x0000000080000000, 0x0000000100000000)
  region size 1024K, 2 young (2048K), 2 survivors (2048K)
 Metaspace       used 109191K, committed 110464K, reserved 557056K
  class space    used 15124K, committed 15680K, reserved 425984K
}
Event: 244.081 GC heap before
{Heap before GC invocations=53 (full 0):
 garbage-first heap   total 334848K, used 212627K [0x0000000080000000, 0x0000000100000000)
  region size 1024K, 16 young (16384K), 2 survivors (2048K)
 Metaspace       used 109403K, committed 110656K, reserved 557056K
  class space    used 15145K, committed 15680K, reserved 425984K
}
Event: 244.089 GC heap after
{Heap after GC invocations=54 (full 0):
 garbage-first heap   total 334848K, used 198863K [0x0000000080000000, 0x0000000100000000)
  region size 1024K, 2 young (2048K), 2 survivors (2048K)
 Metaspace       used 109403K, committed 110656K, reserved 557056K
  class space    used 15145K, committed 15680K, reserved 425984K
}
Event: 245.092 GC heap before
{Heap before GC invocations=54 (full 0):
 garbage-first heap   total 334848K, used 265423K [0x0000000080000000, 0x0000000100000000)
  region size 1024K, 67 young (68608K), 2 survivors (2048K)
 Metaspace       used 114162K, committed 115520K, reserved 557056K
  class space    used 15842K, committed 16448K, reserved 425984K
}
Event: 245.100 GC heap after
{Heap after GC invocations=55 (full 0):
 garbage-first heap   total 402432K, used 203006K [0x0000000080000000, 0x0000000100000000)
  region size 1024K, 7 young (7168K), 7 survivors (7168K)
 Metaspace       used 114162K, committed 115520K, reserved 557056K
  class space    used 15842K, committed 16448K, reserved 425984K
}
Event: 246.707 GC heap before
{Heap before GC invocations=55 (full 0):
 garbage-first heap   total 402432K, used 307454K [0x0000000080000000, 0x0000000100000000)
  region size 1024K, 109 young (111616K), 7 survivors (7168K)
 Metaspace       used 116080K, committed 117440K, reserved 557056K
  class space    used 16059K, committed 16640K, reserved 425984K
}
Event: 246.724 GC heap after
{Heap after GC invocations=56 (full 0):
 garbage-first heap   total 402432K, used 215507K [0x0000000080000000, 0x0000000100000000)
  region size 1024K, 14 young (14336K), 14 survivors (14336K)
 Metaspace       used 116080K, committed 117440K, reserved 557056K
  class space    used 16059K, committed 16640K, reserved 425984K
}

