# JRE version: OpenJDK Runtime Environment Temurin-17.0.16+8 (17.0.16+8) (build 17.0.16+8)
# Java VM: OpenJDK 64-Bit Server VM Temurin-17.0.16+8 (17.0.16+8, mixed mode, sharing, tiered, compressed oops, compressed class ptrs, g1 gc, windows-amd64)
GC Precious Log:
 CPUs: 8 total, 8 available
 Memory: 5965M
 Large Page Support: Disabled
 NUMA Support: Disabled
 Compressed Oops: Enabled (32-bit)
 Heap Region Size: 1M
 Heap Min Capacity: 8M
 Heap Initial Capacity: 94M
 Heap Max Capacity: 2G
 Pre-touch: Disabled
 Parallel Workers: 8
 Concurrent Workers: 2
 Concurrent Refinement Workers: 8
 Periodic GC: Disabled
Heap:
 garbage-first heap   total 300032K, used 232438K [0x0000000080000000, 0x0000000100000000)
  region size 1024K, 34 young (34816K), 7 survivors (7168K)
 Metaspace       used 96896K, committed 98368K, reserved 557056K
  class space    used 13470K, committed 14144K, reserved 425984K
GC Heap History (20 events):
Event: 56.255 GC heap before
{Heap before GC invocations=29 (full 0):
 garbage-first heap   total 153600K, used 131209K [0x0000000080000000, 0x0000000100000000)
  region size 1024K, 37 young (37888K), 1 survivors (1024K)
 Metaspace       used 71882K, committed 72576K, reserved 491520K
  class space    used 10038K, committed 10368K, reserved 425984K
}
Event: 56.260 GC heap after
{Heap after GC invocations=30 (full 0):
 garbage-first heap   total 300032K, used 92288K [0x0000000080000000, 0x0000000100000000)
  region size 1024K, 5 young (5120K), 5 survivors (5120K)
 Metaspace       used 71882K, committed 72576K, reserved 491520K
  class space    used 10038K, committed 10368K, reserved 425984K
}
Event: 74.866 GC heap before
{Heap before GC invocations=30 (full 0):
 garbage-first heap   total 300032K, used 235648K [0x0000000080000000, 0x0000000100000000)
  region size 1024K, 145 young (148480K), 5 survivors (5120K)
 Metaspace       used 79129K, committed 79936K, reserved 557056K
  class space    used 11019K, committed 11392K, reserved 425984K
}
Event: 74.873 GC heap after
{Heap after GC invocations=31 (full 0):
 garbage-first heap   total 300032K, used 101104K [0x0000000080000000, 0x0000000100000000)
  region size 1024K, 14 young (14336K), 14 survivors (14336K)
 Metaspace       used 79129K, committed 79936K, reserved 557056K
  class space    used 11019K, committed 11392K, reserved 425984K
}
Event: 76.677 GC heap before
{Heap before GC invocations=31 (full 0):
 garbage-first heap   total 300032K, used 235248K [0x0000000080000000, 0x0000000100000000)
  region size 1024K, 144 young (147456K), 14 survivors (14336K)
 Metaspace       used 86670K, committed 87488K, reserved 557056K
  class space    used 12229K, committed 12608K, reserved 425984K
}
Event: 76.687 GC heap after
{Heap after GC invocations=32 (full 0):
 garbage-first heap   total 300032K, used 108443K [0x0000000080000000, 0x0000000100000000)
  region size 1024K, 16 young (16384K), 16 survivors (16384K)
 Metaspace       used 86670K, committed 87488K, reserved 557056K
  class space    used 12229K, committed 12608K, reserved 425984K
}
Event: 79.572 GC heap before
{Heap before GC invocations=32 (full 0):
 garbage-first heap   total 300032K, used 250779K [0x0000000080000000, 0x0000000100000000)
  region size 1024K, 144 young (147456K), 16 survivors (16384K)
 Metaspace       used 91210K, committed 92352K, reserved 557056K
  class space    used 12838K, committed 13376K, reserved 425984K
}
Event: 79.593 GC heap after
{Heap after GC invocations=33 (full 0):
 garbage-first heap   total 300032K, used 146444K [0x0000000080000000, 0x0000000100000000)
  region size 1024K, 18 young (18432K), 18 survivors (18432K)
 Metaspace       used 91210K, committed 92352K, reserved 557056K
  class space    used 12838K, committed 13376K, reserved 425984K
}
Event: 80.946 GC heap before
{Heap before GC invocations=33 (full 0):
 garbage-first heap   total 300032K, used 238604K [0x0000000080000000, 0x0000000100000000)
  region size 1024K, 102 young (104448K), 18 survivors (18432K)
 Metaspace       used 93446K, committed 94592K, reserved 557056K
  class space    used 13106K, committed 13632K, reserved 425984K
}
Event: 80.961 GC heap after
{Heap after GC invocations=34 (full 0):
 garbage-first heap   total 300032K, used 169824K [0x0000000080000000, 0x0000000100000000)
  region size 1024K, 13 young (13312K), 13 survivors (13312K)
 Metaspace       used 93446K, committed 94592K, reserved 557056K
  class space    used 13106K, committed 13632K, reserved 425984K
}
Event: 82.382 GC heap before
{Heap before GC invocations=35 (full 0):
 garbage-first heap   total 300032K, used 240480K [0x0000000080000000, 0x0000000100000000)
  region size 1024K, 78 young (79872K), 13 survivors (13312K)
 Metaspace       used 94332K, committed 95680K, reserved 557056K
  class space    used 13242K, committed 13888K, reserved 425984K
}
Event: 82.395 GC heap after
{Heap after GC invocations=36 (full 0):
 garbage-first heap   total 300032K, used 191411K [0x0000000080000000, 0x0000000100000000)
  region size 1024K, 10 young (10240K), 10 survivors (10240K)
 Metaspace       used 94332K, committed 95680K, reserved 557056K
  class space    used 13242K, committed 13888K, reserved 425984K
}
Event: 82.448 GC heap before
{Heap before GC invocations=36 (full 0):
 garbage-first heap   total 300032K, used 194483K [0x0000000080000000, 0x0000000100000000)
  region size 1024K, 14 young (14336K), 10 survivors (10240K)
 Metaspace       used 94408K, committed 95744K, reserved 557056K
  class space    used 13254K, committed 13888K, reserved 425984K
}
Event: 82.459 GC heap after
{Heap after GC invocations=37 (full 0):
 garbage-first heap   total 300032K, used 193258K [0x0000000080000000, 0x0000000100000000)
  region size 1024K, 2 young (2048K), 2 survivors (2048K)
 Metaspace       used 94408K, committed 95744K, reserved 557056K
  class space    used 13254K, committed 13888K, reserved 425984K
}
Event: 99.274 GC heap before
{Heap before GC invocations=37 (full 0):
 garbage-first heap   total 300032K, used 239338K [0x0000000080000000, 0x0000000100000000)
  region size 1024K, 48 young (49152K), 2 survivors (2048K)
 Metaspace       used 94888K, committed 96320K, reserved 557056K
  class space    used 13317K, committed 13952K, reserved 425984K
}
Event: 99.280 GC heap after
{Heap after GC invocations=38 (full 0):
 garbage-first heap   total 300032K, used 195542K [0x0000000080000000, 0x0000000100000000)
  region size 1024K, 5 young (5120K), 5 survivors (5120K)
 Metaspace       used 94888K, committed 96320K, reserved 557056K
  class space    used 13317K, committed 13952K, reserved 425984K
}
Event: 213.714 GC heap before
{Heap before GC invocations=38 (full 0):
 garbage-first heap   total 300032K, used 247766K [0x0000000080000000, 0x0000000100000000)
  region size 1024K, 52 young (53248K), 5 survivors (5120K)
 Metaspace       used 96465K, committed 97856K, reserved 557056K
  class space    used 13458K, committed 14080K, reserved 425984K
}
Event: 213.774 GC heap after
{Heap after GC invocations=39 (full 0):
 garbage-first heap   total 300032K, used 197825K [0x0000000080000000, 0x0000000100000000)
  region size 1024K, 6 young (6144K), 6 survivors (6144K)
 Metaspace       used 96465K, committed 97856K, reserved 557056K
  class space    used 13458K, committed 14080K, reserved 425984K
}
Event: 230.064 GC heap before
{Heap before GC invocations=39 (full 0):
 garbage-first heap   total 300032K, used 244929K [0x0000000080000000, 0x0000000100000000)
  region size 1024K, 53 young (54272K), 6 survivors (6144K)
 Metaspace       used 96748K, committed 98240K, reserved 557056K
  class space    used 13464K, committed 14144K, reserved 425984K
}
Event: 230.106 GC heap after
{Heap after GC invocations=40 (full 0):
 garbage-first heap   total 300032K, used 205814K [0x0000000080000000, 0x0000000100000000)
  region size 1024K, 7 young (7168K), 7 survivors (7168K)
 Metaspace       used 96748K, committed 98240K, reserved 557056K
  class space    used 13464K, committed 14144K, reserved 425984K
}

