# JRE version: OpenJDK Runtime Environment Temurin-17.0.16+8 (17.0.16+8) (build 17.0.16+8)
# Java VM: OpenJDK 64-Bit Server VM Temurin-17.0.16+8 (17.0.16+8, mixed mode, sharing, tiered, compressed oops, compressed class ptrs, g1 gc, windows-amd64)
GC Precious Log:
 CPUs: 8 total, 8 available
 Memory: 6989M
 Large Page Support: Disabled
 NUMA Support: Disabled
 Compressed Oops: Enabled (32-bit)
 Heap Region Size: 1M
 Heap Min Capacity: 8M
 Heap Initial Capacity: 110M
 Heap Max Capacity: 2G
 Pre-touch: Disabled
 Parallel Workers: 8
 Concurrent Workers: 2
 Concurrent Refinement Workers: 8
 Periodic GC: Disabled
Heap:
 garbage-first heap   total 181248K, used 140716K [0x0000000080000000, 0x0000000100000000)
  region size 1024K, 9 young (9216K), 3 survivors (3072K)
 Metaspace       used 91133K, committed 92224K, reserved 557056K
  class space    used 12811K, committed 13312K, reserved 425984K
GC Heap History (20 events):
Event: 304.235 GC heap before
{Heap before GC invocations=43 (full 0):
 garbage-first heap   total 150528K, used 126667K [0x0000000080000000, 0x0000000100000000)
  region size 1024K, 27 young (27648K), 4 survivors (4096K)
 Metaspace       used 80136K, committed 80896K, reserved 557056K
  class space    used 11146K, committed 11520K, reserved 425984K
}
Event: 304.239 GC heap after
{Heap after GC invocations=44 (full 0):
 garbage-first heap   total 150528K, used 105246K [0x0000000080000000, 0x0000000100000000)
  region size 1024K, 3 young (3072K), 3 survivors (3072K)
 Metaspace       used 80136K, committed 80896K, reserved 557056K
  class space    used 11146K, committed 11520K, reserved 425984K
}
Event: 304.623 GC heap before
{Heap before GC invocations=44 (full 0):
 garbage-first heap   total 150528K, used 128798K [0x0000000080000000, 0x0000000100000000)
  region size 1024K, 26 young (26624K), 3 survivors (3072K)
 Metaspace       used 81670K, committed 82368K, reserved 557056K
  class space    used 11390K, committed 11712K, reserved 425984K
}
Event: 304.627 GC heap after
{Heap after GC invocations=45 (full 0):
 garbage-first heap   total 150528K, used 105899K [0x0000000080000000, 0x0000000100000000)
  region size 1024K, 2 young (2048K), 2 survivors (2048K)
 Metaspace       used 81670K, committed 82368K, reserved 557056K
  class space    used 11390K, committed 11712K, reserved 425984K
}
Event: 304.989 GC heap before
{Heap before GC invocations=45 (full 0):
 garbage-first heap   total 150528K, used 128427K [0x0000000080000000, 0x0000000100000000)
  region size 1024K, 25 young (25600K), 2 survivors (2048K)
 Metaspace       used 83366K, committed 84096K, reserved 557056K
  class space    used 11755K, committed 12096K, reserved 425984K
}
Event: 304.993 GC heap after
{Heap after GC invocations=46 (full 0):
 garbage-first heap   total 150528K, used 106656K [0x0000000080000000, 0x0000000100000000)
  region size 1024K, 3 young (3072K), 3 survivors (3072K)
 Metaspace       used 83366K, committed 84096K, reserved 557056K
  class space    used 11755K, committed 12096K, reserved 425984K
}
Event: 305.323 GC heap before
{Heap before GC invocations=46 (full 0):
 garbage-first heap   total 150528K, used 128160K [0x0000000080000000, 0x0000000100000000)
  region size 1024K, 25 young (25600K), 3 survivors (3072K)
 Metaspace       used 84874K, committed 85568K, reserved 557056K
  class space    used 11952K, committed 12288K, reserved 425984K
}
Event: 305.326 GC heap after
{Heap after GC invocations=47 (full 0):
 garbage-first heap   total 150528K, used 107639K [0x0000000080000000, 0x0000000100000000)
  region size 1024K, 3 young (3072K), 3 survivors (3072K)
 Metaspace       used 84874K, committed 85568K, reserved 557056K
  class space    used 11952K, committed 12288K, reserved 425984K
}
Event: 305.643 GC heap before
{Heap before GC invocations=47 (full 0):
 garbage-first heap   total 150528K, used 130167K [0x0000000080000000, 0x0000000100000000)
  region size 1024K, 25 young (25600K), 3 survivors (3072K)
 Metaspace       used 86014K, committed 86848K, reserved 557056K
  class space    used 12119K, committed 12480K, reserved 425984K
}
Event: 305.648 GC heap after
{Heap after GC invocations=48 (full 0):
 garbage-first heap   total 150528K, used 109685K [0x0000000080000000, 0x0000000100000000)
  region size 1024K, 4 young (4096K), 4 survivors (4096K)
 Metaspace       used 86014K, committed 86848K, reserved 557056K
  class space    used 12119K, committed 12480K, reserved 425984K
}
Event: 305.850 GC heap before
{Heap before GC invocations=48 (full 0):
 garbage-first heap   total 150528K, used 129141K [0x0000000080000000, 0x0000000100000000)
  region size 1024K, 23 young (23552K), 4 survivors (4096K)
 Metaspace       used 86654K, committed 87424K, reserved 557056K
  class space    used 12199K, committed 12544K, reserved 425984K
}
Event: 305.858 GC heap after
{Heap after GC invocations=49 (full 0):
 garbage-first heap   total 150528K, used 111269K [0x0000000080000000, 0x0000000100000000)
  region size 1024K, 2 young (2048K), 2 survivors (2048K)
 Metaspace       used 86654K, committed 87424K, reserved 557056K
  class space    used 12199K, committed 12544K, reserved 425984K
}
Event: 306.195 GC heap before
{Heap before GC invocations=49 (full 0):
 garbage-first heap   total 150528K, used 129701K [0x0000000080000000, 0x0000000100000000)
  region size 1024K, 20 young (20480K), 2 survivors (2048K)
 Metaspace       used 87287K, committed 88128K, reserved 557056K
  class space    used 12275K, committed 12672K, reserved 425984K
}
Event: 306.202 GC heap after
{Heap after GC invocations=50 (full 0):
 garbage-first heap   total 181248K, used 113370K [0x0000000080000000, 0x0000000100000000)
  region size 1024K, 2 young (2048K), 2 survivors (2048K)
 Metaspace       used 87287K, committed 88128K, reserved 557056K
  class space    used 12275K, committed 12672K, reserved 425984K
}
Event: 307.532 GC heap before
{Heap before GC invocations=50 (full 0):
 garbage-first heap   total 181248K, used 154330K [0x0000000080000000, 0x0000000100000000)
  region size 1024K, 42 young (43008K), 2 survivors (2048K)
 Metaspace       used 88946K, committed 89920K, reserved 557056K
  class space    used 12580K, committed 12992K, reserved 425984K
}
Event: 307.540 GC heap after
{Heap after GC invocations=51 (full 0):
 garbage-first heap   total 181248K, used 119601K [0x0000000080000000, 0x0000000100000000)
  region size 1024K, 6 young (6144K), 6 survivors (6144K)
 Metaspace       used 88946K, committed 89920K, reserved 557056K
  class space    used 12580K, committed 12992K, reserved 425984K
}
Event: 308.300 GC heap before
{Heap before GC invocations=51 (full 0):
 garbage-first heap   total 181248K, used 159537K [0x0000000080000000, 0x0000000100000000)
  region size 1024K, 39 young (39936K), 6 survivors (6144K)
 Metaspace       used 89566K, committed 90624K, reserved 557056K
  class space    used 12657K, committed 13120K, reserved 425984K
}
Event: 308.311 GC heap after
{Heap after GC invocations=52 (full 0):
 garbage-first heap   total 181248K, used 135792K [0x0000000080000000, 0x0000000100000000)
  region size 1024K, 5 young (5120K), 5 survivors (5120K)
 Metaspace       used 89566K, committed 90624K, reserved 557056K
  class space    used 12657K, committed 13120K, reserved 425984K
}
Event: 308.928 GC heap before
{Heap before GC invocations=52 (full 0):
 garbage-first heap   total 181248K, used 153200K [0x0000000080000000, 0x0000000100000000)
  region size 1024K, 22 young (22528K), 5 survivors (5120K)
 Metaspace       used 91092K, committed 92160K, reserved 557056K
  class space    used 12811K, committed 13312K, reserved 425984K
}
Event: 308.937 GC heap after
{Heap after GC invocations=53 (full 0):
 garbage-first heap   total 181248K, used 140716K [0x0000000080000000, 0x0000000100000000)
  region size 1024K, 3 young (3072K), 3 survivors (3072K)
 Metaspace       used 91092K, committed 92160K, reserved 557056K
  class space    used 12811K, committed 13312K, reserved 425984K
}

