# JRE version: OpenJDK Runtime Environment Temurin-17.0.16+8 (17.0.16+8) (build 17.0.16+8)
# Java VM: OpenJDK 64-Bit Server VM Temurin-17.0.16+8 (17.0.16+8, mixed mode, sharing, tiered, compressed oops, compressed class ptrs, g1 gc, windows-amd64)
GC Precious Log:
 CPUs: 8 total, 8 available
 Memory: 5965M
 Large Page Support: Disabled
 NUMA Support: Disabled
 Compressed Oops: Enabled (32-bit)
 Heap Region Size: 1M
 Heap Min Capacity: 8M
 Heap Initial Capacity: 94M
 Heap Max Capacity: 1492M
 Pre-touch: Disabled
 Parallel Workers: 8
 Concurrent Workers: 2
 Concurrent Refinement Workers: 8
 Periodic GC: Disabled
Heap:
 garbage-first heap   total 69632K, used 28109K [0x00000000a2c00000, 0x0000000100000000)
  region size 1024K, 1 young (1024K), 1 survivors (1024K)
 Metaspace       used 35729K, committed 35968K, reserved 1114112K
  class space    used 4430K, committed 4544K, reserved 1048576K
GC Heap History (15 events):
Event: 0.623 GC heap before
{Heap before GC invocations=0 (full 0):
 garbage-first heap   total 96256K, used 27648K [0x00000000a2c00000, 0x0000000100000000)
  region size 1024K, 23 young (23552K), 0 survivors (0K)
 Metaspace       used 6476K, committed 6656K, reserved 1114112K
  class space    used 653K, committed 768K, reserved 1048576K
}
Event: 0.627 GC heap after
{Heap after GC invocations=1 (full 0):
 garbage-first heap   total 96256K, used 7040K [0x00000000a2c00000, 0x0000000100000000)
  region size 1024K, 3 young (3072K), 3 survivors (3072K)
 Metaspace       used 6476K, committed 6656K, reserved 1114112K
  class space    used 653K, committed 768K, reserved 1048576K
}
Event: 5.582 GC heap before
{Heap before GC invocations=1 (full 0):
 garbage-first heap   total 96256K, used 39808K [0x00000000a2c00000, 0x0000000100000000)
  region size 1024K, 35 young (35840K), 3 survivors (3072K)
 Metaspace       used 13867K, committed 14016K, reserved 1114112K
  class space    used 1574K, committed 1664K, reserved 1048576K
}
Event: 5.591 GC heap after
{Heap after GC invocations=2 (full 0):
 garbage-first heap   total 96256K, used 10249K [0x00000000a2c00000, 0x0000000100000000)
  region size 1024K, 4 young (4096K), 4 survivors (4096K)
 Metaspace       used 13867K, committed 14016K, reserved 1114112K
  class space    used 1574K, committed 1664K, reserved 1048576K
}
Event: 6.296 GC heap before
{Heap before GC invocations=2 (full 0):
 garbage-first heap   total 96256K, used 40969K [0x00000000a2c00000, 0x0000000100000000)
  region size 1024K, 31 young (31744K), 4 survivors (4096K)
 Metaspace       used 21256K, committed 21504K, reserved 1114112K
  class space    used 2748K, committed 2880K, reserved 1048576K
}
Event: 6.307 GC heap after
{Heap after GC invocations=3 (full 0):
 garbage-first heap   total 96256K, used 16897K [0x00000000a2c00000, 0x0000000100000000)
  region size 1024K, 6 young (6144K), 6 survivors (6144K)
 Metaspace       used 21256K, committed 21504K, reserved 1114112K
  class space    used 2748K, committed 2880K, reserved 1048576K
}
Event: 7.856 GC heap before
{Heap before GC invocations=4 (full 0):
 garbage-first heap   total 61440K, used 49665K [0x00000000a2c00000, 0x0000000100000000)
  region size 1024K, 36 young (36864K), 6 survivors (6144K)
 Metaspace       used 26114K, committed 26368K, reserved 1114112K
  class space    used 3519K, committed 3648K, reserved 1048576K
}
Event: 7.875 GC heap after
{Heap after GC invocations=5 (full 0):
 garbage-first heap   total 61440K, used 23747K [0x00000000a2c00000, 0x0000000100000000)
  region size 1024K, 5 young (5120K), 5 survivors (5120K)
 Metaspace       used 26114K, committed 26368K, reserved 1114112K
  class space    used 3519K, committed 3648K, reserved 1048576K
}
Event: 7.900 GC heap before
{Heap before GC invocations=5 (full 0):
 garbage-first heap   total 61440K, used 24771K [0x00000000a2c00000, 0x0000000100000000)
  region size 1024K, 6 young (6144K), 5 survivors (5120K)
 Metaspace       used 26356K, committed 26624K, reserved 1114112K
  class space    used 3546K, committed 3648K, reserved 1048576K
}
Event: 7.907 GC heap after
{Heap after GC invocations=6 (full 0):
 garbage-first heap   total 61440K, used 25418K [0x00000000a2c00000, 0x0000000100000000)
  region size 1024K, 1 young (1024K), 1 survivors (1024K)
 Metaspace       used 26356K, committed 26624K, reserved 1114112K
  class space    used 3546K, committed 3648K, reserved 1048576K
}
Event: 8.711 GC heap before
{Heap before GC invocations=6 (full 0):
 garbage-first heap   total 61440K, used 45898K [0x00000000a2c00000, 0x0000000100000000)
  region size 1024K, 22 young (22528K), 1 survivors (1024K)
 Metaspace       used 30133K, committed 30336K, reserved 1114112K
  class space    used 3923K, committed 4032K, reserved 1048576K
}
Event: 8.716 GC heap after
{Heap after GC invocations=7 (full 0):
 garbage-first heap   total 61440K, used 25376K [0x00000000a2c00000, 0x0000000100000000)
  region size 1024K, 3 young (3072K), 3 survivors (3072K)
 Metaspace       used 30133K, committed 30336K, reserved 1114112K
  class space    used 3923K, committed 4032K, reserved 1048576K
}
Event: 9.570 GC heap before
{Heap before GC invocations=7 (full 0):
 garbage-first heap   total 61440K, used 45856K [0x00000000a2c00000, 0x0000000100000000)
  region size 1024K, 24 young (24576K), 3 survivors (3072K)
 Metaspace       used 35265K, committed 35520K, reserved 1114112K
  class space    used 4398K, committed 4480K, reserved 1048576K
}
Event: 9.579 GC heap after
{Heap after GC invocations=8 (full 0):
 garbage-first heap   total 61440K, used 27316K [0x00000000a2c00000, 0x0000000100000000)
  region size 1024K, 2 young (2048K), 2 survivors (2048K)
 Metaspace       used 35265K, committed 35520K, reserved 1114112K
  class space    used 4398K, committed 4480K, reserved 1048576K
}
Event: 9.678 GC heap before
{Heap before GC invocations=8 (full 0):
 garbage-first heap   total 61440K, used 28340K [0x00000000a2c00000, 0x0000000100000000)
  region size 1024K, 4 young (4096K), 2 survivors (2048K)
 Metaspace       used 35729K, committed 35968K, reserved 1114112K
  class space    used 4430K, committed 4544K, reserved 1048576K
}

