# JRE version: OpenJDK Runtime Environment Temurin-17.0.16+8 (17.0.16+8) (build 17.0.16+8)
# Java VM: OpenJDK 64-Bit Server VM Temurin-17.0.16+8 (17.0.16+8, mixed mode, sharing, tiered, compressed oops, compressed class ptrs, g1 gc, windows-amd64)
GC Precious Log:
 CPUs: 8 total, 8 available
 Memory: 6989M
 Large Page Support: Disabled
 NUMA Support: Disabled
 Compressed Oops: Enabled (32-bit)
 Heap Region Size: 1M
 Heap Min Capacity: 8M
 Heap Initial Capacity: 110M
 Heap Max Capacity: 2G
 Pre-touch: Disabled
 Parallel Workers: 8
 Concurrent Workers: 2
 Concurrent Refinement Workers: 8
 Periodic GC: Disabled
Heap:
 garbage-first heap   total 286720K, used 249223K [0x0000000080000000, 0x0000000100000000)
  region size 1024K, 2 young (2048K), 2 survivors (2048K)
 Metaspace       used 104562K, committed 106112K, reserved 557056K
  class space    used 14632K, committed 15360K, reserved 425984K
GC Heap History (20 events):
Event: 105.554 GC heap after
{Heap after GC invocations=58 (full 0):
 garbage-first heap   total 286720K, used 234008K [0x0000000080000000, 0x0000000100000000)
  region size 1024K, 3 young (3072K), 3 survivors (3072K)
 Metaspace       used 103905K, committed 105472K, reserved 557056K
  class space    used 14567K, committed 15296K, reserved 425984K
}
Event: 105.724 GC heap before
{Heap before GC invocations=58 (full 0):
 garbage-first heap   total 286720K, used 249368K [0x0000000080000000, 0x0000000100000000)
  region size 1024K, 19 young (19456K), 3 survivors (3072K)
 Metaspace       used 104031K, committed 105600K, reserved 557056K
  class space    used 14574K, committed 15296K, reserved 425984K
}
Event: 105.727 GC heap after
{Heap after GC invocations=59 (full 0):
 garbage-first heap   total 286720K, used 235297K [0x0000000080000000, 0x0000000100000000)
  region size 1024K, 3 young (3072K), 3 survivors (3072K)
 Metaspace       used 104031K, committed 105600K, reserved 557056K
  class space    used 14574K, committed 15296K, reserved 425984K
}
Event: 105.906 GC heap before
{Heap before GC invocations=59 (full 0):
 garbage-first heap   total 286720K, used 249633K [0x0000000080000000, 0x0000000100000000)
  region size 1024K, 18 young (18432K), 3 survivors (3072K)
 Metaspace       used 104153K, committed 105728K, reserved 557056K
  class space    used 14574K, committed 15296K, reserved 425984K
}
Event: 105.908 GC heap after
{Heap after GC invocations=60 (full 0):
 garbage-first heap   total 286720K, used 235980K [0x0000000080000000, 0x0000000100000000)
  region size 1024K, 2 young (2048K), 2 survivors (2048K)
 Metaspace       used 104153K, committed 105728K, reserved 557056K
  class space    used 14574K, committed 15296K, reserved 425984K
}
Event: 106.087 GC heap before
{Heap before GC invocations=60 (full 0):
 garbage-first heap   total 286720K, used 251340K [0x0000000080000000, 0x0000000100000000)
  region size 1024K, 17 young (17408K), 2 survivors (2048K)
 Metaspace       used 104218K, committed 105792K, reserved 557056K
  class space    used 14574K, committed 15296K, reserved 425984K
}
Event: 106.090 GC heap after
{Heap after GC invocations=61 (full 0):
 garbage-first heap   total 286720K, used 236694K [0x0000000080000000, 0x0000000100000000)
  region size 1024K, 2 young (2048K), 2 survivors (2048K)
 Metaspace       used 104218K, committed 105792K, reserved 557056K
  class space    used 14574K, committed 15296K, reserved 425984K
}
Event: 106.260 GC heap before
{Heap before GC invocations=61 (full 0):
 garbage-first heap   total 286720K, used 252054K [0x0000000080000000, 0x0000000100000000)
  region size 1024K, 17 young (17408K), 2 survivors (2048K)
 Metaspace       used 104257K, committed 105856K, reserved 557056K
  class space    used 14574K, committed 15296K, reserved 425984K
}
Event: 106.263 GC heap after
{Heap after GC invocations=62 (full 0):
 garbage-first heap   total 286720K, used 237464K [0x0000000080000000, 0x0000000100000000)
  region size 1024K, 2 young (2048K), 2 survivors (2048K)
 Metaspace       used 104257K, committed 105856K, reserved 557056K
  class space    used 14574K, committed 15296K, reserved 425984K
}
Event: 106.558 GC heap before
{Heap before GC invocations=62 (full 0):
 garbage-first heap   total 286720K, used 252824K [0x0000000080000000, 0x0000000100000000)
  region size 1024K, 17 young (17408K), 2 survivors (2048K)
 Metaspace       used 104535K, committed 106112K, reserved 557056K
  class space    used 14631K, committed 15360K, reserved 425984K
}
Event: 106.562 GC heap after
{Heap after GC invocations=63 (full 0):
 garbage-first heap   total 286720K, used 239874K [0x0000000080000000, 0x0000000100000000)
  region size 1024K, 3 young (3072K), 3 survivors (3072K)
 Metaspace       used 104535K, committed 106112K, reserved 557056K
  class space    used 14631K, committed 15360K, reserved 425984K
}
Event: 106.621 GC heap before
{Heap before GC invocations=63 (full 0):
 garbage-first heap   total 286720K, used 252162K [0x0000000080000000, 0x0000000100000000)
  region size 1024K, 15 young (15360K), 3 survivors (3072K)
 Metaspace       used 104543K, committed 106112K, reserved 557056K
  class space    used 14632K, committed 15360K, reserved 425984K
}
Event: 106.625 GC heap after
{Heap after GC invocations=64 (full 0):
 garbage-first heap   total 286720K, used 242801K [0x0000000080000000, 0x0000000100000000)
  region size 1024K, 2 young (2048K), 2 survivors (2048K)
 Metaspace       used 104543K, committed 106112K, reserved 557056K
  class space    used 14632K, committed 15360K, reserved 425984K
}
Event: 106.676 GC heap before
{Heap before GC invocations=64 (full 0):
 garbage-first heap   total 286720K, used 254065K [0x0000000080000000, 0x0000000100000000)
  region size 1024K, 14 young (14336K), 2 survivors (2048K)
 Metaspace       used 104544K, committed 106112K, reserved 557056K
  class space    used 14632K, committed 15360K, reserved 425984K
}
Event: 106.679 GC heap after
{Heap after GC invocations=65 (full 0):
 garbage-first heap   total 286720K, used 245339K [0x0000000080000000, 0x0000000100000000)
  region size 1024K, 2 young (2048K), 2 survivors (2048K)
 Metaspace       used 104544K, committed 106112K, reserved 557056K
  class space    used 14632K, committed 15360K, reserved 425984K
}
Event: 106.720 GC heap before
{Heap before GC invocations=65 (full 0):
 garbage-first heap   total 286720K, used 256603K [0x0000000080000000, 0x0000000100000000)
  region size 1024K, 14 young (14336K), 2 survivors (2048K)
 Metaspace       used 104544K, committed 106112K, reserved 557056K
  class space    used 14632K, committed 15360K, reserved 425984K
}
Event: 106.722 GC heap after
{Heap after GC invocations=66 (full 0):
 garbage-first heap   total 286720K, used 246721K [0x0000000080000000, 0x0000000100000000)
  region size 1024K, 2 young (2048K), 2 survivors (2048K)
 Metaspace       used 104544K, committed 106112K, reserved 557056K
  class space    used 14632K, committed 15360K, reserved 425984K
}
Event: 106.781 GC heap before
{Heap before GC invocations=66 (full 0):
 garbage-first heap   total 286720K, used 259009K [0x0000000080000000, 0x0000000100000000)
  region size 1024K, 14 young (14336K), 2 survivors (2048K)
 Metaspace       used 104544K, committed 106112K, reserved 557056K
  class space    used 14632K, committed 15360K, reserved 425984K
}
Event: 106.784 GC heap after
{Heap after GC invocations=67 (full 0):
 garbage-first heap   total 286720K, used 247808K [0x0000000080000000, 0x0000000100000000)
  region size 1024K, 2 young (2048K), 2 survivors (2048K)
 Metaspace       used 104544K, committed 106112K, reserved 557056K
  class space    used 14632K, committed 15360K, reserved 425984K
}
Event: 106.851 GC heap before
{Heap before GC invocations=67 (full 0):
 garbage-first heap   total 286720K, used 260096K [0x0000000080000000, 0x0000000100000000)
  region size 1024K, 14 young (14336K), 2 survivors (2048K)
 Metaspace       used 104562K, committed 106112K, reserved 557056K
  class space    used 14632K, committed 15360K, reserved 425984K
}

