# JRE version: OpenJDK Runtime Environment Temurin-17.0.16+8 (17.0.16+8) (build 17.0.16+8)
# Java VM: OpenJDK 64-Bit Server VM Temurin-17.0.16+8 (17.0.16+8, mixed mode, sharing, tiered, compressed oops, compressed class ptrs, g1 gc, windows-amd64)
GC Precious Log:
 CPUs: 8 total, 8 available
 Memory: 5965M
 Large Page Support: Disabled
 NUMA Support: Disabled
 Compressed Oops: Enabled (32-bit)
 Heap Region Size: 1M
 Heap Min Capacity: 8M
 Heap Initial Capacity: 94M
 Heap Max Capacity: 2G
 Pre-touch: Disabled
 Parallel Workers: 8
 Concurrent Workers: 2
 Concurrent Refinement Workers: 8
 Periodic GC: Disabled
Heap:
 garbage-first heap   total 81920K, used 40198K [0x0000000080000000, 0x0000000100000000)
  region size 1024K, 22 young (22528K), 4 survivors (4096K)
 Metaspace       used 23396K, committed 23744K, reserved 491520K
  class space    used 3476K, committed 3648K, reserved 425984K
GC Heap History (10 events):
Event: 0.599 GC heap before
{Heap before GC invocations=0 (full 0):
 garbage-first heap   total 96256K, used 26624K [0x0000000080000000, 0x0000000100000000)
  region size 1024K, 23 young (23552K), 0 survivors (0K)
 Metaspace       used 3021K, committed 3136K, reserved 491520K
  class space    used 387K, committed 448K, reserved 425984K
}
Event: 0.605 GC heap after
{Heap after GC invocations=1 (full 0):
 garbage-first heap   total 96256K, used 10592K [0x0000000080000000, 0x0000000100000000)
  region size 1024K, 3 young (3072K), 3 survivors (3072K)
 Metaspace       used 3021K, committed 3136K, reserved 491520K
  class space    used 387K, committed 448K, reserved 425984K
}
Event: 1.235 GC heap before
{Heap before GC invocations=1 (full 0):
 garbage-first heap   total 96256K, used 38240K [0x0000000080000000, 0x0000000100000000)
  region size 1024K, 30 young (30720K), 3 survivors (3072K)
 Metaspace       used 3998K, committed 4160K, reserved 491520K
  class space    used 490K, committed 576K, reserved 425984K
}
Event: 1.240 GC heap after
{Heap after GC invocations=2 (full 0):
 garbage-first heap   total 96256K, used 12091K [0x0000000080000000, 0x0000000100000000)
  region size 1024K, 2 young (2048K), 2 survivors (2048K)
 Metaspace       used 3998K, committed 4160K, reserved 491520K
  class space    used 490K, committed 576K, reserved 425984K
}
Event: 4.455 GC heap before
{Heap before GC invocations=2 (full 0):
 garbage-first heap   total 96256K, used 65339K [0x0000000080000000, 0x0000000100000000)
  region size 1024K, 53 young (54272K), 2 survivors (2048K)
 Metaspace       used 12648K, committed 12864K, reserved 491520K
  class space    used 1768K, committed 1856K, reserved 425984K
}
Event: 4.512 GC heap after
{Heap after GC invocations=3 (full 0):
 garbage-first heap   total 96256K, used 19234K [0x0000000080000000, 0x0000000100000000)
  region size 1024K, 7 young (7168K), 7 survivors (7168K)
 Metaspace       used 12648K, committed 12864K, reserved 491520K
  class space    used 1768K, committed 1856K, reserved 425984K
}
Event: 7.250 GC heap before
{Heap before GC invocations=3 (full 0):
 garbage-first heap   total 96256K, used 63266K [0x0000000080000000, 0x0000000100000000)
  region size 1024K, 50 young (51200K), 7 survivors (7168K)
 Metaspace       used 18738K, committed 19008K, reserved 491520K
  class space    used 2741K, committed 2880K, reserved 425984K
}
Event: 7.257 GC heap after
{Heap after GC invocations=4 (full 0):
 garbage-first heap   total 96256K, used 21985K [0x0000000080000000, 0x0000000100000000)
  region size 1024K, 3 young (3072K), 3 survivors (3072K)
 Metaspace       used 18738K, committed 19008K, reserved 491520K
  class space    used 2741K, committed 2880K, reserved 425984K
}
Event: 31.508 GC heap before
{Heap before GC invocations=4 (full 0):
 garbage-first heap   total 96256K, used 42465K [0x0000000080000000, 0x0000000100000000)
  region size 1024K, 24 young (24576K), 3 survivors (3072K)
 Metaspace       used 21219K, committed 21504K, reserved 491520K
  class space    used 3130K, committed 3264K, reserved 425984K
}
Event: 31.520 GC heap after
{Heap after GC invocations=5 (full 0):
 garbage-first heap   total 96256K, used 22790K [0x0000000080000000, 0x0000000100000000)
  region size 1024K, 4 young (4096K), 4 survivors (4096K)
 Metaspace       used 21219K, committed 21504K, reserved 491520K
  class space    used 3130K, committed 3264K, reserved 425984K
}

