# JRE version: OpenJDK Runtime Environment Temurin-17.0.16+8 (17.0.16+8) (build 17.0.16+8)
# Java VM: OpenJDK 64-Bit Server VM Temurin-17.0.16+8 (17.0.16+8, mixed mode, sharing, tiered, compressed oops, compressed class ptrs, g1 gc, windows-amd64)
GC Precious Log:
 CPUs: 8 total, 8 available
 Memory: 5965M
 Large Page Support: Disabled
 NUMA Support: Disabled
 Compressed Oops: Enabled (32-bit)
 Heap Region Size: 1M
 Heap Min Capacity: 8M
 Heap Initial Capacity: 94M
 Heap Max Capacity: 2G
 Pre-touch: Disabled
 Parallel Workers: 8
 Concurrent Workers: 2
 Concurrent Refinement Workers: 8
 Periodic GC: Disabled
Heap:
 garbage-first heap   total 446464K, used 408930K [0x0000000080000000, 0x0000000100000000)
  region size 1024K, 15 young (15360K), 1 survivors (1024K)
 Metaspace       used 116018K, committed 117312K, reserved 557056K
  class space    used 15860K, committed 16448K, reserved 425984K
GC Heap History (20 events):
Event: 125.828 GC heap before
{Heap before GC invocations=90 (full 0):
 garbage-first heap   total 275456K, used 241956K [0x0000000080000000, 0x0000000100000000)
  region size 1024K, 25 young (25600K), 3 survivors (3072K)
 Metaspace       used 109537K, committed 110784K, reserved 557056K
  class space    used 15140K, committed 15680K, reserved 425984K
}
Event: 125.832 GC heap after
{Heap after GC invocations=91 (full 0):
 garbage-first heap   total 275456K, used 221951K [0x0000000080000000, 0x0000000100000000)
  region size 1024K, 2 young (2048K), 2 survivors (2048K)
 Metaspace       used 109537K, committed 110784K, reserved 557056K
  class space    used 15140K, committed 15680K, reserved 425984K
}
Event: 125.964 GC heap before
{Heap before GC invocations=91 (full 0):
 garbage-first heap   total 275456K, used 239359K [0x0000000080000000, 0x0000000100000000)
  region size 1024K, 20 young (20480K), 2 survivors (2048K)
 Metaspace       used 109613K, committed 110848K, reserved 557056K
  class space    used 15147K, committed 15680K, reserved 425984K
}
Event: 125.968 GC heap after
{Heap after GC invocations=92 (full 0):
 garbage-first heap   total 330752K, used 219276K [0x0000000080000000, 0x0000000100000000)
  region size 1024K, 3 young (3072K), 3 survivors (3072K)
 Metaspace       used 109613K, committed 110848K, reserved 557056K
  class space    used 15147K, committed 15680K, reserved 425984K
}
Event: 126.391 GC heap before
{Heap before GC invocations=92 (full 0):
 garbage-first heap   total 330752K, used 282764K [0x0000000080000000, 0x0000000100000000)
  region size 1024K, 62 young (63488K), 3 survivors (3072K)
 Metaspace       used 109659K, committed 110912K, reserved 557056K
  class space    used 15147K, committed 15680K, reserved 425984K
}
Event: 126.397 GC heap after
{Heap after GC invocations=93 (full 0):
 garbage-first heap   total 330752K, used 223527K [0x0000000080000000, 0x0000000100000000)
  region size 1024K, 7 young (7168K), 7 survivors (7168K)
 Metaspace       used 109659K, committed 110912K, reserved 557056K
  class space    used 15147K, committed 15680K, reserved 425984K
}
Event: 127.224 GC heap before
{Heap before GC invocations=93 (full 0):
 garbage-first heap   total 330752K, used 284967K [0x0000000080000000, 0x0000000100000000)
  region size 1024K, 63 young (64512K), 7 survivors (7168K)
 Metaspace       used 111909K, committed 113152K, reserved 557056K
  class space    used 15375K, committed 15936K, reserved 425984K
}
Event: 127.229 GC heap after
{Heap after GC invocations=94 (full 0):
 garbage-first heap   total 330752K, used 226220K [0x0000000080000000, 0x0000000100000000)
  region size 1024K, 4 young (4096K), 4 survivors (4096K)
 Metaspace       used 111909K, committed 113152K, reserved 557056K
  class space    used 15375K, committed 15936K, reserved 425984K
}
Event: 128.619 GC heap before
{Heap before GC invocations=94 (full 0):
 garbage-first heap   total 330752K, used 289708K [0x0000000080000000, 0x0000000100000000)
  region size 1024K, 59 young (60416K), 4 survivors (4096K)
 Metaspace       used 113824K, committed 115072K, reserved 557056K
  class space    used 15584K, committed 16128K, reserved 425984K
}
Event: 128.624 GC heap after
{Heap after GC invocations=95 (full 0):
 garbage-first heap   total 330752K, used 228857K [0x0000000080000000, 0x0000000100000000)
  region size 1024K, 6 young (6144K), 6 survivors (6144K)
 Metaspace       used 113824K, committed 115072K, reserved 557056K
  class space    used 15584K, committed 16128K, reserved 425984K
}
Event: 130.822 GC heap before
{Heap before GC invocations=95 (full 0):
 garbage-first heap   total 330752K, used 286201K [0x0000000080000000, 0x0000000100000000)
  region size 1024K, 53 young (54272K), 6 survivors (6144K)
 Metaspace       used 115931K, committed 117184K, reserved 557056K
  class space    used 15852K, committed 16448K, reserved 425984K
}
Event: 130.831 GC heap after
{Heap after GC invocations=96 (full 0):
 garbage-first heap   total 330752K, used 245989K [0x0000000080000000, 0x0000000100000000)
  region size 1024K, 8 young (8192K), 8 survivors (8192K)
 Metaspace       used 115931K, committed 117184K, reserved 557056K
  class space    used 15852K, committed 16448K, reserved 425984K
}
Event: 130.873 GC heap before
{Heap before GC invocations=96 (full 0):
 garbage-first heap   total 330752K, used 269541K [0x0000000080000000, 0x0000000100000000)
  region size 1024K, 13 young (13312K), 8 survivors (8192K)
 Metaspace       used 116000K, committed 117312K, reserved 557056K
  class space    used 15859K, committed 16448K, reserved 425984K
}
Event: 130.879 GC heap after
{Heap after GC invocations=97 (full 0):
 garbage-first heap   total 330752K, used 264663K [0x0000000080000000, 0x0000000100000000)
  region size 1024K, 4 young (4096K), 4 survivors (4096K)
 Metaspace       used 116000K, committed 117312K, reserved 557056K
  class space    used 15859K, committed 16448K, reserved 425984K
}
Event: 130.969 GC heap before
{Heap before GC invocations=97 (full 0):
 garbage-first heap   total 330752K, used 317911K [0x0000000080000000, 0x0000000100000000)
  region size 1024K, 12 young (12288K), 4 survivors (4096K)
 Metaspace       used 116027K, committed 117312K, reserved 557056K
  class space    used 15864K, committed 16448K, reserved 425984K
}
Event: 130.972 GC heap after
{Heap after GC invocations=98 (full 0):
 garbage-first heap   total 330752K, used 310465K [0x0000000080000000, 0x0000000100000000)
  region size 1024K, 3 young (3072K), 3 survivors (3072K)
 Metaspace       used 116027K, committed 117312K, reserved 557056K
  class space    used 15864K, committed 16448K, reserved 425984K
}
Event: 131.035 GC heap before
{Heap before GC invocations=98 (full 0):
 garbage-first heap   total 330752K, used 322753K [0x0000000080000000, 0x0000000100000000)
  region size 1024K, 6 young (6144K), 3 survivors (3072K)
 Metaspace       used 116027K, committed 117312K, reserved 557056K
  class space    used 15864K, committed 16448K, reserved 425984K
}
Event: 131.037 GC heap after
{Heap after GC invocations=99 (full 0):
 garbage-first heap   total 330752K, used 318594K [0x0000000080000000, 0x0000000100000000)
  region size 1024K, 2 young (2048K), 2 survivors (2048K)
 Metaspace       used 116027K, committed 117312K, reserved 557056K
  class space    used 15864K, committed 16448K, reserved 425984K
}
Event: 131.060 GC heap before
{Heap before GC invocations=99 (full 0):
 garbage-first heap   total 330752K, used 325762K [0x0000000080000000, 0x0000000100000000)
  region size 1024K, 4 young (4096K), 2 survivors (2048K)
 Metaspace       used 116027K, committed 117312K, reserved 557056K
  class space    used 15864K, committed 16448K, reserved 425984K
}
Event: 131.063 GC heap after
{Heap after GC invocations=100 (full 0):
 garbage-first heap   total 446464K, used 324962K [0x0000000080000000, 0x0000000100000000)
  region size 1024K, 1 young (1024K), 1 survivors (1024K)
 Metaspace       used 116027K, committed 117312K, reserved 557056K
  class space    used 15864K, committed 16448K, reserved 425984K
}

