# JRE version: OpenJDK Runtime Environment Temurin-17.0.16+8 (17.0.16+8) (build 17.0.16+8)
# Java VM: OpenJDK 64-Bit Server VM Temurin-17.0.16+8 (17.0.16+8, mixed mode, sharing, tiered, compressed oops, compressed class ptrs, g1 gc, windows-amd64)
GC Precious Log:
 CPUs: 8 total, 8 available
 Memory: 5965M
 Large Page Support: Disabled
 NUMA Support: Disabled
 Compressed Oops: Enabled (32-bit)
 Heap Region Size: 1M
 Heap Min Capacity: 8M
 Heap Initial Capacity: 94M
 Heap Max Capacity: 2G
 Pre-touch: Disabled
 Parallel Workers: 8
 Concurrent Workers: 2
 Concurrent Refinement Workers: 8
 Periodic GC: Disabled
Heap:
 garbage-first heap   total 313344K, used 222799K [0x0000000080000000, 0x0000000100000000)
  region size 1024K, 8 young (8192K), 4 survivors (4096K)
 Metaspace       used 107491K, committed 108736K, reserved 557056K
  class space    used 14941K, committed 15552K, reserved 425984K
GC Heap History (20 events):
Event: 187.222 GC heap before
{Heap before GC invocations=65 (full 0):
 garbage-first heap   total 261120K, used 221610K [0x0000000080000000, 0x0000000100000000)
  region size 1024K, 30 young (30720K), 4 survivors (4096K)
 Metaspace       used 105146K, committed 106432K, reserved 557056K
  class space    used 14636K, committed 15232K, reserved 425984K
}
Event: 187.230 GC heap after
{Heap after GC invocations=66 (full 0):
 garbage-first heap   total 261120K, used 200257K [0x0000000080000000, 0x0000000100000000)
  region size 1024K, 4 young (4096K), 4 survivors (4096K)
 Metaspace       used 105146K, committed 106432K, reserved 557056K
  class space    used 14636K, committed 15232K, reserved 425984K
}
Event: 187.510 GC heap before
{Heap before GC invocations=66 (full 0):
 garbage-first heap   total 261120K, used 222785K [0x0000000080000000, 0x0000000100000000)
  region size 1024K, 26 young (26624K), 4 survivors (4096K)
 Metaspace       used 105491K, committed 106688K, reserved 557056K
  class space    used 14668K, committed 15232K, reserved 425984K
}
Event: 187.517 GC heap after
{Heap after GC invocations=67 (full 0):
 garbage-first heap   total 261120K, used 203645K [0x0000000080000000, 0x0000000100000000)
  region size 1024K, 3 young (3072K), 3 survivors (3072K)
 Metaspace       used 105491K, committed 106688K, reserved 557056K
  class space    used 14668K, committed 15232K, reserved 425984K
}
Event: 187.755 GC heap before
{Heap before GC invocations=67 (full 0):
 garbage-first heap   total 261120K, used 224125K [0x0000000080000000, 0x0000000100000000)
  region size 1024K, 23 young (23552K), 3 survivors (3072K)
 Metaspace       used 105618K, committed 106816K, reserved 557056K
  class space    used 14668K, committed 15232K, reserved 425984K
}
Event: 187.758 GC heap after
{Heap after GC invocations=68 (full 0):
 garbage-first heap   total 261120K, used 205761K [0x0000000080000000, 0x0000000100000000)
  region size 1024K, 3 young (3072K), 3 survivors (3072K)
 Metaspace       used 105618K, committed 106816K, reserved 557056K
  class space    used 14668K, committed 15232K, reserved 425984K
}
Event: 187.975 GC heap before
{Heap before GC invocations=68 (full 0):
 garbage-first heap   total 261120K, used 225217K [0x0000000080000000, 0x0000000100000000)
  region size 1024K, 22 young (22528K), 3 survivors (3072K)
 Metaspace       used 105675K, committed 106880K, reserved 557056K
  class space    used 14668K, committed 15232K, reserved 425984K
}
Event: 187.978 GC heap after
{Heap after GC invocations=69 (full 0):
 garbage-first heap   total 261120K, used 207774K [0x0000000080000000, 0x0000000100000000)
  region size 1024K, 2 young (2048K), 2 survivors (2048K)
 Metaspace       used 105675K, committed 106880K, reserved 557056K
  class space    used 14668K, committed 15232K, reserved 425984K
}
Event: 188.149 GC heap before
{Heap before GC invocations=69 (full 0):
 garbage-first heap   total 261120K, used 226206K [0x0000000080000000, 0x0000000100000000)
  region size 1024K, 20 young (20480K), 2 survivors (2048K)
 Metaspace       used 105736K, committed 106944K, reserved 557056K
  class space    used 14668K, committed 15232K, reserved 425984K
}
Event: 188.153 GC heap after
{Heap after GC invocations=70 (full 0):
 garbage-first heap   total 261120K, used 209560K [0x0000000080000000, 0x0000000100000000)
  region size 1024K, 2 young (2048K), 2 survivors (2048K)
 Metaspace       used 105736K, committed 106944K, reserved 557056K
  class space    used 14668K, committed 15232K, reserved 425984K
}
Event: 188.352 GC heap before
{Heap before GC invocations=70 (full 0):
 garbage-first heap   total 261120K, used 227992K [0x0000000080000000, 0x0000000100000000)
  region size 1024K, 20 young (20480K), 2 survivors (2048K)
 Metaspace       used 106074K, committed 107328K, reserved 557056K
  class space    used 14720K, committed 15296K, reserved 425984K
}
Event: 188.357 GC heap after
{Heap after GC invocations=71 (full 0):
 garbage-first heap   total 261120K, used 212179K [0x0000000080000000, 0x0000000100000000)
  region size 1024K, 3 young (3072K), 3 survivors (3072K)
 Metaspace       used 106074K, committed 107328K, reserved 557056K
  class space    used 14720K, committed 15296K, reserved 425984K
}
Event: 188.468 GC heap before
{Heap before GC invocations=71 (full 0):
 garbage-first heap   total 261120K, used 227539K [0x0000000080000000, 0x0000000100000000)
  region size 1024K, 18 young (18432K), 3 survivors (3072K)
 Metaspace       used 106166K, committed 107392K, reserved 557056K
  class space    used 14725K, committed 15296K, reserved 425984K
}
Event: 188.472 GC heap after
{Heap after GC invocations=72 (full 0):
 garbage-first heap   total 261120K, used 213859K [0x0000000080000000, 0x0000000100000000)
  region size 1024K, 2 young (2048K), 2 survivors (2048K)
 Metaspace       used 106166K, committed 107392K, reserved 557056K
  class space    used 14725K, committed 15296K, reserved 425984K
}
Event: 188.698 GC heap before
{Heap before GC invocations=72 (full 0):
 garbage-first heap   total 261120K, used 228195K [0x0000000080000000, 0x0000000100000000)
  region size 1024K, 16 young (16384K), 2 survivors (2048K)
 Metaspace       used 106607K, committed 107840K, reserved 557056K
  class space    used 14790K, committed 15360K, reserved 425984K
}
Event: 188.704 GC heap after
{Heap after GC invocations=73 (full 0):
 garbage-first heap   total 261120K, used 215672K [0x0000000080000000, 0x0000000100000000)
  region size 1024K, 2 young (2048K), 2 survivors (2048K)
 Metaspace       used 106607K, committed 107840K, reserved 557056K
  class space    used 14790K, committed 15360K, reserved 425984K
}
Event: 188.909 GC heap before
{Heap before GC invocations=73 (full 0):
 garbage-first heap   total 261120K, used 227960K [0x0000000080000000, 0x0000000100000000)
  region size 1024K, 15 young (15360K), 2 survivors (2048K)
 Metaspace       used 107014K, committed 108288K, reserved 557056K
  class space    used 14902K, committed 15488K, reserved 425984K
}
Event: 188.914 GC heap after
{Heap after GC invocations=74 (full 0):
 garbage-first heap   total 313344K, used 217455K [0x0000000080000000, 0x0000000100000000)
  region size 1024K, 2 young (2048K), 2 survivors (2048K)
 Metaspace       used 107014K, committed 108288K, reserved 557056K
  class space    used 14902K, committed 15488K, reserved 425984K
}
Event: 189.854 GC heap before
{Heap before GC invocations=74 (full 0):
 garbage-first heap   total 313344K, used 266607K [0x0000000080000000, 0x0000000100000000)
  region size 1024K, 51 young (52224K), 2 survivors (2048K)
 Metaspace       used 107352K, committed 108608K, reserved 557056K
  class space    used 14909K, committed 15488K, reserved 425984K
}
Event: 189.858 GC heap after
{Heap after GC invocations=75 (full 0):
 garbage-first heap   total 313344K, used 219727K [0x0000000080000000, 0x0000000100000000)
  region size 1024K, 4 young (4096K), 4 survivors (4096K)
 Metaspace       used 107352K, committed 108608K, reserved 557056K
  class space    used 14909K, committed 15488K, reserved 425984K
}

