# JRE version: OpenJDK Runtime Environment Temurin-17.0.16+8 (17.0.16+8) (build 17.0.16+8)
# Java VM: OpenJDK 64-Bit Server VM Temurin-17.0.16+8 (17.0.16+8, mixed mode, sharing, tiered, compressed oops, compressed class ptrs, g1 gc, windows-amd64)
GC Precious Log:
 CPUs: 8 total, 8 available
 Memory: 5965M
 Large Page Support: Disabled
 NUMA Support: Disabled
 Compressed Oops: Enabled (32-bit)
 Heap Region Size: 1M
 Heap Min Capacity: 8M
 Heap Initial Capacity: 94M
 Heap Max Capacity: 2G
 Pre-touch: Disabled
 Parallel Workers: 8
 Concurrent Workers: 2
 Concurrent Refinement Workers: 8
 Periodic GC: Disabled
Heap:
 garbage-first heap   total 251904K, used 229158K [0x0000000080000000, 0x0000000100000000)
  region size 1024K, 10 young (10240K), 2 survivors (2048K)
 Metaspace       used 126445K, committed 127744K, reserved 557056K
  class space    used 17118K, committed 17728K, reserved 425984K
GC Heap History (20 events):
Event: 809.465 GC heap before
{Heap before GC invocations=86 (full 0):
 garbage-first heap   total 251904K, used 218339K [0x0000000080000000, 0x0000000100000000)
  region size 1024K, 22 young (22528K), 4 survivors (4096K)
 Metaspace       used 116378K, committed 117632K, reserved 557056K
  class space    used 15921K, committed 16512K, reserved 425984K
}
Event: 809.471 GC heap after
{Heap after GC invocations=87 (full 0):
 garbage-first heap   total 251904K, used 202250K [0x0000000080000000, 0x0000000100000000)
  region size 1024K, 2 young (2048K), 2 survivors (2048K)
 Metaspace       used 116378K, committed 117632K, reserved 557056K
  class space    used 15921K, committed 16512K, reserved 425984K
}
Event: 809.823 GC heap before
{Heap before GC invocations=87 (full 0):
 garbage-first heap   total 251904K, used 218634K [0x0000000080000000, 0x0000000100000000)
  region size 1024K, 19 young (19456K), 2 survivors (2048K)
 Metaspace       used 116421K, committed 117632K, reserved 557056K
  class space    used 15921K, committed 16512K, reserved 425984K
}
Event: 809.827 GC heap after
{Heap after GC invocations=88 (full 0):
 garbage-first heap   total 251904K, used 203155K [0x0000000080000000, 0x0000000100000000)
  region size 1024K, 3 young (3072K), 3 survivors (3072K)
 Metaspace       used 116421K, committed 117632K, reserved 557056K
  class space    used 15921K, committed 16512K, reserved 425984K
}
Event: 810.274 GC heap before
{Heap before GC invocations=88 (full 0):
 garbage-first heap   total 251904K, used 218515K [0x0000000080000000, 0x0000000100000000)
  region size 1024K, 19 young (19456K), 3 survivors (3072K)
 Metaspace       used 116426K, committed 117632K, reserved 557056K
  class space    used 15921K, committed 16512K, reserved 425984K
}
Event: 810.277 GC heap after
{Heap after GC invocations=89 (full 0):
 garbage-first heap   total 251904K, used 203991K [0x0000000080000000, 0x0000000100000000)
  region size 1024K, 3 young (3072K), 3 survivors (3072K)
 Metaspace       used 116426K, committed 117632K, reserved 557056K
  class space    used 15921K, committed 16512K, reserved 425984K
}
Event: 810.773 GC heap before
{Heap before GC invocations=89 (full 0):
 garbage-first heap   total 251904K, used 220375K [0x0000000080000000, 0x0000000100000000)
  region size 1024K, 19 young (19456K), 3 survivors (3072K)
 Metaspace       used 116426K, committed 117632K, reserved 557056K
  class space    used 15921K, committed 16512K, reserved 425984K
}
Event: 810.777 GC heap after
{Heap after GC invocations=90 (full 0):
 garbage-first heap   total 251904K, used 204866K [0x0000000080000000, 0x0000000100000000)
  region size 1024K, 2 young (2048K), 2 survivors (2048K)
 Metaspace       used 116426K, committed 117632K, reserved 557056K
  class space    used 15921K, committed 16512K, reserved 425984K
}
Event: 811.044 GC heap before
{Heap before GC invocations=90 (full 0):
 garbage-first heap   total 251904K, used 224322K [0x0000000080000000, 0x0000000100000000)
  region size 1024K, 18 young (18432K), 2 survivors (2048K)
 Metaspace       used 117154K, committed 118336K, reserved 557056K
  class space    used 15990K, committed 16576K, reserved 425984K
}
Event: 811.047 GC heap after
{Heap after GC invocations=91 (full 0):
 garbage-first heap   total 251904K, used 206277K [0x0000000080000000, 0x0000000100000000)
  region size 1024K, 3 young (3072K), 3 survivors (3072K)
 Metaspace       used 117154K, committed 118336K, reserved 557056K
  class space    used 15990K, committed 16576K, reserved 425984K
}
Event: 811.508 GC heap before
{Heap before GC invocations=91 (full 0):
 garbage-first heap   total 251904K, used 221637K [0x0000000080000000, 0x0000000100000000)
  region size 1024K, 18 young (18432K), 3 survivors (3072K)
 Metaspace       used 117611K, committed 118720K, reserved 557056K
  class space    used 16050K, committed 16576K, reserved 425984K
}
Event: 811.512 GC heap after
{Heap after GC invocations=92 (full 0):
 garbage-first heap   total 251904K, used 207266K [0x0000000080000000, 0x0000000100000000)
  region size 1024K, 3 young (3072K), 3 survivors (3072K)
 Metaspace       used 117611K, committed 118720K, reserved 557056K
  class space    used 16050K, committed 16576K, reserved 425984K
}
Event: 812.300 GC heap before
{Heap before GC invocations=92 (full 0):
 garbage-first heap   total 251904K, used 223650K [0x0000000080000000, 0x0000000100000000)
  region size 1024K, 16 young (16384K), 3 survivors (3072K)
 Metaspace       used 123828K, committed 124992K, reserved 557056K
  class space    used 16818K, committed 17344K, reserved 425984K
}
Event: 812.305 GC heap after
{Heap after GC invocations=93 (full 0):
 garbage-first heap   total 251904K, used 212060K [0x0000000080000000, 0x0000000100000000)
  region size 1024K, 2 young (2048K), 2 survivors (2048K)
 Metaspace       used 123828K, committed 124992K, reserved 557056K
  class space    used 16818K, committed 17344K, reserved 425984K
}
Event: 812.472 GC heap before
{Heap before GC invocations=93 (full 0):
 garbage-first heap   total 251904K, used 224348K [0x0000000080000000, 0x0000000100000000)
  region size 1024K, 12 young (12288K), 2 survivors (2048K)
 Metaspace       used 124398K, committed 125632K, reserved 557056K
  class space    used 16872K, committed 17472K, reserved 425984K
}
Event: 812.477 GC heap after
{Heap after GC invocations=94 (full 0):
 garbage-first heap   total 251904K, used 216746K [0x0000000080000000, 0x0000000100000000)
  region size 1024K, 2 young (2048K), 2 survivors (2048K)
 Metaspace       used 124398K, committed 125632K, reserved 557056K
  class space    used 16872K, committed 17472K, reserved 425984K
}
Event: 812.803 GC heap before
{Heap before GC invocations=94 (full 0):
 garbage-first heap   total 251904K, used 226986K [0x0000000080000000, 0x0000000100000000)
  region size 1024K, 12 young (12288K), 2 survivors (2048K)
 Metaspace       used 124639K, committed 125888K, reserved 557056K
  class space    used 16907K, committed 17536K, reserved 425984K
}
Event: 812.807 GC heap after
{Heap after GC invocations=95 (full 0):
 garbage-first heap   total 251904K, used 219552K [0x0000000080000000, 0x0000000100000000)
  region size 1024K, 2 young (2048K), 2 survivors (2048K)
 Metaspace       used 124639K, committed 125888K, reserved 557056K
  class space    used 16907K, committed 17536K, reserved 425984K
}
Event: 813.012 GC heap before
{Heap before GC invocations=95 (full 0):
 garbage-first heap   total 251904K, used 229792K [0x0000000080000000, 0x0000000100000000)
  region size 1024K, 12 young (12288K), 2 survivors (2048K)
 Metaspace       used 125036K, committed 126272K, reserved 557056K
  class space    used 16933K, committed 17536K, reserved 425984K
}
Event: 813.022 GC heap after
{Heap after GC invocations=96 (full 0):
 garbage-first heap   total 251904K, used 221990K [0x0000000080000000, 0x0000000100000000)
  region size 1024K, 2 young (2048K), 2 survivors (2048K)
 Metaspace       used 125036K, committed 126272K, reserved 557056K
  class space    used 16933K, committed 17536K, reserved 425984K
}

